This is XeTeX, Version 3.141592653-2.6-0.999993 (MiKTeX 21.10) (preloaded format=xelatex 2021.11.23)  30 JAN 2022 11:56
entering extended mode
**./main_onecolumn.tex
(main_onecolumn.tex
LaTeX2e <2021-11-15>
L3 programming layer <2021-11-12> (skripta.cls
Document Class: skripta 2021/03/26 by Michal Břežný
(C:\Users\Michal\AppData\Local\Programs\MiKTeX\tex/latex/base\book.cls
Document Class: book 2021/10/04 v1.4n Standard LaTeX document class
(C:\Users\Michal\AppData\Local\Programs\MiKTeX\tex/latex/base\bk11.clo
File: bk11.clo 2021/10/04 v1.4n Standard LaTeX file (size option)
)
\c@part=\count179
\c@chapter=\count180
\c@section=\count181
\c@subsection=\count182
\c@subsubsection=\count183
\c@paragraph=\count184
\c@subparagraph=\count185
\c@figure=\count186
\c@table=\count187
\abovecaptionskip=\skip47
\belowcaptionskip=\skip48
\bibindent=\dimen138
)
(C:\Users\Michal\AppData\Local\Programs\MiKTeX\tex/latex/csquotes\csquotes.sty
Package: csquotes 2021-02-22 v5.2l context-sensitive quotations (JAW)

(C:\Users\Michal\AppData\Local\Programs\MiKTeX\tex/latex/etoolbox\etoolbox.sty
Package: etoolbox 2020/10/05 v2.5k e-TeX tools for LaTeX (JAW)
\etb@tempcnta=\count188
) (C:\Users\Michal\AppData\Local\Programs\MiKTeX\tex/latex/graphics\keyval.sty
Package: keyval 2014/10/28 v1.15 key=value parser (DPC)
\KV@toks@=\toks16
)
\csq@reset=\count189
\csq@gtype=\count190
\csq@glevel=\count191
\csq@qlevel=\count192
\csq@maxlvl=\count193
\csq@tshold=\count194
\csq@ltx@everypar=\toks17

(C:\Users\Michal\AppData\Local\Programs\MiKTeX\tex/latex/csquotes\csquotes.def
File: csquotes.def 2021-02-22 v5.2l csquotes generic definitions (JAW)
)
Package csquotes Info: Trying to load configuration file 'csquotes.cfg'...
Package csquotes Info: ... configuration file loaded successfully.
(C:\Users\Michal\AppData\Local\Programs\MiKTeX\tex/latex/csquotes\csquotes.cfg
File: csquotes.cfg 
)
Package csquotes Info: Redefining alias 'czech' -> 'czech/quotes'.
)
(C:\Users\Michal\AppData\Local\Programs\MiKTeX\tex/latex/enumitem\enumitem.sty
Package: enumitem 2019/06/20 v3.9 Customized lists
\labelindent=\skip49
\enit@outerparindent=\dimen139
\enit@toks=\toks18
\enit@inbox=\box50
\enit@count@id=\count195
\enitdp@description=\count196
) (C:\Users\Michal\AppData\Local\Programs\MiKTeX\tex/latex/booktabs\booktabs.st
y
Package: booktabs 2020/01/12 v1.61803398 Publication quality tables
\heavyrulewidth=\dimen140
\lightrulewidth=\dimen141
\cmidrulewidth=\dimen142
\belowrulesep=\dimen143
\belowbottomsep=\dimen144
\aboverulesep=\dimen145
\abovetopsep=\dimen146
\cmidrulesep=\dimen147
\cmidrulekern=\dimen148
\defaultaddspace=\dimen149
\@cmidla=\count197
\@cmidlb=\count198
\@aboverulesep=\dimen150
\@belowrulesep=\dimen151
\@thisruleclass=\count199
\@lastruleclass=\count266
\@thisrulewidth=\dimen152
) (C:\Users\Michal\AppData\Local\Programs\MiKTeX\tex/latex/xcolor\xcolor.sty
Package: xcolor 2021/10/31 v2.13 LaTeX color extensions (UK)

(C:\Users\Michal\AppData\Local\Programs\MiKTeX\tex/latex/graphics-cfg\color.cfg
File: color.cfg 2016/01/02 v1.6 sample color configuration
)
Package xcolor Info: Driver file: xetex.def on input line 227.

(C:\Users\Michal\AppData\Local\Programs\MiKTeX\tex/latex/graphics-def\xetex.def
File: xetex.def 2021/03/18 v5.0k Graphics/color driver for xetex
)
Package xcolor Info: Model `cmy' substituted by `cmy0' on input line 1352.
Package xcolor Info: Model `RGB' extended on input line 1368.
Package xcolor Info: Model `HTML' substituted by `rgb' on input line 1370.
Package xcolor Info: Model `Hsb' substituted by `hsb' on input line 1371.
Package xcolor Info: Model `tHsb' substituted by `hsb' on input line 1372.
Package xcolor Info: Model `HSB' substituted by `hsb' on input line 1373.
Package xcolor Info: Model `Gray' substituted by `gray' on input line 1374.
Package xcolor Info: Model `wave' substituted by `hsb' on input line 1375.

(C:\Users\Michal\AppData\Local\Programs\MiKTeX\tex/latex/graphics\dvipsnam.def
File: dvipsnam.def 2016/06/17 v3.0m Driver-dependent file (DPC,SPQR)
)) (C:\Users\Michal\AppData\Local\Programs\MiKTeX\tex/latex/tools\multicol.sty
Package: multicol 2021/10/28 v1.9b multicolumn formatting (FMi)
\c@tracingmulticols=\count267
\mult@box=\box51
\multicol@leftmargin=\dimen153
\c@unbalance=\count268
\c@collectmore=\count269
\doublecol@number=\count270
\multicoltolerance=\count271
\multicolpretolerance=\count272
\full@width=\dimen154
\page@free=\dimen155
\premulticols=\dimen156
\postmulticols=\dimen157
\multicolsep=\skip50
\multicolbaselineskip=\skip51
\partial@page=\box52
\last@line=\box53
\maxbalancingoverflow=\dimen158
\mult@rightbox=\box54
\mult@grightbox=\box55
\mult@firstbox=\box56
\mult@gfirstbox=\box57
\@tempa=\box58
\@tempa=\box59
\@tempa=\box60
\@tempa=\box61
\@tempa=\box62
\@tempa=\box63
\@tempa=\box64
\@tempa=\box65
\@tempa=\box66
\@tempa=\box67
\@tempa=\box68
\@tempa=\box69
\@tempa=\box70
\@tempa=\box71
\@tempa=\box72
\@tempa=\box73
\@tempa=\box74
\@tempa=\box75
\@tempa=\box76
\@tempa=\box77
\@tempa=\box78
\@tempa=\box79
\@tempa=\box80
\@tempa=\box81
\@tempa=\box82
\@tempa=\box83
\@tempa=\box84
\@tempa=\box85
\@tempa=\box86
\@tempa=\box87
\@tempa=\box88
\@tempa=\box89
\@tempa=\box90
\@tempa=\box91
\@tempa=\box92
\@tempa=\box93
\c@minrows=\count273
\c@columnbadness=\count274
\c@finalcolumnbadness=\count275
\last@try=\dimen159
\multicolovershoot=\dimen160
\multicolundershoot=\dimen161
\mult@nat@firstbox=\box94
\colbreak@box=\box95
\mc@col@check@num=\count276
)
(C:\Users\Michal\AppData\Local\Programs\MiKTeX\tex/latex/geometry\geometry.sty
Package: geometry 2020/01/02 v5.9 Page Geometry

(C:\Users\Michal\AppData\Local\Programs\MiKTeX\tex/generic/iftex\ifvtex.sty
Package: ifvtex 2019/10/25 v1.7 ifvtex legacy package. Use iftex instead.

(C:\Users\Michal\AppData\Local\Programs\MiKTeX\tex/generic/iftex\iftex.sty
Package: iftex 2020/03/06 v1.0d TeX engine tests
))
\Gm@cnth=\count277
\Gm@cntv=\count278
\c@Gm@tempcnt=\count279
\Gm@bindingoffset=\dimen162
\Gm@wd@mp=\dimen163
\Gm@odd@mp=\dimen164
\Gm@even@mp=\dimen165
\Gm@layoutwidth=\dimen166
\Gm@layoutheight=\dimen167
\Gm@layouthoffset=\dimen168
\Gm@layoutvoffset=\dimen169
\Gm@dimlist=\toks19

(C:\Users\Michal\AppData\Local\Programs\MiKTeX\tex/latex/geometry\geometry.cfg)
)
(C:\Users\Michal\AppData\Local\Programs\MiKTeX\tex/latex/graphics\graphicx.sty
Package: graphicx 2021/09/16 v1.2d Enhanced LaTeX Graphics (DPC,SPQR)

(C:\Users\Michal\AppData\Local\Programs\MiKTeX\tex/latex/graphics\graphics.sty
Package: graphics 2021/03/04 v1.4d Standard LaTeX Graphics (DPC,SPQR)

(C:\Users\Michal\AppData\Local\Programs\MiKTeX\tex/latex/graphics\trig.sty
Package: trig 2021/08/11 v1.11 sin cos tan (DPC)
)
(C:\Users\Michal\AppData\Local\Programs\MiKTeX\tex/latex/graphics-cfg\graphics.
cfg
File: graphics.cfg 2016/06/04 v1.11 sample graphics configuration
)
Package graphics Info: Driver file: xetex.def on input line 107.
)
\Gin@req@height=\dimen170
\Gin@req@width=\dimen171
)
(C:\Users\Michal\AppData\Local\Programs\MiKTeX\tex/latex/pgf/frontendlayer\tikz
.sty
(C:\Users\Michal\AppData\Local\Programs\MiKTeX\tex/latex/pgf/basiclayer\pgf.sty

(C:\Users\Michal\AppData\Local\Programs\MiKTeX\tex/latex/pgf/utilities\pgfrcs.s
ty
(C:\Users\Michal\AppData\Local\Programs\MiKTeX\tex/generic/pgf/utilities\pgfuti
l-common.tex
\pgfutil@everybye=\toks20
\pgfutil@tempdima=\dimen172
\pgfutil@tempdimb=\dimen173

(C:\Users\Michal\AppData\Local\Programs\MiKTeX\tex/generic/pgf/utilities\pgfuti
l-common-lists.tex))
(C:\Users\Michal\AppData\Local\Programs\MiKTeX\tex/generic/pgf/utilities\pgfuti
l-latex.def
\pgfutil@abb=\box96
)
(C:\Users\Michal\AppData\Local\Programs\MiKTeX\tex/generic/pgf/utilities\pgfrcs
.code.tex
(C:\Users\Michal\AppData\Local\Programs\MiKTeX\tex/generic/pgf\pgf.revision.tex
)
Package: pgfrcs 2021/05/15 v3.1.9a (3.1.9a)
))
Package: pgf 2021/05/15 v3.1.9a (3.1.9a)

(C:\Users\Michal\AppData\Local\Programs\MiKTeX\tex/latex/pgf/basiclayer\pgfcore
.sty
(C:\Users\Michal\AppData\Local\Programs\MiKTeX\tex/latex/pgf/systemlayer\pgfsys
.sty
(C:\Users\Michal\AppData\Local\Programs\MiKTeX\tex/generic/pgf/systemlayer\pgfs
ys.code.tex
Package: pgfsys 2021/05/15 v3.1.9a (3.1.9a)

(C:\Users\Michal\AppData\Local\Programs\MiKTeX\tex/generic/pgf/utilities\pgfkey
s.code.tex
\pgfkeys@pathtoks=\toks21
\pgfkeys@temptoks=\toks22

(C:\Users\Michal\AppData\Local\Programs\MiKTeX\tex/generic/pgf/utilities\pgfkey
sfiltered.code.tex
\pgfkeys@tmptoks=\toks23
))
\pgf@x=\dimen174
\pgf@y=\dimen175
\pgf@xa=\dimen176
\pgf@ya=\dimen177
\pgf@xb=\dimen178
\pgf@yb=\dimen179
\pgf@xc=\dimen180
\pgf@yc=\dimen181
\pgf@xd=\dimen182
\pgf@yd=\dimen183
\w@pgf@writea=\write3
\r@pgf@reada=\read2
\c@pgf@counta=\count280
\c@pgf@countb=\count281
\c@pgf@countc=\count282
\c@pgf@countd=\count283
\t@pgf@toka=\toks24
\t@pgf@tokb=\toks25
\t@pgf@tokc=\toks26
\pgf@sys@id@count=\count284

(C:\Users\Michal\AppData\Local\Programs\MiKTeX\tex/generic/pgf/systemlayer\pgf.
cfg
File: pgf.cfg 2021/05/15 v3.1.9a (3.1.9a)
)
Driver file for pgf: pgfsys-xetex.def

(C:\Users\Michal\AppData\Local\Programs\MiKTeX\tex/generic/pgf/systemlayer\pgfs
ys-xetex.def
File: pgfsys-xetex.def 2021/05/15 v3.1.9a (3.1.9a)

(C:\Users\Michal\AppData\Local\Programs\MiKTeX\tex/generic/pgf/systemlayer\pgfs
ys-dvipdfmx.def
File: pgfsys-dvipdfmx.def 2021/05/15 v3.1.9a (3.1.9a)

(C:\Users\Michal\AppData\Local\Programs\MiKTeX\tex/generic/pgf/systemlayer\pgfs
ys-common-pdf.def
File: pgfsys-common-pdf.def 2021/05/15 v3.1.9a (3.1.9a)
)
\pgfsys@objnum=\count285
)))
(C:\Users\Michal\AppData\Local\Programs\MiKTeX\tex/generic/pgf/systemlayer\pgfs
yssoftpath.code.tex
File: pgfsyssoftpath.code.tex 2021/05/15 v3.1.9a (3.1.9a)
\pgfsyssoftpath@smallbuffer@items=\count286
\pgfsyssoftpath@bigbuffer@items=\count287
)
(C:\Users\Michal\AppData\Local\Programs\MiKTeX\tex/generic/pgf/systemlayer\pgfs
ysprotocol.code.tex
File: pgfsysprotocol.code.tex 2021/05/15 v3.1.9a (3.1.9a)
))
(C:\Users\Michal\AppData\Local\Programs\MiKTeX\tex/generic/pgf/basiclayer\pgfco
re.code.tex
Package: pgfcore 2021/05/15 v3.1.9a (3.1.9a)

(C:\Users\Michal\AppData\Local\Programs\MiKTeX\tex/generic/pgf/math\pgfmath.cod
e.tex
(C:\Users\Michal\AppData\Local\Programs\MiKTeX\tex/generic/pgf/math\pgfmathcalc
.code.tex
(C:\Users\Michal\AppData\Local\Programs\MiKTeX\tex/generic/pgf/math\pgfmathutil
.code.tex)
(C:\Users\Michal\AppData\Local\Programs\MiKTeX\tex/generic/pgf/math\pgfmathpars
er.code.tex
\pgfmath@dimen=\dimen184
\pgfmath@count=\count288
\pgfmath@box=\box97
\pgfmath@toks=\toks27
\pgfmath@stack@operand=\toks28
\pgfmath@stack@operation=\toks29
)
(C:\Users\Michal\AppData\Local\Programs\MiKTeX\tex/generic/pgf/math\pgfmathfunc
tions.code.tex
(C:\Users\Michal\AppData\Local\Programs\MiKTeX\tex/generic/pgf/math\pgfmathfunc
tions.basic.code.tex)
(C:\Users\Michal\AppData\Local\Programs\MiKTeX\tex/generic/pgf/math\pgfmathfunc
tions.trigonometric.code.tex)
(C:\Users\Michal\AppData\Local\Programs\MiKTeX\tex/generic/pgf/math\pgfmathfunc
tions.random.code.tex)
(C:\Users\Michal\AppData\Local\Programs\MiKTeX\tex/generic/pgf/math\pgfmathfunc
tions.comparison.code.tex)
(C:\Users\Michal\AppData\Local\Programs\MiKTeX\tex/generic/pgf/math\pgfmathfunc
tions.base.code.tex)
(C:\Users\Michal\AppData\Local\Programs\MiKTeX\tex/generic/pgf/math\pgfmathfunc
tions.round.code.tex)
(C:\Users\Michal\AppData\Local\Programs\MiKTeX\tex/generic/pgf/math\pgfmathfunc
tions.misc.code.tex)
(C:\Users\Michal\AppData\Local\Programs\MiKTeX\tex/generic/pgf/math\pgfmathfunc
tions.integerarithmetics.code.tex)))
(C:\Users\Michal\AppData\Local\Programs\MiKTeX\tex/generic/pgf/math\pgfmathfloa
t.code.tex
\c@pgfmathroundto@lastzeros=\count289
))
(C:\Users\Michal\AppData\Local\Programs\MiKTeX\tex/generic/pgf/math\pgfint.code
.tex)
(C:\Users\Michal\AppData\Local\Programs\MiKTeX\tex/generic/pgf/basiclayer\pgfco
repoints.code.tex
File: pgfcorepoints.code.tex 2021/05/15 v3.1.9a (3.1.9a)
\pgf@picminx=\dimen185
\pgf@picmaxx=\dimen186
\pgf@picminy=\dimen187
\pgf@picmaxy=\dimen188
\pgf@pathminx=\dimen189
\pgf@pathmaxx=\dimen190
\pgf@pathminy=\dimen191
\pgf@pathmaxy=\dimen192
\pgf@xx=\dimen193
\pgf@xy=\dimen194
\pgf@yx=\dimen195
\pgf@yy=\dimen196
\pgf@zx=\dimen197
\pgf@zy=\dimen198
)
(C:\Users\Michal\AppData\Local\Programs\MiKTeX\tex/generic/pgf/basiclayer\pgfco
repathconstruct.code.tex
File: pgfcorepathconstruct.code.tex 2021/05/15 v3.1.9a (3.1.9a)
\pgf@path@lastx=\dimen199
\pgf@path@lasty=\dimen256
)
(C:\Users\Michal\AppData\Local\Programs\MiKTeX\tex/generic/pgf/basiclayer\pgfco
repathusage.code.tex
File: pgfcorepathusage.code.tex 2021/05/15 v3.1.9a (3.1.9a)
\pgf@shorten@end@additional=\dimen257
\pgf@shorten@start@additional=\dimen258
)
(C:\Users\Michal\AppData\Local\Programs\MiKTeX\tex/generic/pgf/basiclayer\pgfco
rescopes.code.tex
File: pgfcorescopes.code.tex 2021/05/15 v3.1.9a (3.1.9a)
\pgfpic=\box98
\pgf@hbox=\box99
\pgf@layerbox@main=\box100
\pgf@picture@serial@count=\count290
)
(C:\Users\Michal\AppData\Local\Programs\MiKTeX\tex/generic/pgf/basiclayer\pgfco
regraphicstate.code.tex
File: pgfcoregraphicstate.code.tex 2021/05/15 v3.1.9a (3.1.9a)
\pgflinewidth=\dimen259
)
(C:\Users\Michal\AppData\Local\Programs\MiKTeX\tex/generic/pgf/basiclayer\pgfco
retransformations.code.tex
File: pgfcoretransformations.code.tex 2021/05/15 v3.1.9a (3.1.9a)
\pgf@pt@x=\dimen260
\pgf@pt@y=\dimen261
\pgf@pt@temp=\dimen262
)
(C:\Users\Michal\AppData\Local\Programs\MiKTeX\tex/generic/pgf/basiclayer\pgfco
requick.code.tex
File: pgfcorequick.code.tex 2021/05/15 v3.1.9a (3.1.9a)
)
(C:\Users\Michal\AppData\Local\Programs\MiKTeX\tex/generic/pgf/basiclayer\pgfco
reobjects.code.tex
File: pgfcoreobjects.code.tex 2021/05/15 v3.1.9a (3.1.9a)
)
(C:\Users\Michal\AppData\Local\Programs\MiKTeX\tex/generic/pgf/basiclayer\pgfco
repathprocessing.code.tex
File: pgfcorepathprocessing.code.tex 2021/05/15 v3.1.9a (3.1.9a)
)
(C:\Users\Michal\AppData\Local\Programs\MiKTeX\tex/generic/pgf/basiclayer\pgfco
rearrows.code.tex
File: pgfcorearrows.code.tex 2021/05/15 v3.1.9a (3.1.9a)
\pgfarrowsep=\dimen263
)
(C:\Users\Michal\AppData\Local\Programs\MiKTeX\tex/generic/pgf/basiclayer\pgfco
reshade.code.tex
File: pgfcoreshade.code.tex 2021/05/15 v3.1.9a (3.1.9a)
\pgf@max=\dimen264
\pgf@sys@shading@range@num=\count291
\pgf@shadingcount=\count292
)
(C:\Users\Michal\AppData\Local\Programs\MiKTeX\tex/generic/pgf/basiclayer\pgfco
reimage.code.tex
File: pgfcoreimage.code.tex 2021/05/15 v3.1.9a (3.1.9a)

(C:\Users\Michal\AppData\Local\Programs\MiKTeX\tex/generic/pgf/basiclayer\pgfco
reexternal.code.tex
File: pgfcoreexternal.code.tex 2021/05/15 v3.1.9a (3.1.9a)
\pgfexternal@startupbox=\box101
))
(C:\Users\Michal\AppData\Local\Programs\MiKTeX\tex/generic/pgf/basiclayer\pgfco
relayers.code.tex
File: pgfcorelayers.code.tex 2021/05/15 v3.1.9a (3.1.9a)
)
(C:\Users\Michal\AppData\Local\Programs\MiKTeX\tex/generic/pgf/basiclayer\pgfco
retransparency.code.tex
File: pgfcoretransparency.code.tex 2021/05/15 v3.1.9a (3.1.9a)
)
(C:\Users\Michal\AppData\Local\Programs\MiKTeX\tex/generic/pgf/basiclayer\pgfco
repatterns.code.tex
File: pgfcorepatterns.code.tex 2021/05/15 v3.1.9a (3.1.9a)
)
(C:\Users\Michal\AppData\Local\Programs\MiKTeX\tex/generic/pgf/basiclayer\pgfco
rerdf.code.tex
File: pgfcorerdf.code.tex 2021/05/15 v3.1.9a (3.1.9a)
)))
(C:\Users\Michal\AppData\Local\Programs\MiKTeX\tex/generic/pgf/modules\pgfmodul
eshapes.code.tex
File: pgfmoduleshapes.code.tex 2021/05/15 v3.1.9a (3.1.9a)
\pgfnodeparttextbox=\box102
)
(C:\Users\Michal\AppData\Local\Programs\MiKTeX\tex/generic/pgf/modules\pgfmodul
eplot.code.tex
File: pgfmoduleplot.code.tex 2021/05/15 v3.1.9a (3.1.9a)
)
(C:\Users\Michal\AppData\Local\Programs\MiKTeX\tex/latex/pgf/compatibility\pgfc
omp-version-0-65.sty
Package: pgfcomp-version-0-65 2021/05/15 v3.1.9a (3.1.9a)
\pgf@nodesepstart=\dimen265
\pgf@nodesepend=\dimen266
)
(C:\Users\Michal\AppData\Local\Programs\MiKTeX\tex/latex/pgf/compatibility\pgfc
omp-version-1-18.sty
Package: pgfcomp-version-1-18 2021/05/15 v3.1.9a (3.1.9a)
))
(C:\Users\Michal\AppData\Local\Programs\MiKTeX\tex/latex/pgf/utilities\pgffor.s
ty
(C:\Users\Michal\AppData\Local\Programs\MiKTeX\tex/latex/pgf/utilities\pgfkeys.
sty
(C:\Users\Michal\AppData\Local\Programs\MiKTeX\tex/generic/pgf/utilities\pgfkey
s.code.tex))
(C:\Users\Michal\AppData\Local\Programs\MiKTeX\tex/latex/pgf/math\pgfmath.sty
(C:\Users\Michal\AppData\Local\Programs\MiKTeX\tex/generic/pgf/math\pgfmath.cod
e.tex))
(C:\Users\Michal\AppData\Local\Programs\MiKTeX\tex/generic/pgf/utilities\pgffor
.code.tex
Package: pgffor 2021/05/15 v3.1.9a (3.1.9a)

(C:\Users\Michal\AppData\Local\Programs\MiKTeX\tex/generic/pgf/math\pgfmath.cod
e.tex)
\pgffor@iter=\dimen267
\pgffor@skip=\dimen268
\pgffor@stack=\toks30
\pgffor@toks=\toks31
))
(C:\Users\Michal\AppData\Local\Programs\MiKTeX\tex/generic/pgf/frontendlayer/ti
kz\tikz.code.tex
Package: tikz 2021/05/15 v3.1.9a (3.1.9a)

(C:\Users\Michal\AppData\Local\Programs\MiKTeX\tex/generic/pgf/libraries\pgflib
raryplothandlers.code.tex
File: pgflibraryplothandlers.code.tex 2021/05/15 v3.1.9a (3.1.9a)
\pgf@plot@mark@count=\count293
\pgfplotmarksize=\dimen269
)
\tikz@lastx=\dimen270
\tikz@lasty=\dimen271
\tikz@lastxsaved=\dimen272
\tikz@lastysaved=\dimen273
\tikz@lastmovetox=\dimen274
\tikz@lastmovetoy=\dimen275
\tikzleveldistance=\dimen276
\tikzsiblingdistance=\dimen277
\tikz@figbox=\box103
\tikz@figbox@bg=\box104
\tikz@tempbox=\box105
\tikz@tempbox@bg=\box106
\tikztreelevel=\count294
\tikznumberofchildren=\count295
\tikznumberofcurrentchild=\count296
\tikz@fig@count=\count297

(C:\Users\Michal\AppData\Local\Programs\MiKTeX\tex/generic/pgf/modules\pgfmodul
ematrix.code.tex
File: pgfmodulematrix.code.tex 2021/05/15 v3.1.9a (3.1.9a)
\pgfmatrixcurrentrow=\count298
\pgfmatrixcurrentcolumn=\count299
\pgf@matrix@numberofcolumns=\count300
)
\tikz@expandcount=\count301

(C:\Users\Michal\AppData\Local\Programs\MiKTeX\tex/generic/pgf/frontendlayer/ti
kz/libraries\tikzlibrarytopaths.code.tex
File: tikzlibrarytopaths.code.tex 2021/05/15 v3.1.9a (3.1.9a)
)))
(C:\Users\Michal\AppData\Local\Programs\MiKTeX\tex/latex/fancyhdr\fancyhdr.sty
Package: fancyhdr 2021/01/28 v4.0.1 Extensive control of page headers and foote
rs
\f@nch@headwidth=\skip52
\f@nch@O@elh=\skip53
\f@nch@O@erh=\skip54
\f@nch@O@olh=\skip55
\f@nch@O@orh=\skip56
\f@nch@O@elf=\skip57
\f@nch@O@erf=\skip58
\f@nch@O@olf=\skip59
\f@nch@O@orf=\skip60
) (C:\Users\Michal\AppData\Local\Programs\MiKTeX\tex/latex/biblatex\biblatex.st
y
Package: biblatex 2020/12/31 v3.16 programmable bibliographies (PK/MW)

(C:\Users\Michal\AppData\Local\Programs\MiKTeX\tex/generic/pdftexcmds\pdftexcmd
s.sty
Package: pdftexcmds 2020-06-27 v0.33 Utility functions of pdfTeX for LuaTeX (HO
)

(C:\Users\Michal\AppData\Local\Programs\MiKTeX\tex/generic/infwarerr\infwarerr.
sty
Package: infwarerr 2019/12/03 v1.5 Providing info/warning/error messages (HO)
)
(C:\Users\Michal\AppData\Local\Programs\MiKTeX\tex/generic/ltxcmds\ltxcmds.sty
Package: ltxcmds 2020-05-10 v1.25 LaTeX kernel commands for general use (HO)
)
Package pdftexcmds Info: \pdf@primitive is available.
Package pdftexcmds Info: \pdf@ifprimitive is available.
Package pdftexcmds Info: \pdfdraftmode not found.
)
(C:\Users\Michal\AppData\Local\Programs\MiKTeX\tex/latex/kvoptions\kvoptions.st
y
Package: kvoptions 2020-10-07 v3.14 Key value format for package options (HO)

(C:\Users\Michal\AppData\Local\Programs\MiKTeX\tex/generic/kvsetkeys\kvsetkeys.
sty
Package: kvsetkeys 2019/12/15 v1.18 Key value parser (HO)
))
(C:\Users\Michal\AppData\Local\Programs\MiKTeX\tex/latex/logreq\logreq.sty
Package: logreq 2010/08/04 v1.0 xml request logger
\lrq@indent=\count302

(C:\Users\Michal\AppData\Local\Programs\MiKTeX\tex/latex/logreq\logreq.def
File: logreq.def 2010/08/04 v1.0 logreq spec v1.0
))
(C:\Users\Michal\AppData\Local\Programs\MiKTeX\tex/latex/base\ifthen.sty
Package: ifthen 2020/11/24 v1.1c Standard LaTeX ifthen package (DPC)
)
(C:\Users\Michal\AppData\Local\Programs\MiKTeX\tex/latex/url\url.sty
\Urlmuskip=\muskip16
Package: url 2013/09/16  ver 3.4  Verb mode for urls, etc.
)
\c@tabx@nest=\count303
\c@listtotal=\count304
\c@listcount=\count305
\c@liststart=\count306
\c@liststop=\count307
\c@citecount=\count308
\c@citetotal=\count309
\c@multicitecount=\count310
\c@multicitetotal=\count311
\c@instcount=\count312
\c@maxnames=\count313
\c@minnames=\count314
\c@maxitems=\count315
\c@minitems=\count316
\c@citecounter=\count317
\c@maxcitecounter=\count318
\c@savedcitecounter=\count319
\c@uniquelist=\count320
\c@uniquename=\count321
\c@refsection=\count322
\c@refsegment=\count323
\c@maxextratitle=\count324
\c@maxextratitleyear=\count325
\c@maxextraname=\count326
\c@maxextradate=\count327
\c@maxextraalpha=\count328
\c@abbrvpenalty=\count329
\c@highnamepenalty=\count330
\c@lownamepenalty=\count331
\c@maxparens=\count332
\c@parenlevel=\count333
\blx@tempcnta=\count334
\blx@tempcntb=\count335
\blx@tempcntc=\count336
\blx@maxsection=\count337
\blx@maxsegment@0=\count338
\blx@notetype=\count339
\blx@parenlevel@text=\count340
\blx@parenlevel@foot=\count341
\blx@sectionciteorder@0=\count342
\blx@entrysetcounter=\count343
\blx@biblioinstance=\count344
\labelnumberwidth=\skip61
\labelalphawidth=\skip62
\biblabelsep=\skip63
\bibitemsep=\skip64
\bibnamesep=\skip65
\bibinitsep=\skip66
\bibparsep=\skip67
\bibhang=\skip68
\blx@bcfin=\read3
\blx@bcfout=\write4
\blx@langwohyphens=\language79
\c@mincomprange=\count345
\c@maxcomprange=\count346
\c@mincompwidth=\count347
Package biblatex Info: Trying to load biblatex default data model...
Package biblatex Info: ... file 'blx-dm.def' found.

(C:\Users\Michal\AppData\Local\Programs\MiKTeX\tex/latex/biblatex\blx-dm.def
File: blx-dm.def 2020/12/31 v3.16 biblatex localization (PK/MW)
)
Package biblatex Info: Trying to load biblatex style data model...
Package biblatex Info: ... file 'authoryear.dbx' not found.
Package biblatex Info: Trying to load biblatex custom data model...
Package biblatex Info: ... file 'biblatex-dm.cfg' not found.
\c@afterword=\count348
\c@savedafterword=\count349
\c@annotator=\count350
\c@savedannotator=\count351
\c@author=\count352
\c@savedauthor=\count353
\c@bookauthor=\count354
\c@savedbookauthor=\count355
\c@commentator=\count356
\c@savedcommentator=\count357
\c@editor=\count358
\c@savededitor=\count359
\c@editora=\count360
\c@savededitora=\count361
\c@editorb=\count362
\c@savededitorb=\count363
\c@editorc=\count364
\c@savededitorc=\count365
\c@foreword=\count366
\c@savedforeword=\count367
\c@holder=\count368
\c@savedholder=\count369
\c@introduction=\count370
\c@savedintroduction=\count371
\c@namea=\count372
\c@savednamea=\count373
\c@nameb=\count374
\c@savednameb=\count375
\c@namec=\count376
\c@savednamec=\count377
\c@translator=\count378
\c@savedtranslator=\count379
\c@shortauthor=\count380
\c@savedshortauthor=\count381
\c@shorteditor=\count382
\c@savedshorteditor=\count383
\c@labelname=\count384
\c@savedlabelname=\count385
\c@institution=\count386
\c@savedinstitution=\count387
\c@lista=\count388
\c@savedlista=\count389
\c@listb=\count390
\c@savedlistb=\count391
\c@listc=\count392
\c@savedlistc=\count393
\c@listd=\count394
\c@savedlistd=\count395
\c@liste=\count396
\c@savedliste=\count397
\c@listf=\count398
\c@savedlistf=\count399
\c@location=\count400
\c@savedlocation=\count401
\c@organization=\count402
\c@savedorganization=\count403
\c@origlocation=\count404
\c@savedoriglocation=\count405
\c@origpublisher=\count406
\c@savedorigpublisher=\count407
\c@publisher=\count408
\c@savedpublisher=\count409
\c@language=\count410
\c@savedlanguage=\count411
\c@origlanguage=\count412
\c@savedoriglanguage=\count413
\c@pageref=\count414
\c@savedpageref=\count415
\shorthandwidth=\skip69
\shortjournalwidth=\skip70
\shortserieswidth=\skip71
\shorttitlewidth=\skip72
\shortauthorwidth=\skip73
\shorteditorwidth=\skip74
\locallabelnumberwidth=\skip75
\locallabelalphawidth=\skip76
\localshorthandwidth=\skip77
\localshortjournalwidth=\skip78
\localshortserieswidth=\skip79
\localshorttitlewidth=\skip80
\localshortauthorwidth=\skip81
\localshorteditorwidth=\skip82
Package biblatex Info: Trying to load enhanced support for Unicode engines...
Package biblatex Info: ... file 'blx-unicode.def' found.

(C:\Users\Michal\AppData\Local\Programs\MiKTeX\tex/latex/biblatex\blx-unicode.d
ef)
Package biblatex Info: Trying to load compatibility code...
Package biblatex Info: ... file 'blx-compat.def' found.

(C:\Users\Michal\AppData\Local\Programs\MiKTeX\tex/latex/biblatex\blx-compat.de
f
File: blx-compat.def 2020/12/31 v3.16 biblatex compatibility (PK/MW)
)
Package biblatex Info: Trying to load generic definitions...
Package biblatex Info: ... file 'biblatex.def' found.

(C:\Users\Michal\AppData\Local\Programs\MiKTeX\tex/latex/biblatex\biblatex.def
File: biblatex.def 2020/12/31 v3.16 biblatex compatibility (PK/MW)
\c@textcitecount=\count416
\c@textcitetotal=\count417
\c@textcitemaxnames=\count418
\c@biburlbigbreakpenalty=\count419
\c@biburlbreakpenalty=\count420
\c@biburlnumpenalty=\count421
\c@biburlucpenalty=\count422
\c@biburllcpenalty=\count423
\biburlbigskip=\muskip17
\biburlnumskip=\muskip18
\biburlucskip=\muskip19
\biburllcskip=\muskip20
\c@smartand=\count424
)
Package biblatex Info: Trying to load bibliography style 'authoryear'...
Package biblatex Info: ... file 'authoryear.bbx' found.

(C:\Users\Michal\AppData\Local\Programs\MiKTeX\tex/latex/biblatex/bbx\authoryea
r.bbx
File: authoryear.bbx 2020/12/31 v3.16 biblatex bibliography style (PK/MW)
Package biblatex Info: Trying to load bibliography style 'standard'...
Package biblatex Info: ... file 'standard.bbx' found.

(C:\Users\Michal\AppData\Local\Programs\MiKTeX\tex/latex/biblatex/bbx\standard.
bbx
File: standard.bbx 2020/12/31 v3.16 biblatex bibliography style (PK/MW)
\c@bbx:relatedcount=\count425
\c@bbx:relatedtotal=\count426
))
Package biblatex Info: Trying to load citation style 'authoryear'...
Package biblatex Info: ... file 'authoryear.cbx' found.

(C:\Users\Michal\AppData\Local\Programs\MiKTeX\tex/latex/biblatex/cbx\authoryea
r.cbx
File: authoryear.cbx 2020/12/31 v3.16 biblatex citation style (PK/MW)
Package biblatex Info: Redefining '\cite'.
Package biblatex Info: Redefining '\parencite'.
Package biblatex Info: Redefining '\footcite'.
Package biblatex Info: Redefining '\footcitetext'.
Package biblatex Info: Redefining '\smartcite'.
Package biblatex Info: Redefining '\textcite'.
Package biblatex Info: Redefining '\textcites'.
)
Package biblatex Info: Trying to load configuration file...
Package biblatex Info: ... file 'biblatex.cfg' found.

(C:\Users\Michal\AppData\Local\Programs\MiKTeX\tex/latex/biblatex\biblatex.cfg
File: biblatex.cfg 
)) (C:\Users\Michal\AppData\Local\Programs\MiKTeX\tex/latex/amsmath\amsmath.sty
Package: amsmath 2021/10/15 v2.17l AMS math features
\@mathmargin=\skip83

For additional information on amsmath, use the `?' option.
(C:\Users\Michal\AppData\Local\Programs\MiKTeX\tex/latex/amsmath\amstext.sty
Package: amstext 2021/08/26 v2.01 AMS text

(C:\Users\Michal\AppData\Local\Programs\MiKTeX\tex/latex/amsmath\amsgen.sty
File: amsgen.sty 1999/11/30 v2.0 generic functions
\@emptytoks=\toks32
\ex@=\dimen278
))
(C:\Users\Michal\AppData\Local\Programs\MiKTeX\tex/latex/amsmath\amsbsy.sty
Package: amsbsy 1999/11/29 v1.2d Bold Symbols
\pmbraise@=\dimen279
)
(C:\Users\Michal\AppData\Local\Programs\MiKTeX\tex/latex/amsmath\amsopn.sty
Package: amsopn 2021/08/26 v2.02 operator names
)
\inf@bad=\count427
LaTeX Info: Redefining \frac on input line 234.
\uproot@=\count428
\leftroot@=\count429
LaTeX Info: Redefining \overline on input line 399.
\classnum@=\count430
\DOTSCASE@=\count431
LaTeX Info: Redefining \ldots on input line 496.
LaTeX Info: Redefining \dots on input line 499.
LaTeX Info: Redefining \cdots on input line 620.
\Mathstrutbox@=\box107
\strutbox@=\box108
\big@size=\dimen280
LaTeX Font Info:    Redeclaring font encoding OML on input line 743.
LaTeX Font Info:    Redeclaring font encoding OMS on input line 744.
\macc@depth=\count432
\c@MaxMatrixCols=\count433
\dotsspace@=\muskip21
\c@parentequation=\count434
\dspbrk@lvl=\count435
\tag@help=\toks33
\row@=\count436
\column@=\count437
\maxfields@=\count438
\andhelp@=\toks34
\eqnshift@=\dimen281
\alignsep@=\dimen282
\tagshift@=\dimen283
\tagwidth@=\dimen284
\totwidth@=\dimen285
\lineht@=\dimen286
\@envbody=\toks35
\multlinegap=\skip84
\multlinetaggap=\skip85
\mathdisplay@stack=\toks36
LaTeX Info: Redefining \[ on input line 2938.
LaTeX Info: Redefining \] on input line 2939.
)
(C:\Users\Michal\AppData\Local\Programs\MiKTeX\tex/latex/amsfonts\amsfonts.sty
Package: amsfonts 2013/01/14 v3.01 Basic AMSFonts support
\symAMSa=\mathgroup4
\symAMSb=\mathgroup5
LaTeX Font Info:    Redeclaring math symbol \hbar on input line 98.
LaTeX Font Info:    Overwriting math alphabet `\mathfrak' in version `bold'
(Font)                  U/euf/m/n --> U/euf/b/n on input line 106.
) (C:\Users\Michal\AppData\Local\Programs\MiKTeX\tex/latex/amsfonts\amssymb.sty
Package: amssymb 2013/01/14 v3.01 AMS font symbols
) (C:\Users\Michal\AppData\Local\Programs\MiKTeX\tex/latex/amscls\amsthm.sty
Package: amsthm 2020/05/29 v2.20.6
\thm@style=\toks37
\thm@bodyfont=\toks38
\thm@headfont=\toks39
\thm@notefont=\toks40
\thm@headpunct=\toks41
\thm@preskip=\skip86
\thm@postskip=\skip87
\thm@headsep=\skip88
\dth@everypar=\toks42
)
\c@notation=\count439
)
(C:\Users\Michal\AppData\Local\Programs\MiKTeX\tex/generic/babel\babel.sty
Package: babel 2021/11/08 3.66 The Babel package
\babel@savecnt=\count440
\U@D=\dimen287
\l@unhyphenated=\language80

(C:\Users\Michal\AppData\Local\Programs\MiKTeX\tex/generic/babel\xebabel.def
(C:\Users\Michal\AppData\Local\Programs\MiKTeX\tex/generic/babel\txtbabel.def))
\bbl@readstream=\read4
\bbl@dirlevel=\count441
*************************************
* Local config file bblopts.cfg used
*
(C:\Users\Michal\AppData\Local\Programs\MiKTeX\tex/latex/arabi\bblopts.cfg
File: bblopts.cfg 2005/09/08 v0.1 add Arabic and Farsi to "declared" options of
 babel
)
(C:\Users\Michal\AppData\Local\Programs\MiKTeX\tex/latex/babel-czech\czech.ldf
Language: czech 2008/07/06 v3.1a Czech support from the babel system
Package babel Info: Making " an active character on input line 172.
\cs@wordlen=\count442
Package babel Info: Making - an active character on input line 226.
)) (C:\Users\Michal\AppData\Local\Programs\MiKTeX\tex/latex/xargs\xargs.sty
Package: xargs 2008/03/22 v1.1  extended macro definitions  (mpg)

(C:\Users\Michal\AppData\Local\Programs\MiKTeX\tex/latex/xkeyval\xkeyval.sty
Package: xkeyval 2020/11/20 v2.8 package option processing (HA)

(C:\Users\Michal\AppData\Local\Programs\MiKTeX\tex/generic/xkeyval\xkeyval.tex
(C:\Users\Michal\AppData\Local\Programs\MiKTeX\tex/generic/xkeyval\xkvutils.tex
\XKV@toks=\toks43
\XKV@tempa@toks=\toks44
)
\XKV@depth=\count443
File: xkeyval.tex 2014/12/03 v2.7a key=value parser (HA)
))
\xargs@max=\count444
\xargs@toksa=\toks45
\xargs@toksb=\toks46
)
(C:\Users\Michal\AppData\Local\Programs\MiKTeX\tex/latex/titlesec\titlesec.sty
Package: titlesec 2021/07/05 v2.14 Sectioning titles
\ttl@box=\box109
\beforetitleunit=\skip89
\aftertitleunit=\skip90
\ttl@plus=\dimen288
\ttl@minus=\dimen289
\ttl@toksa=\toks47
\titlewidth=\dimen290
\titlewidthlast=\dimen291
\titlewidthfirst=\dimen292
) (C:\Users\Michal\AppData\Local\Programs\MiKTeX\tex/latex/multirow\multirow.st
y
Package: multirow 2021/03/15 v2.8 Span multiple rows of a table
\multirow@colwidth=\skip91
\multirow@cntb=\count445
\multirow@dima=\skip92
\bigstrutjot=\dimen293
) (C:\Users\Michal\AppData\Local\Programs\MiKTeX\tex/latex/tools\tabularx.sty
Package: tabularx 2020/01/15 v2.11c `tabularx' package (DPC)

(C:\Users\Michal\AppData\Local\Programs\MiKTeX\tex/latex/tools\array.sty
Package: array 2021/10/04 v2.5f Tabular extension package (FMi)
\col@sep=\dimen294
\ar@mcellbox=\box110
\extrarowheight=\dimen295
\NC@list=\toks48
\extratabsurround=\skip93
\backup@length=\skip94
\ar@cellbox=\box111
)
\TX@col@width=\dimen296
\TX@old@table=\dimen297
\TX@old@col=\dimen298
\TX@target=\dimen299
\TX@delta=\dimen300
\TX@cols=\count446
\TX@ftn=\toks49
)
(C:\Users\Michal\AppData\Local\Programs\MiKTeX\tex/latex/regexpatch\regexpatch.
sty (C:\Users\Michal\AppData\Local\Programs\MiKTeX\tex/latex/l3kernel\expl3.sty
Package: expl3 2021-11-12 L3 programming layer (loader) 

(C:\Users\Michal\AppData\Local\Programs\MiKTeX\tex/latex/l3backend\l3backend-xe
tex.def
File: l3backend-xetex.def 2021-10-18 L3 backend support: XeTeX
 ()
\c__kernel_sys_dvipdfmx_version_int=\count447
\l__color_backend_stack_int=\count448
\g__color_backend_stack_int=\count449
\g__graphics_track_int=\count450
\l__pdf_internal_box=\box112
\g__pdf_backend_object_int=\count451
\g__pdf_backend_annotation_int=\count452
\g__pdf_backend_link_int=\count453
))
Package: regexpatch 2021/03/21 v0.2f Extending etoolbox patching commands

(C:\Users\Michal\AppData\Local\Programs\MiKTeX\tex/latex/l3packages/xparse\xpar
se.sty
Package: xparse 2021-11-12 L3 Experimental document command parser
))
(C:\Users\Michal\AppData\Local\Programs\MiKTeX\tex/latex/was\icomma.sty
Package: icomma 2002/03/10 v2.0 (WaS)
)
(C:\Users\Michal\AppData\Local\Programs\MiKTeX\tex/latex/siunitx\siunitx.sty
Package: siunitx 2021-11-03 v3.0.35 A comprehensive (SI) units package
\l__siunitx_angle_tmp_dim=\dimen301
\l__siunitx_angle_marker_box=\box113
\l__siunitx_angle_unit_box=\box114
\l__siunitx_compound_count_int=\count454

(C:\Users\Michal\AppData\Local\Programs\MiKTeX\tex/latex/translations\translati
ons.sty
Package: translations 2021/01/17 v1.10a internationalization of LaTeX2e package
s (CN)
)
\l__siunitx_number_exponent_fixed_int=\count455
\l__siunitx_number_min_decimal_int=\count456
\l__siunitx_number_min_integer_int=\count457
\l__siunitx_number_round_precision_int=\count458
\l__siunitx_number_group_minimum_int=\count459
\l__siunitx_table_tmp_box=\box115
\l__siunitx_table_tmp_dim=\dimen302
\l__siunitx_table_column_width_dim=\dimen303
\l__siunitx_table_integer_box=\box116
\l__siunitx_table_decimal_box=\box117
\l__siunitx_table_before_box=\box118
\l__siunitx_table_after_box=\box119
\l__siunitx_table_before_dim=\dimen304
\l__siunitx_table_carry_dim=\dimen305
\l__siunitx_unit_tmp_int=\count460
\l__siunitx_unit_position_int=\count461
\l__siunitx_unit_total_int=\count462

(C:\Users\Michal\AppData\Local\Programs\MiKTeX\tex/latex/l3packages/l3keys2e\l3
keys2e.sty
Package: l3keys2e 2021-11-12 LaTeX2e option processing using LaTeX3 keys
))
(C:\Users\Michal\AppData\Local\Programs\MiKTeX\tex/latex/eqexpl\eqexpl.sty
Package: eqexpl 2019/05/15 v. 1.1

(C:\Users\Michal\AppData\Local\Programs\MiKTeX\tex/latex/tools\calc.sty
Package: calc 2017/05/25 v4.3 Infix arithmetic (KKT,FJ)
\calc@Acount=\count463
\calc@Bcount=\count464
\calc@Adimen=\dimen306
\calc@Bdimen=\dimen307
\calc@Askip=\skip95
\calc@Bskip=\skip96
LaTeX Info: Redefining \setlength on input line 80.
LaTeX Info: Redefining \addtolength on input line 81.
\calc@Ccount=\count465
\calc@Cskip=\skip97
)
\eqexplSpaceWidth=\skip98
\itemWidth=\skip99
\leftSideWidth=\skip100
)
(C:\Users\Michal\AppData\Local\Programs\MiKTeX\tex/latex/mhchem\mhchem.sty
Package: mhchem 2018/06/22 v4.08 for typesetting chemical formulae

(C:\Users\Michal\AppData\Local\Programs\MiKTeX\tex/latex/chemgreek\chemgreek.st
y
Package: chemgreek 2020/01/16 v1.1a interface for upright Greek letters for use
 in chemistry (CN)
\l__chemgreek_tmpa_int=\count466
\g__chemgreek_tmpa_int=\count467
)
\l__mhchem_ce_distanceFromLastComma_int=\count468
\__mhchem_arrow_extPgfLength_skip=\skip101
\mhchem@minispace@tmp=\skip102
\mhchem@minibackspace@tmp=\skip103
\mhchem@bondwidth=\skip104
\mhchem@bondheight=\skip105
\mhchem@smallbondwidth@tmpA=\skip106
\mhchem@smallbondwidth@tmpB=\skip107
\mhchem@smallbondwidth=\skip108
\mhchem@bondtmp@minussidebearingleft=\skip109
\mhchem@bondtmp@minussidebearingright=\skip110
\l__mhchem_option_version_int=\count469
\mhchem@option@minusmathsidebearingleft=\dimen308
\mhchem@option@minusmathsidebearingright=\dimen309
\mhchem@option@minustextsidebearingleft=\dimen310
\mhchem@option@minustextsidebearingright=\dimen311
) (C:\Users\Michal\AppData\Local\Programs\MiKTeX\tex/latex/units\nicefrac.sty
Package: nicefrac 1998/08/04 v0.9b Nice fractions
\L@UnitsRaiseDisplaystyle=\skip111
\L@UnitsRaiseTextstyle=\skip112
\L@UnitsRaiseScriptstyle=\skip113
LaTeX Info: Redefining \nicefrac on input line 131.
) (C:\Users\Michal\AppData\Local\Programs\MiKTeX\tex/latex/tools\longtable.sty
Package: longtable 2021-09-01 v4.17 Multi-page Table package (DPC)
\LTleft=\skip114
\LTright=\skip115
\LTpre=\skip116
\LTpost=\skip117
\LTchunksize=\count470
\LTcapwidth=\dimen312
\LT@head=\box120
\LT@firsthead=\box121
\LT@foot=\box122
\LT@lastfoot=\box123
\LT@gbox=\box124
\LT@cols=\count471
\LT@rows=\count472
\c@LT@tables=\count473
\c@LT@chunks=\count474
\LT@p@ftn=\toks50
)
(C:\Users\Michal\AppData\Local\Programs\MiKTeX\tex/latex/pdflscape\pdflscape.st
y
Package: pdflscape 2019/12/05 v0.12 Display of landscape pages in PDF (HO)
 (C:\Users\Michal\AppData\Local\Programs\MiKTeX\tex/latex/graphics\lscape.sty
Package: lscape 2020/05/28 v3.02 Landscape Pages (DPC)
)
Package pdflscape Info: Auto-detected driver: dvipdfm (xetex) on input line 98.

(C:\Users\Michal\AppData\Local\Programs\MiKTeX\tex/latex/base\atbegshi-ltx.sty
Package: atbegshi-ltx 2021/01/10 v1.0c Emulation of the original atbegshi
package with kernel methods
))
(C:\Users\Michal\AppData\Local\Programs\MiKTeX\tex/latex/graphics\rotating.sty
Package: rotating 2016/08/11 v2.16d rotated objects in LaTeX
\c@r@tfl@t=\count475
\rotFPtop=\skip118
\rotFPbot=\skip119
\rot@float@box=\box125
\rot@mess@toks=\toks51
)
(C:\Users\Michal\AppData\Local\Programs\MiKTeX\tex/latex/tcolorbox\tcolorbox.st
y
Package: tcolorbox 2021/06/14 version 4.51 text color boxes
 (C:\Users\Michal\AppData\Local\Programs\MiKTeX\tex/latex/tools\verbatim.sty
Package: verbatim 2020-07-07 v1.5u LaTeX2e package for verbatim enhancements
\every@verbatim=\toks52
\verbatim@line=\toks53
\verbatim@in@stream=\read5
)
(C:\Users\Michal\AppData\Local\Programs\MiKTeX\tex/latex/environ\environ.sty
Package: environ 2014/05/04 v0.3 A new way to define environments

(C:\Users\Michal\AppData\Local\Programs\MiKTeX\tex/latex/trimspaces\trimspaces.
sty
Package: trimspaces 2009/09/17 v1.1 Trim spaces around a token list
))
\tcb@titlebox=\box126
\tcb@upperbox=\box127
\tcb@lowerbox=\box128
\tcb@phantombox=\box129
\c@tcbbreakpart=\count476
\c@tcblayer=\count477
\c@tcolorbox@number=\count478
\tcb@temp=\box130
\tcb@temp=\box131
\tcb@temp=\box132
\tcb@temp=\box133
)
(C:\Users\Michal\AppData\Local\Programs\MiKTeX\tex/latex/todonotes\todonotes.st
y
Package: todonotes 2021/06/04 v1.1.5 Todonotes source and documentation.
Package: todonotes 2021/06/04

(C:\Users\Michal\AppData\Local\Programs\MiKTeX\tex/generic/pgf/frontendlayer/ti
kz/libraries\tikzlibrarypositioning.code.tex
File: tikzlibrarypositioning.code.tex 2021/05/15 v3.1.9a (3.1.9a)
)
\c@@todonotes@numberoftodonotes=\count479
)
(C:\Users\Michal\AppData\Local\Programs\MiKTeX\tex/latex/hyperref\hyperref.sty
Package: hyperref 2021-06-07 v7.00m Hypertext links for LaTeX

(C:\Users\Michal\AppData\Local\Programs\MiKTeX\tex/generic/kvdefinekeys\kvdefin
ekeys.sty
Package: kvdefinekeys 2019-12-19 v1.6 Define keys (HO)
)
(C:\Users\Michal\AppData\Local\Programs\MiKTeX\tex/generic/pdfescape\pdfescape.
sty
Package: pdfescape 2019/12/09 v1.15 Implements pdfTeX's escape features (HO)
)
(C:\Users\Michal\AppData\Local\Programs\MiKTeX\tex/latex/hycolor\hycolor.sty
Package: hycolor 2020-01-27 v1.10 Color options for hyperref/bookmark (HO)
)
(C:\Users\Michal\AppData\Local\Programs\MiKTeX\tex/latex/letltxmacro\letltxmacr
o.sty
Package: letltxmacro 2019/12/03 v1.6 Let assignment for LaTeX macros (HO)
)
(C:\Users\Michal\AppData\Local\Programs\MiKTeX\tex/latex/auxhook\auxhook.sty
Package: auxhook 2019-12-17 v1.6 Hooks for auxiliary files (HO)
)
\@linkdim=\dimen313
\Hy@linkcounter=\count480
\Hy@pagecounter=\count481

(C:\Users\Michal\AppData\Local\Programs\MiKTeX\tex/latex/hyperref\pd1enc.def
File: pd1enc.def 2021-06-07 v7.00m Hyperref: PDFDocEncoding definition (HO)
)
(C:\Users\Michal\AppData\Local\Programs\MiKTeX\tex/latex/hyperref\hyperref-lang
patches.def
File: hyperref-langpatches.def 2021-06-07 v7.00m Hyperref: patches for babel la
nguages
)
(C:\Users\Michal\AppData\Local\Programs\MiKTeX\tex/generic/intcalc\intcalc.sty
Package: intcalc 2019/12/15 v1.3 Expandable calculations with integers (HO)
)
(C:\Users\Michal\AppData\Local\Programs\MiKTeX\tex/generic/etexcmds\etexcmds.st
y
Package: etexcmds 2019/12/15 v1.7 Avoid name clashes with e-TeX commands (HO)
)
\Hy@SavedSpaceFactor=\count482
 (C:\Users\Michal\AppData\Local\Programs\MiKTeX\tex/latex/hyperref\puenc.def
File: puenc.def 2021-06-07 v7.00m Hyperref: PDF Unicode definition (HO)
)
Package hyperref Info: Hyper figures OFF on input line 4192.
Package hyperref Info: Link nesting OFF on input line 4197.
Package hyperref Info: Hyper index ON on input line 4200.
Package hyperref Info: Plain pages OFF on input line 4207.
Package hyperref Info: Backreferencing OFF on input line 4212.
Package hyperref Info: Implicit mode ON; LaTeX internals redefined.
Package hyperref Info: Bookmarks ON on input line 4445.
\c@Hy@tempcnt=\count483
LaTeX Info: Redefining \url on input line 4804.
\XeTeXLinkMargin=\dimen314
(C:\Users\Michal\AppData\Local\Programs\MiKTeX\tex/generic/bitset\bitset.sty
Package: bitset 2019/12/09 v1.3 Handle bit-vector datatype (HO)

(C:\Users\Michal\AppData\Local\Programs\MiKTeX\tex/generic/bigintcalc\bigintcal
c.sty
Package: bigintcalc 2019/12/15 v1.5 Expandable calculations on big integers (HO
)
))
\Fld@menulength=\count484
\Field@Width=\dimen315
\Fld@charsize=\dimen316
Package hyperref Info: Hyper figures OFF on input line 6076.
Package hyperref Info: Link nesting OFF on input line 6081.
Package hyperref Info: Hyper index ON on input line 6084.
Package hyperref Info: backreferencing OFF on input line 6091.
Package hyperref Info: Link coloring OFF on input line 6096.
Package hyperref Info: Link coloring with OCG OFF on input line 6101.
Package hyperref Info: PDF/A mode OFF on input line 6106.
LaTeX Info: Redefining \ref on input line 6146.
LaTeX Info: Redefining \pageref on input line 6150.
\Hy@abspage=\count485
\c@Item=\count486
\c@Hfootnote=\count487
)
Package hyperref Info: Driver (autodetected): hxetex.

(C:\Users\Michal\AppData\Local\Programs\MiKTeX\tex/latex/hyperref\hxetex.def
File: hxetex.def 2021-06-07 v7.00m Hyperref driver for XeTeX

(C:\Users\Michal\AppData\Local\Programs\MiKTeX\tex/generic/stringenc\stringenc.
sty
Package: stringenc 2019/11/29 v1.12 Convert strings between diff. encodings (HO
)
)
\pdfm@box=\box134
\c@Hy@AnnotLevel=\count488
\HyField@AnnotCount=\count489
\Fld@listcount=\count490
\c@bookmark@seq@number=\count491

(C:\Users\Michal\AppData\Local\Programs\MiKTeX\tex/latex/rerunfilecheck\rerunfi
lecheck.sty
Package: rerunfilecheck 2019/12/05 v1.9 Rerun checks for auxiliary files (HO)

(C:\Users\Michal\AppData\Local\Programs\MiKTeX\tex/latex/base\atveryend-ltx.sty
Package: atveryend-ltx 2020/08/19 v1.0a Emulation of the original atveryend pac
kage
with kernel methods
)
(C:\Users\Michal\AppData\Local\Programs\MiKTeX\tex/generic/uniquecounter\unique
counter.sty
Package: uniquecounter 2019/12/15 v1.4 Provide unlimited unique counter (HO)
)
Package uniquecounter Info: New unique counter `rerunfilecheck' on input line 2
86.
)
\Hy@SectionHShift=\skip120
)
Package csquotes Info: Checking for multilingual support...
Package csquotes Info: ... found 'babel' package.
Package csquotes Info: Adjusting default style.
Package csquotes Info: Redefining alias 'default' -> 'czech'.
 (main_onecolumn.aux

LaTeX Warning: Label `key' multiply defined.

)
\openout1 = `main_onecolumn.aux'.

LaTeX Font Info:    Checking defaults for OML/cmm/m/it on input line 149.
LaTeX Font Info:    ... okay on input line 149.
LaTeX Font Info:    Checking defaults for OMS/cmsy/m/n on input line 149.
LaTeX Font Info:    ... okay on input line 149.
LaTeX Font Info:    Checking defaults for OT1/cmr/m/n on input line 149.
LaTeX Font Info:    ... okay on input line 149.
LaTeX Font Info:    Checking defaults for T1/cmr/m/n on input line 149.
LaTeX Font Info:    ... okay on input line 149.
LaTeX Font Info:    Checking defaults for TS1/cmr/m/n on input line 149.
LaTeX Font Info:    Trying to load font information for TS1+cmr on input line 1
49.
 (C:\Users\Michal\AppData\Local\Programs\MiKTeX\tex/latex/base\ts1cmr.fd
File: ts1cmr.fd 2019/12/16 v2.5j Standard LaTeX font definitions
)
LaTeX Font Info:    ... okay on input line 149.
LaTeX Font Info:    Checking defaults for TU/lmr/m/n on input line 149.
LaTeX Font Info:    ... okay on input line 149.
LaTeX Font Info:    Checking defaults for OMX/cmex/m/n on input line 149.
LaTeX Font Info:    ... okay on input line 149.
LaTeX Font Info:    Checking defaults for U/cmr/m/n on input line 149.
LaTeX Font Info:    ... okay on input line 149.
LaTeX Font Info:    Checking defaults for PD1/pdf/m/n on input line 149.
LaTeX Font Info:    ... okay on input line 149.
LaTeX Font Info:    Checking defaults for PU/pdf/m/n on input line 149.
LaTeX Font Info:    ... okay on input line 149.

*geometry* driver: auto-detecting
*geometry* detected driver: xetex
*geometry* verbose mode - [ preamble ] result:
* driver: xetex
* paper: a4paper
* layout: <same size as paper>
* layoutoffset:(h,v)=(0.0pt,0.0pt)
* modes: twoside 
* h-part:(L,W,R)=(56.9055pt, 483.69687pt, 56.9055pt)
* v-part:(T,H,B)=(42.67912pt, 745.46222pt, 56.9055pt)
* \paperwidth=597.50787pt
* \paperheight=845.04684pt
* \textwidth=483.69687pt
* \textheight=745.46222pt
* \oddsidemargin=-15.36449pt
* \evensidemargin=-15.36449pt
* \topmargin=-53.59087pt
* \headheight=15.0pt
* \headsep=10.0pt
* \topskip=11.0pt
* \footskip=28.45274pt
* \marginparwidth=56.9055pt
* \marginparsep=10.0pt
* \columnsep=10.0pt
* \skip\footins=10.0pt plus 4.0pt minus 2.0pt
* \hoffset=0.0pt
* \voffset=0.0pt
* \mag=1000
* \@twocolumntrue
* \@twosidetrue
* \@mparswitchtrue
* \@reversemarginfalse
* (1in=72.27pt=25.4mm, 1cm=28.453pt)

Package biblatex Info: Trying to load language 'czech'...
Package biblatex Info: ... file 'czech.lbx' found.

(C:\Users\Michal\AppData\Local\Programs\MiKTeX\tex/latex/biblatex/lbx\czech.lbx
File: czech.lbx 2020/12/31 v3.16 biblatex localization (PK/MW)
)
Package biblatex Info: XeTeX detected.
(biblatex)             Assuming input encoding 'utf8'.
Package biblatex Info: Automatic encoding selection.
(biblatex)             Assuming data encoding 'utf8'.
Package biblatex Info: Document encoding is UTF8 ....
Package biblatex Info: ... and expl3
(biblatex)             2021-11-12 L3 programming layer (loader) 
(biblatex)             is new enough (at least 2020/04/06),
(biblatex)             setting 'casechanger=expl3'.

(C:\Users\Michal\AppData\Local\Programs\MiKTeX\tex/latex/biblatex\blx-case-expl
3.sty
Package: blx-case-expl3 2020/12/31 v3.16 expl3 case changing code for biblatex
)
\openout4 = `main_onecolumn.bcf'.

Package biblatex Info: Trying to load bibliographic data...
Package biblatex Info: ... file 'main_onecolumn.bbl' found.
 (main_onecolumn.bbl)
Package biblatex Info: Reference section=0 on input line 149.
Package biblatex Info: Reference segment=0 on input line 149.
Package translations Info: no dictionary file `translations-basic-dictionary-cz
ech.trsl' found. on input line 149.

Package chemgreek Info: Activating mapping `default' on line 149.

Package hyperref Info: Link coloring OFF on input line 149.

(C:\Users\Michal\AppData\Local\Programs\MiKTeX\tex/latex/hyperref\nameref.sty
Package: nameref 2021-04-02 v2.47 Cross-referencing by name of section

(C:\Users\Michal\AppData\Local\Programs\MiKTeX\tex/latex/refcount\refcount.sty
Package: refcount 2019/12/15 v3.6 Data extraction from label references (HO)
)
(C:\Users\Michal\AppData\Local\Programs\MiKTeX\tex/generic/gettitlestring\getti
tlestring.sty
Package: gettitlestring 2019/12/15 v1.6 Cleanup title references (HO)
)
\c@section@level=\count492
)
LaTeX Info: Redefining \ref on input line 149.
LaTeX Info: Redefining \pageref on input line 149.
LaTeX Info: Redefining \nameref on input line 149.
 (main_onecolumn.out) (main_onecolumn.out)
\@outlinefile=\write5
\openout5 = `main_onecolumn.out'.

 (text/title.tex
File: obrazky/logo/logo_cze.png Graphic file (type bmp)
<obrazky/logo/logo_cze.png>
)
[1


] [2


] (text/preface.tex) (main_onecolumn.toc
LaTeX Font Info:    Trying to load font information for U+msa on input line 8.

(C:\Users\Michal\AppData\Local\Programs\MiKTeX\tex/latex/amsfonts\umsa.fd
File: umsa.fd 2013/01/14 v3.01 AMS symbols A
)
LaTeX Font Info:    Trying to load font information for U+msb on input line 8.

(C:\Users\Michal\AppData\Local\Programs\MiKTeX\tex/latex/amsfonts\umsb.fd
File: umsb.fd 2013/01/14 v3.01 AMS symbols B
)
[1

] [2] [3])
\tf@toc=\write6
\openout6 = `main_onecolumn.toc'.

 [4] [1



] [2]
Kapitola 1.
(text/uvod.tex
File: obrazky/uvod/diagram_geomorf.pdf Graphic file (type pdf)
<use obrazky/uvod/diagram_geomorf.pdf>

Underfull \hbox (badness 3029) in paragraph at lines 32--32
[]|\TU/lmr/m/n/10.95 Vliv půdních vlastností na stabilitu
 []


LaTeX Warning: Citation 'summerfieldGlobalGeomorphologyIntroduction1999a' on pa
ge 3 undefined on input line 33.


LaTeX Warning: Citation 'summerfieldGlobalGeomorphologyIntroduction1999a' on pa
ge 3 undefined on input line 33.


LaTeX Warning: `h' float specifier changed to `ht'.

[3

] [4]
File: obrazky/uvod/davies.jpeg Graphic file (type bmp)
<obrazky/uvod/davies.jpeg>

Underfull \hbox (badness 10000) in paragraph at lines 68--68
[]\TU/lmr/m/n/10.95 Obrázek 1.2: []William Morris Davies (zdroj: Bibliothèque n
ationale de France
 []

[5]) [6]
Kapitola 2.
(text/zakl_konc.tex
File: obrazky/uvod/zmeny_vysky.pdf Graphic file (type pdf)
<use obrazky/uvod/zmeny_vysky.pdf>


LaTeX Warning: Citation 'summerfieldGlobalGeomorphologyIntroduction1999a' on pa
ge 7 undefined on input line 18.


LaTeX Warning: Citation 'summerfieldGlobalGeomorphologyIntroduction1999a' on pa
ge 7 undefined on input line 18.


LaTeX Warning: `h' float specifier changed to `ht'.

[7

] [8]
File: obrazky/uvod/frekvence.jpg Graphic file (type bmp)
<obrazky/uvod/frekvence.jpg>


LaTeX Warning: `h' float specifier changed to `ht'.

) [9] [10] [11] [12

] [13] [14]
Kapitola 3.
(text/globalni.tex
File: ./obrazky//./tectonic/Earth_cutaway_schematic-en.pdf Graphic file (type p
df)
<use ./obrazky//./tectonic/Earth_cutaway_schematic-en.pdf>


LaTeX Warning: `h' float specifier changed to `ht'.

File: ./obrazky//./tectonic/Plates_tect_cs.svg.png Graphic file (type bmp)
<./obrazky//./tectonic/Plates_tect_cs.svg.png>

LaTeX Warning: `h' float specifier changed to `ht'.

[15

]
File: obrazky/tectonic/Tectonic_plate_boundaries.png Graphic file (type bmp)
<obrazky/tectonic/Tectonic_plate_boundaries.png>


LaTeX Warning: `h' float specifier changed to `ht'.


LaTeX Warning: No positions in optional float specifier.
               Default added (so using `tbp') on input line 44.


Underfull \hbox (badness 10000) in paragraph at lines 61--61
[]|\TU/lmr/m/n/10.95 Oceánská–
 []


Underfull \hbox (badness 10000) in paragraph at lines 61--61
[]|\TU/lmr/m/n/10.95 Oceánská–
 []


Underfull \hbox (badness 10000) in paragraph at lines 61--61
\TU/lmr/m/n/10.95 kontinentální
 []


Underfull \hbox (badness 10000) in paragraph at lines 61--61
[]|\TU/lmr/m/n/10.95 Kontinentální–
 []


Underfull \hbox (badness 10000) in paragraph at lines 61--61
\TU/lmr/m/n/10.95 kontinentální
 []


Underfull \hbox (badness 10000) in paragraph at lines 61--61
[]|\TU/lmr/m/n/10.95 Středooceánský
 []


Underfull \hbox (badness 1990) in paragraph at lines 61--61
[]|\TU/lmr/m/n/10.95 Oceánský příkop
 []


Underfull \hbox (badness 10000) in paragraph at lines 61--61
[]|\TU/lmr/m/n/10.95 Oceánský pří-
 []


Underfull \hbox (badness 10000) in paragraph at lines 61--61
\TU/lmr/m/n/10.95 kop, pásemná
 []


Underfull \hbox (badness 2343) in paragraph at lines 61--61
\TU/lmr/m/n/10.95 pohoří na okra-
 []


Underfull \hbox (badness 1087) in paragraph at lines 61--61
\TU/lmr/m/n/10.95 jích kontinenů a
 []


Underfull \hbox (badness 10000) in paragraph at lines 61--61
[]|\TU/lmr/m/n/10.95 Komplexní ko-
 []


Underfull \hbox (badness 1810) in paragraph at lines 61--61
[]|\TU/lmr/m/n/10.95 Pásemná pohoří,
 []


Underfull \hbox (badness 10000) in paragraph at lines 61--61
\TU/lmr/m/n/10.95 omezená vulka-
 []


Underfull \hbox (badness 10000) in paragraph at lines 61--61
[]|\TU/lmr/m/n/10.95 Zlomová zóna,
 []

File: obrazky/tectonic/global_seismicity_h.jpg Graphic file (type bmp)
<obrazky/tectonic/global_seismicity_h.jpg>

LaTeX Warning: `h' float specifier changed to `ht'.

[16]
File: obrazky/tectonic/isostasy.jpg Graphic file (type bmp)
<obrazky/tectonic/isostasy.jpg>


LaTeX Warning: `h' float specifier changed to `ht'.


Underfull \vbox (badness 10000) has occurred while \output is active []

 [17]
File: obrazky/tectonic/Hawaii_hotspot.jpg Graphic file (type bmp)
<obrazky/tectonic/Hawaii_hotspot.jpg>

Overfull \hbox (25.14291pt too wide) in paragraph at lines 95--96
 [][] 
 []

[18]
File: obrazky/tectonic/World_geologic_provinces.jpg Graphic file (type bmp)
<obrazky/tectonic/World_geologic_provinces.jpg>
) [19] [20] [21] [22

]
Kapitola 4.
(text/tektonicka.tex [23]
File: obrazky/tectonic/zlomy.png Graphic file (type bmp)
<obrazky/tectonic/zlomy.png>


LaTeX Warning: Float too large for page by 261.89345pt on input line 47.


LaTeX Warning: `h' float specifier changed to `ht'.

File: obrazky/tectonic/san_andreas.jpg Graphic file (type bmp)
<obrazky/tectonic/san_andreas.jpg>
File: obrazky/tectonic/pokles.jpg Graphic file (type bmp)
<obrazky/tectonic/pokles.jpg>
File: obrazky/tectonic/facety.png Graphic file (type bmp)
<obrazky/tectonic/facety.png>
[24]

LaTeX Warning: `h' float specifier changed to `ht'.

File: obrazky/tectonic/fault_scarp.png Graphic file (type bmp)
<obrazky/tectonic/fault_scarp.png>

LaTeX Warning: `h' float specifier changed to `ht'.

[25]
File: obrazky/tectonic/fold_parts.pdf Graphic file (type pdf)
<use obrazky/tectonic/fold_parts.pdf>


LaTeX Warning: `h' float specifier changed to `ht'.

File: obrazky/tectonic/zagros.jpg Graphic file (type bmp)
<obrazky/tectonic/zagros.jpg>

LaTeX Warning: `h' float specifier changed to `ht'.

File: obrazky/tectonic/apalachian.jpg Graphic file (type bmp)
<obrazky/tectonic/apalachian.jpg>

LaTeX Warning: `h' float specifier changed to `ht'.

File: obrazky/tectonic/strukturni_tvary.png Graphic file (type bmp)
<obrazky/tectonic/strukturni_tvary.png>

LaTeX Warning: `h' float specifier changed to `ht'.


Underfull \vbox (badness 1931) has occurred while \output is active []

 [26])
[27] [28] [29] [30] [31] [32] [33] [34]
Kapitola 5.
(text/sopky.tex
File: obrazky/sopky/zila.jpg Graphic file (type bmp)
<obrazky/sopky/zila.jpg>


LaTeX Warning: `h' float specifier changed to `ht'.

File: obrazky/sopky/Intrusion_types.png Graphic file (type bmp)
<obrazky/sopky/Intrusion_types.png>

LaTeX Warning: `h' float specifier changed to `ht'.

[35

]

LaTeX Warning: No positions in optional float specifier.
               Default added (so using `tbp') on input line 39.


Underfull \hbox (badness 1292) in paragraph at lines 65--65
[]|\TU/lmr/m/n/9 Basické, nízká visko-
 []


Underfull \hbox (badness 1292) in paragraph at lines 65--65
[]|\TU/lmr/m/n/9 Basické, nízká visko-
 []


Underfull \hbox (badness 3417) in paragraph at lines 65--65
\TU/lmr/m/n/9 výlevy z centrálních
 []


Underfull \hbox (badness 1466) in paragraph at lines 65--65
[]|\TU/lmr/m/n/9 Lávové proudy často
 []


Underfull \hbox (badness 1270) in paragraph at lines 65--65
[]|\TU/lmr/m/n/9 Sypaný kužel; explo-
 []


Underfull \hbox (badness 10000) in paragraph at lines 65--65
[]|\TU/lmr/m/n/9 Vesuviánská (silná
 []


Underfull \hbox (badness 1466) in paragraph at lines 65--65
[]|\TU/lmr/m/n/9 Lávové proudy často
 []


Underfull \hbox (badness 1270) in paragraph at lines 65--65
[]|\TU/lmr/m/n/9 Sypaný kužel; explo-
 []


Underfull \hbox (badness 10000) in paragraph at lines 65--65
[]|\TU/lmr/m/n/9 Plinijská (extrémně
 []


Underfull \hbox (badness 10000) in paragraph at lines 65--65
[]|\TU/lmr/m/n/9 Rozsáhlé sopečné
 []


LaTeX Warning: Citation 'summerfieldGlobalGeomorphologyIntroduction1999a' on pa
ge 36 undefined on input line 66.


LaTeX Warning: Citation 'summerfieldGlobalGeomorphologyIntroduction1999a' on pa
ge 36 undefined on input line 66.


Overfull \hbox (13.79802pt too wide) in paragraph at lines 66--66
[]\TU/lmr/m/n/10.95 Tabulka 5.1: []Typy erupcí (upraveno podle []). 
 []

File: obrazky/sopky/paho_aa.jpg Graphic file (type bmp)
<obrazky/sopky/paho_aa.jpg>

LaTeX Warning: `h' float specifier changed to `ht'.


Underfull \vbox (badness 4927) has occurred while \output is active []

 [36]
File: obrazky/sopky/puma.jpg Graphic file (type bmp)
<obrazky/sopky/puma.jpg>


LaTeX Warning: `h' float specifier changed to `ht'.

File: obrazky/sopky/pyroclastic.jpg Graphic file (type bmp)
<obrazky/sopky/pyroclastic.jpg>
[37]

LaTeX Warning: `h' float specifier changed to `ht'.

File: obrazky/sopky/maar.jpg Graphic file (type bmp)
<obrazky/sopky/maar.jpg>

LaTeX Warning: `h' float specifier changed to `ht'.

File: obrazky/sopky/Stratovolcano_cross-section.svg.png Graphic file (type bmp)

<obrazky/sopky/Stratovolcano_cross-section.svg.png>

LaTeX Warning: `h' float specifier changed to `ht'.

File: obrazky/sopky/st_helen.jpg Graphic file (type bmp)
<obrazky/sopky/st_helen.jpg>

LaTeX Warning: Float too large for page by 8.16426pt on input line 139.


LaTeX Warning: `h' float specifier changed to `ht'.

File: obrazky/sopky/mauna_loa.jpg Graphic file (type bmp)
<obrazky/sopky/mauna_loa.jpg>

LaTeX Warning: `h' float specifier changed to `ht'.

File: obrazky/sopky/santorini.jpg Graphic file (type bmp)
<obrazky/sopky/santorini.jpg>

LaTeX Warning: `h' float specifier changed to `ht'.

File: obrazky/sopky/trapy.jpg Graphic file (type bmp)
<obrazky/sopky/trapy.jpg>

LaTeX Warning: `h' float specifier changed to `ht'.

) [38] [39] [40] [41] [42] [43] [44] [45

] [46]
Kapitola 6.
(text/zvetravani.tex
File: obrazky/zvetravani/mrazove.jpg Graphic file (type bmp)
<obrazky/zvetravani/mrazove.jpg>
File: obrazky/zvetravani/exfoliace.jpg Graphic file (type bmp)
<obrazky/zvetravani/exfoliace.jpg>


LaTeX Warning: `h' float specifier changed to `ht'.

[47

] [48] [49]
File: obrazky/zvetravani/laterit.jpg Graphic file (type bmp)
<obrazky/zvetravani/laterit.jpg>
 [50]) [51] [52

]
Kapitola 7.
(text/svahy.tex
File: obrazky/slope/segmenty_svahu.pdf Graphic file (type pdf)
<use obrazky/slope/segmenty_svahu.pdf>
 [53]
File: obrazky/slope/svah_napeti.pdf Graphic file (type pdf)
<use obrazky/slope/svah_napeti.pdf>


LaTeX Warning: `h' float specifier changed to `ht'.

[54]
Underfull \vbox (badness 1292) has occurred while \output is active []

 [55]
File: obrazky/slope/stability_diagram.pdf Graphic file (type pdf)
<use obrazky/slope/stability_diagram.pdf>
File: obrazky/slope/time_stability.pdf Graphic file (type pdf)
<use obrazky/slope/time_stability.pdf>

Underfull \hbox (badness 1755) in paragraph at lines 148--148
[]|\TU/lmr/m/n/10 Fluviální, marinní nebo
 []


Underfull \hbox (badness 10000) in paragraph at lines 148--148
[]|\TU/lmr/m/n/10 Odkrytí potenciálních
 []


Underfull \hbox (badness 6725) in paragraph at lines 148--148
[]|\TU/lmr/m/n/10 Hloubení tunelů, dolů;
 []


Underfull \hbox (badness 10000) in paragraph at lines 148--148
[]|\TU/lmr/m/n/10 Dlouhodobé zvyšování
 []


Underfull \hbox (badness 1137) in paragraph at lines 148--148
[]|\TU/lmr/m/n/10 Rychlý nárůst pórových
 []


Underfull \hbox (badness 2245) in paragraph at lines 148--148
[]|\TU/lmr/m/n/10 Zatížení rychlým ulože-
 []


Underfull \hbox (badness 10000) in paragraph at lines 148--148
[]|\TU/lmr/m/n/10 Rychlý pokles hladiny
 []


Underfull \hbox (badness 10000) in paragraph at lines 148--148
[]|\TU/lmr/m/n/10 Protržení přírodních
 []

[56] [57]
File: obrazky/slope/landslide_type.pdf Graphic file (type pdf)
<use obrazky/slope/landslide_type.pdf>
File: obrazky/slope/rotacni.jpg Graphic file (type bmp)
<obrazky/slope/rotacni.jpg>


LaTeX Warning: `h' float specifier changed to `ht'.

[58] [59]
File: obrazky/slope/melke.jpg Graphic file (type bmp)
<obrazky/slope/melke.jpg>
 [60] [61]
File: obrazky/slope/debris_flow.jpg Graphic file (type bmp)
<obrazky/slope/debris_flow.jpg>
 [62]
File: obrazky/slope/sackung.pdf Graphic file (type pdf)
<use obrazky/slope/sackung.pdf>
 [63]
File: obrazky/slope/korup_toky.pdf Graphic file (type pdf)
<use obrazky/slope/korup_toky.pdf>


LaTeX Warning: `h' float specifier changed to `ht'.

) [64] [65] [66

]
Kapitola 8.
(text/fluvial.tex
File: obrazky/fluvial/fluv_system.pdf Graphic file (type pdf)
<use obrazky/fluvial/fluv_system.pdf>
File: obrazky/fluvial/laminar_turbul.pdf Graphic file (type pdf)
<use obrazky/fluvial/laminar_turbul.pdf>


LaTeX Warning: Float too large for page by 313.91351pt on input line 36.


LaTeX Warning: `h' float specifier changed to `ht'.

[67] [68]

LaTeX Warning: No positions in optional float specifier.
               Default added (so using `tbp') on input line 101.

[69] [70]
File: obrazky/fluvial/bank_erosion.pdf Graphic file (type pdf)
<use obrazky/fluvial/bank_erosion.pdf>


LaTeX Warning: Float too large for page by 89.6522pt on input line 208.

File: obrazky/fluvial/sily_klast.pdf Graphic file (type pdf)
<use obrazky/fluvial/sily_klast.pdf>

LaTeX Warning: Citation 'summerfieldGlobalGeomorphologyIntroduction1999a' on pa
ge 71 undefined on input line 222.


LaTeX Warning: Citation 'summerfieldGlobalGeomorphologyIntroduction1999a' on pa
ge 71 undefined on input line 222.


Overfull \hbox (52.5063pt too wide) in paragraph at lines 222--222
[]\TU/lmr/m/n/10.95 Obrázek 8.4: []Síly působící na klast ve vodním toku []). 
 []

File: obrazky/fluvial/hjulstr.pdf Graphic file (type pdf)
<use obrazky/fluvial/hjulstr.pdf>
File: obrazky/fluvial/lanes_balance.jpg Graphic file (type bmp)
<obrazky/fluvial/lanes_balance.jpg>
[71]
File: obrazky/fluvial/fluv_sed_trans.pdf Graphic file (type pdf)
<use obrazky/fluvial/fluv_sed_trans.pdf>
 [72]
File: obrazky/fluvial/mendry_sinusoita.pdf Graphic file (type pdf)
<use obrazky/fluvial/mendry_sinusoita.pdf>
File: obrazky/fluvial/divocici.jpg Graphic file (type bmp)
<obrazky/fluvial/divocici.jpg>


LaTeX Warning: `h' float specifier changed to `ht'.

File: obrazky/fluvial/typy_udoli.pdf Graphic file (type pdf)
<use obrazky/fluvial/typy_udoli.pdf>

LaTeX Warning: `h' float specifier changed to `ht'.

[73]
File: obrazky/fluvial/klast_klastr.pdf Graphic file (type pdf)
<use obrazky/fluvial/klast_klastr.pdf>
File: obrazky/fluvial/lavice.pdf Graphic file (type pdf)
<use obrazky/fluvial/lavice.pdf>


LaTeX Warning: Float too large for page by 634.61119pt on input line 386.

[74]
File: obrazky/fluvial/meander.jpg Graphic file (type bmp)
<obrazky/fluvial/meander.jpg>


LaTeX Warning: `h' float specifier changed to `ht'.

File: obrazky/fluvial/Alluvial_fan.jpg Graphic file (type bmp)
<obrazky/fluvial/Alluvial_fan.jpg>

LaTeX Warning: `h' float specifier changed to `ht'.

File: obrazky/fluvial/bajada.jpg Graphic file (type bmp)
<obrazky/fluvial/bajada.jpg>

LaTeX Warning: `h' float specifier changed to `ht'.

) [75] [76] [77] [78] [79] [80] [81] [82] [83] [84] [85] [86]
Kapitola 9.
(text/povodi.tex
File: obrazky/fluvial/watershed_tilt.jpg Graphic file (type bmp)
<obrazky/fluvial/watershed_tilt.jpg>


LaTeX Warning: No positions in optional float specifier.
               Default added (so using `tbp') on input line 22.


Underfull \hbox (badness 1292) in paragraph at lines 34--34
[]|\TU/lmr/m/n/10.95 Jeden hlavní směr toků. Sekundární
 []

File: obrazky/fluvial/rad_toku.pdf Graphic file (type pdf)
<use obrazky/fluvial/rad_toku.pdf>

LaTeX Warning: Float too large for page by 0.44559pt on input line 51.

[87

] [88] [89]) [90]
Kapitola 10.
(text/kras.tex [91

]
File: obrazky/karst/KarstterrainUSGS.jpg Graphic file (type bmp)
<obrazky/karst/KarstterrainUSGS.jpg>
 [92]
File: obrazky/karst/skrapy1.jpg Graphic file (type bmp)
<obrazky/karst/skrapy1.jpg>
 [93]
File: obrazky/karst/doline.jpg Graphic file (type bmp)
<obrazky/karst/doline.jpg>
File: obrazky/karst/Mexico_Cenotes.jpg Graphic file (type bmp)
<obrazky/karst/Mexico_Cenotes.jpg>


LaTeX Warning: `h' float specifier changed to `ht'.


Underfull \vbox (badness 4913) has occurred while \output is active []

 [94]
[95]) [96]
Kapitola 11.
(text/glac.tex
File: obrazky/glac/komponenty_kryosfery.jpg Graphic file (type bmp)
<obrazky/glac/komponenty_kryosfery.jpg>
File: obrazky/glac/ledovec_mass_balance.pdf Graphic file (type pdf)
<use obrazky/glac/ledovec_mass_balance.pdf>


LaTeX Warning: Citation 'summerfieldGlobalGeomorphologyIntroduction1999a' on pa
ge 97 undefined on input line 44.


LaTeX Warning: Citation 'summerfieldGlobalGeomorphologyIntroduction1999a' on pa
ge 97 undefined on input line 44.

[97

] [98]
File: obrazky/glac/iceshelf.pdf Graphic file (type pdf)
<use obrazky/glac/iceshelf.pdf>
 [99]
File: obrazky/glac/flow_velocity.pdf Graphic file (type pdf)
<use obrazky/glac/flow_velocity.pdf>
 [100]
File: obrazky/glac/ledovec_svyc.jpg Graphic file (type bmp)
<obrazky/glac/ledovec_svyc.jpg>
File: obrazky/glac/striace.jpg Graphic file (type bmp)
<obrazky/glac/striace.jpg>
File: obrazky/glac/oblik.pdf Graphic file (type pdf)
<use obrazky/glac/oblik.pdf>
File: obrazky/glac/matterhorn.jpg Graphic file (type bmp)
<obrazky/glac/matterhorn.jpg>
File: obrazky/glac/studena.jpg Graphic file (type bmp)
<obrazky/glac/studena.jpg>
 [101] [102] [103] [104]
File: obrazky/glac/esker.jpg Graphic file (type bmp)
<obrazky/glac/esker.jpg>
) [105] [106]
Kapitola 12.
(text/periglac.tex
File: obrazky/periglac/permafrost_distr.jpg Graphic file (type bmp)
<obrazky/periglac/permafrost_distr.jpg>


LaTeX Warning: `h' float specifier changed to `ht'.

File: obrazky/periglac/talik.pdf Graphic file (type pdf)
<use obrazky/periglac/talik.pdf>

LaTeX Warning: `h' float specifier changed to `ht'.

[107

]
File: obrazky/periglac/aktivni_vrstva.pdf Graphic file (type pdf)
<use obrazky/periglac/aktivni_vrstva.pdf>


LaTeX Warning: `h' float specifier changed to `ht'.

[108]
Underfull \vbox (badness 10000) has occurred while \output is active []

 [109]
File: obrazky/periglac/kamenne_more.jpg Graphic file (type bmp)
<obrazky/periglac/kamenne_more.jpg>
File: obrazky/periglac/jehlickovy_led.jpg Graphic file (type bmp)
<obrazky/periglac/jehlickovy_led.jpg>


LaTeX Warning: `h' float specifier changed to `ht'.

File: obrazky/periglac/soliflukce.jpg Graphic file (type bmp)
<obrazky/periglac/soliflukce.jpg>

LaTeX Warning: `h' float specifier changed to `ht'.

File: obrazky/periglac/soliflukcni_laloky.jpg Graphic file (type bmp)
<obrazky/periglac/soliflukcni_laloky.jpg>

LaTeX Warning: `h' float specifier changed to `ht'.


Underfull \hbox (badness 1270) in paragraph at lines 102--103
[]\TU/lmr/m/n/10.95 Na březích vodních toků, jezer a oceánů dochází k intenzivn
í erozi vlivem mechanického
 []

File: obrazky/periglac/polygony.jpg Graphic file (type bmp)
<obrazky/periglac/polygony.jpg>
[110]
File: obrazky/periglac/polygon.jpg Graphic file (type bmp)
<obrazky/periglac/polygon.jpg>
File: obrazky/periglac/pingo_mackenzie.jpg Graphic file (type bmp)
<obrazky/periglac/pingo_mackenzie.jpg>
File: obrazky/periglac/alas.jpg Graphic file (type bmp)
<obrazky/periglac/alas.jpg>
 [111]
File: obrazky/periglac/rock_glac.jpg Graphic file (type bmp)
<obrazky/periglac/rock_glac.jpg>
File: obrazky/periglac/protalus_rampart.pdf Graphic file (type pdf)
<use obrazky/periglac/protalus_rampart.pdf>
) [112] [113] [114] [115] [116] [117] [118]
Kapitola 13.
(text/eolicka.tex
File: obrazky/eolicka/eol_transport.pdf Graphic file (type pdf)
<use obrazky/eolicka/eol_transport.pdf>
File: obrazky/eolicka/zdroje_prachu.jpg Graphic file (type bmp)
<obrazky/eolicka/zdroje_prachu.jpg>
File: obrazky/eolicka/saltace_foto.png Graphic file (type bmp)
<obrazky/eolicka/saltace_foto.png>
File: obrazky/eolicka/ventifact_mojave.jpg Graphic file (type bmp)
<obrazky/eolicka/ventifact_mojave.jpg>
 [119

] [120]
File: obrazky/eolicka/typy_dun.pdf Graphic file (type pdf)
<use obrazky/eolicka/typy_dun.pdf>
 [121] [122]
File: obrazky/eolicka/linearniduny.jpg Graphic file (type bmp)
<obrazky/eolicka/linearniduny.jpg>
File: obrazky/eolicka/volne_duny.pdf Graphic file (type pdf)
<use obrazky/eolicka/volne_duny.pdf>
 [123] [124] [125]
File: obrazky/eolicka/loes_distr.jpg Graphic file (type bmp)
<obrazky/eolicka/loes_distr.jpg>
 [126])
Kapitola 14.
(text/marinni.tex
File: obrazky/marine/pobrezi.pdf Graphic file (type pdf)
<use obrazky/marine/pobrezi.pdf>

Underfull \vbox (badness 10000) has occurred while \output is active []

 [127



]
File: obrazky/marine/vlny.pdf Graphic file (type pdf)
<use obrazky/marine/vlny.pdf>
File: obrazky/marine/vlny_transformace.pdf Graphic file (type pdf)
<use obrazky/marine/vlny_transformace.pdf>


LaTeX Warning: `h' float specifier changed to `ht'.

[128]
Underfull \vbox (badness 3019) has occurred while \output is active []

 [129]
File: obrazky/marine/abrazni.jpg Graphic file (type bmp)
<obrazky/marine/abrazni.jpg>


LaTeX Warning: `h' float specifier changed to `ht'.

File: obrazky/marine/apostolove.jpg Graphic file (type bmp)
<obrazky/marine/apostolove.jpg>

LaTeX Warning: `h' float specifier changed to `ht'.

File: obrazky/marine/utesy_terasy.pdf Graphic file (type pdf)
<use obrazky/marine/utesy_terasy.pdf>

LaTeX Warning: `h' float specifier changed to `ht'.

[130]
File: obrazky/marine/kosa.jpg Graphic file (type bmp)
<obrazky/marine/kosa.jpg>

Overfull \hbox (3.0441pt too wide) in paragraph at lines 121--122
 [][]\TU/lmr/m/n/10.95 ] 
 []


LaTeX Warning: `h' float specifier changed to `ht'.

File: obrazky/marine/watty.jpg Graphic file (type bmp)
<obrazky/marine/watty.jpg>

LaTeX Warning: `h' float specifier changed to `ht'.

[131]
File: obrazky/fluvial/gilbert_delta.pdf Graphic file (type pdf)
<use obrazky/fluvial/gilbert_delta.pdf>


LaTeX Warning: `h' float specifier changed to `ht'.

[132]
File: obrazky/fluvial/delty.pdf Graphic file (type pdf)
<use obrazky/fluvial/delty.pdf>


LaTeX Warning: `h' float specifier changed to `ht'.

File: obrazky/marine/estuary.jpg Graphic file (type bmp)
<obrazky/marine/estuary.jpg>

LaTeX Warning: `h' float specifier changed to `ht'.

File: obrazky/marine/atol.jpg Graphic file (type bmp)
<obrazky/marine/atol.jpg>

LaTeX Warning: `h' float specifier changed to `ht'.

[133]
File: obrazky/marine/fjord.jpg Graphic file (type bmp)
<obrazky/marine/fjord.jpg>


LaTeX Warning: `h' float specifier changed to `ht'.

File: obrazky/marine/Limans.jpeg Graphic file (type bmp)
<obrazky/marine/Limans.jpeg>

LaTeX Warning: `h' float specifier changed to `ht'.


Underfull \vbox (badness 4543) has occurred while \output is active []

 [134]
[135]) [136] [137] [138] [139] [140] [141

] [142

] [143] [144]
(main_onecolumn.aux)

LaTeX Warning: There were undefined references.


LaTeX Warning: There were multiply-defined labels.

Package rerunfilecheck Info: File `main_onecolumn.out' has not changed.
(rerunfilecheck)             Checksum: D29E6B53DC8FA1C10230817B42595216;27365.

Package biblatex Warning: Please (re)run Biber on the file:
(biblatex)                main_onecolumn
(biblatex)                and rerun LaTeX afterwards.

Package logreq Info: Writing requests to 'main_onecolumn.run.xml'.
\openout1 = `main_onecolumn.run.xml'.

 ) 
Here is how much of TeX's memory you used:
 39833 strings out of 411077
 824077 string characters out of 2826088
 1526512 words of memory out of 3000000
 59764 multiletter control sequences out of 15000+600000
 411858 words of font info for 82 fonts, out of 8000000 for 9000
 1348 hyphenation exceptions out of 8191
 99i,16n,96p,3199b,5647s stack positions out of 5000i,500n,10000p,200000b,80000s

Output written on main_onecolumn.pdf (150 pages).
