This is XeTeX, Version 3.141592653-2.6-0.999993 (MiKTeX 21.6) (preloaded format=xelatex 2021.6.13)  19 OCT 2021 15:57
entering extended mode
**./main.tex
(main.tex
LaTeX2e <2021-06-01>
L3 programming layer <2021-06-01> (skripta.cls
Document Class: skripta 2021/03/26 by Michal Břežný
(C:\Users\Brezny\AppData\Local\Programs\MiKTeX\tex/latex/base\book.cls
Document Class: book 2021/02/12 v1.4n Standard LaTeX document class
(C:\Users\Brezny\AppData\Local\Programs\MiKTeX\tex/latex/base\bk11.clo
File: bk11.clo 2021/02/12 v1.4n Standard LaTeX file (size option)
)
\c@part=\count178
\c@chapter=\count179
\c@section=\count180
\c@subsection=\count181
\c@subsubsection=\count182
\c@paragraph=\count183
\c@subparagraph=\count184
\c@figure=\count185
\c@table=\count186
\abovecaptionskip=\skip47
\belowcaptionskip=\skip48
\bibindent=\dimen138
)
(C:\Users\Brezny\AppData\Local\Programs\MiKTeX\tex/latex/csquotes\csquotes.sty
Package: csquotes 2021-02-22 v5.2l context-sensitive quotations (JAW)

(C:\Users\Brezny\AppData\Local\Programs\MiKTeX\tex/latex/etoolbox\etoolbox.sty
Package: etoolbox 2020/10/05 v2.5k e-TeX tools for LaTeX (JAW)
\etb@tempcnta=\count187
) (C:\Users\Brezny\AppData\Local\Programs\MiKTeX\tex/latex/graphics\keyval.sty
Package: keyval 2014/10/28 v1.15 key=value parser (DPC)
\KV@toks@=\toks16
)
\csq@reset=\count188
\csq@gtype=\count189
\csq@glevel=\count190
\csq@qlevel=\count191
\csq@maxlvl=\count192
\csq@tshold=\count193
\csq@ltx@everypar=\toks17

(C:\Users\Brezny\AppData\Local\Programs\MiKTeX\tex/latex/csquotes\csquotes.def
File: csquotes.def 2021-02-22 v5.2l csquotes generic definitions (JAW)
)
Package csquotes Info: Trying to load configuration file 'csquotes.cfg'...
Package csquotes Info: ... configuration file loaded successfully.
(C:\Users\Brezny\AppData\Local\Programs\MiKTeX\tex/latex/csquotes\csquotes.cfg
File: csquotes.cfg 
)
Package csquotes Info: Redefining alias 'czech' -> 'czech/quotes'.
)
(C:\Users\Brezny\AppData\Local\Programs\MiKTeX\tex/latex/enumitem\enumitem.sty
Package: enumitem 2019/06/20 v3.9 Customized lists
\labelindent=\skip49
\enit@outerparindent=\dimen139
\enit@toks=\toks18
\enit@inbox=\box50
\enit@count@id=\count194
\enitdp@description=\count195
) (C:\Users\Brezny\AppData\Local\Programs\MiKTeX\tex/latex/booktabs\booktabs.st
y
Package: booktabs 2020/01/12 v1.61803398 Publication quality tables
\heavyrulewidth=\dimen140
\lightrulewidth=\dimen141
\cmidrulewidth=\dimen142
\belowrulesep=\dimen143
\belowbottomsep=\dimen144
\aboverulesep=\dimen145
\abovetopsep=\dimen146
\cmidrulesep=\dimen147
\cmidrulekern=\dimen148
\defaultaddspace=\dimen149
\@cmidla=\count196
\@cmidlb=\count197
\@aboverulesep=\dimen150
\@belowrulesep=\dimen151
\@thisruleclass=\count198
\@lastruleclass=\count199
\@thisrulewidth=\dimen152
) (C:\Users\Brezny\AppData\Local\Programs\MiKTeX\tex/latex/xcolor\xcolor.sty
Package: xcolor 2016/05/11 v2.12 LaTeX color extensions (UK)

(C:\Users\Brezny\AppData\Local\Programs\MiKTeX\tex/latex/graphics-cfg\color.cfg
File: color.cfg 2016/01/02 v1.6 sample color configuration
)
Package xcolor Info: Driver file: xetex.def on input line 225.

(C:\Users\Brezny\AppData\Local\Programs\MiKTeX\tex/latex/graphics-def\xetex.def
File: xetex.def 2021/03/18 v5.0k Graphics/color driver for xetex
)
Package xcolor Info: Model `cmy' substituted by `cmy0' on input line 1348.
Package xcolor Info: Model `RGB' extended on input line 1364.
Package xcolor Info: Model `HTML' substituted by `rgb' on input line 1366.
Package xcolor Info: Model `Hsb' substituted by `hsb' on input line 1367.
Package xcolor Info: Model `tHsb' substituted by `hsb' on input line 1368.
Package xcolor Info: Model `HSB' substituted by `hsb' on input line 1369.
Package xcolor Info: Model `Gray' substituted by `gray' on input line 1370.
Package xcolor Info: Model `wave' substituted by `hsb' on input line 1371.

(C:\Users\Brezny\AppData\Local\Programs\MiKTeX\tex/latex/graphics\dvipsnam.def
File: dvipsnam.def 2016/06/17 v3.0m Driver-dependent file (DPC,SPQR)
)) (C:\Users\Brezny\AppData\Local\Programs\MiKTeX\tex/latex/tools\multicol.sty
Package: multicol 2019/12/09 v1.8y multicolumn formatting (FMi)
\c@tracingmulticols=\count266
\mult@box=\box51
\multicol@leftmargin=\dimen153
\c@unbalance=\count267
\c@collectmore=\count268
\doublecol@number=\count269
\multicoltolerance=\count270
\multicolpretolerance=\count271
\full@width=\dimen154
\page@free=\dimen155
\premulticols=\dimen156
\postmulticols=\dimen157
\multicolsep=\skip50
\multicolbaselineskip=\skip51
\partial@page=\box52
\last@line=\box53
\maxbalancingoverflow=\dimen158
\mult@rightbox=\box54
\mult@grightbox=\box55
\mult@gfirstbox=\box56
\mult@firstbox=\box57
\@tempa=\box58
\@tempa=\box59
\@tempa=\box60
\@tempa=\box61
\@tempa=\box62
\@tempa=\box63
\@tempa=\box64
\@tempa=\box65
\@tempa=\box66
\@tempa=\box67
\@tempa=\box68
\@tempa=\box69
\@tempa=\box70
\@tempa=\box71
\@tempa=\box72
\@tempa=\box73
\@tempa=\box74
\@tempa=\box75
\@tempa=\box76
\@tempa=\box77
\@tempa=\box78
\@tempa=\box79
\@tempa=\box80
\@tempa=\box81
\@tempa=\box82
\@tempa=\box83
\@tempa=\box84
\@tempa=\box85
\@tempa=\box86
\@tempa=\box87
\@tempa=\box88
\@tempa=\box89
\@tempa=\box90
\@tempa=\box91
\@tempa=\box92
\@tempa=\box93
\@tempa=\box94
\c@minrows=\count272
\c@columnbadness=\count273
\c@finalcolumnbadness=\count274
\last@try=\dimen159
\multicolovershoot=\dimen160
\multicolundershoot=\dimen161
\mult@nat@firstbox=\box95
\colbreak@box=\box96
\mc@col@check@num=\count275
)
(C:\Users\Brezny\AppData\Local\Programs\MiKTeX\tex/latex/geometry\geometry.sty
Package: geometry 2020/01/02 v5.9 Page Geometry

(C:\Users\Brezny\AppData\Local\Programs\MiKTeX\tex/generic/iftex\ifvtex.sty
Package: ifvtex 2019/10/25 v1.7 ifvtex legacy package. Use iftex instead.

(C:\Users\Brezny\AppData\Local\Programs\MiKTeX\tex/generic/iftex\iftex.sty
Package: iftex 2020/03/06 v1.0d TeX engine tests
))
\Gm@cnth=\count276
\Gm@cntv=\count277
\c@Gm@tempcnt=\count278
\Gm@bindingoffset=\dimen162
\Gm@wd@mp=\dimen163
\Gm@odd@mp=\dimen164
\Gm@even@mp=\dimen165
\Gm@layoutwidth=\dimen166
\Gm@layoutheight=\dimen167
\Gm@layouthoffset=\dimen168
\Gm@layoutvoffset=\dimen169
\Gm@dimlist=\toks19

(C:\Users\Brezny\AppData\Local\Programs\MiKTeX\tex/latex/geometry\geometry.cfg)
)
(C:\Users\Brezny\AppData\Local\Programs\MiKTeX\tex/latex/graphics\graphicx.sty
Package: graphicx 2020/12/05 v1.2c Enhanced LaTeX Graphics (DPC,SPQR)

(C:\Users\Brezny\AppData\Local\Programs\MiKTeX\tex/latex/graphics\graphics.sty
Package: graphics 2021/03/04 v1.4d Standard LaTeX Graphics (DPC,SPQR)

(C:\Users\Brezny\AppData\Local\Programs\MiKTeX\tex/latex/graphics\trig.sty
Package: trig 2016/01/03 v1.10 sin cos tan (DPC)
)
(C:\Users\Brezny\AppData\Local\Programs\MiKTeX\tex/latex/graphics-cfg\graphics.
cfg
File: graphics.cfg 2016/06/04 v1.11 sample graphics configuration
)
Package graphics Info: Driver file: xetex.def on input line 107.
)
\Gin@req@height=\dimen170
\Gin@req@width=\dimen171
)
(C:\Users\Brezny\AppData\Local\Programs\MiKTeX\tex/latex/pgf/frontendlayer\tikz
.sty
(C:\Users\Brezny\AppData\Local\Programs\MiKTeX\tex/latex/pgf/basiclayer\pgf.sty

(C:\Users\Brezny\AppData\Local\Programs\MiKTeX\tex/latex/pgf/utilities\pgfrcs.s
ty
(C:\Users\Brezny\AppData\Local\Programs\MiKTeX\tex/generic/pgf/utilities\pgfuti
l-common.tex
\pgfutil@everybye=\toks20
\pgfutil@tempdima=\dimen172
\pgfutil@tempdimb=\dimen173

(C:\Users\Brezny\AppData\Local\Programs\MiKTeX\tex/generic/pgf/utilities\pgfuti
l-common-lists.tex))
(C:\Users\Brezny\AppData\Local\Programs\MiKTeX\tex/generic/pgf/utilities\pgfuti
l-latex.def
\pgfutil@abb=\box97
)
(C:\Users\Brezny\AppData\Local\Programs\MiKTeX\tex/generic/pgf/utilities\pgfrcs
.code.tex
(C:\Users\Brezny\AppData\Local\Programs\MiKTeX\tex/generic/pgf\pgf.revision.tex
)
Package: pgfrcs 2021/05/15 v3.1.9a (3.1.9a)
))
Package: pgf 2021/05/15 v3.1.9a (3.1.9a)

(C:\Users\Brezny\AppData\Local\Programs\MiKTeX\tex/latex/pgf/basiclayer\pgfcore
.sty
(C:\Users\Brezny\AppData\Local\Programs\MiKTeX\tex/latex/pgf/systemlayer\pgfsys
.sty
(C:\Users\Brezny\AppData\Local\Programs\MiKTeX\tex/generic/pgf/systemlayer\pgfs
ys.code.tex
Package: pgfsys 2021/05/15 v3.1.9a (3.1.9a)

(C:\Users\Brezny\AppData\Local\Programs\MiKTeX\tex/generic/pgf/utilities\pgfkey
s.code.tex
\pgfkeys@pathtoks=\toks21
\pgfkeys@temptoks=\toks22

(C:\Users\Brezny\AppData\Local\Programs\MiKTeX\tex/generic/pgf/utilities\pgfkey
sfiltered.code.tex
\pgfkeys@tmptoks=\toks23
))
\pgf@x=\dimen174
\pgf@y=\dimen175
\pgf@xa=\dimen176
\pgf@ya=\dimen177
\pgf@xb=\dimen178
\pgf@yb=\dimen179
\pgf@xc=\dimen180
\pgf@yc=\dimen181
\pgf@xd=\dimen182
\pgf@yd=\dimen183
\w@pgf@writea=\write3
\r@pgf@reada=\read2
\c@pgf@counta=\count279
\c@pgf@countb=\count280
\c@pgf@countc=\count281
\c@pgf@countd=\count282
\t@pgf@toka=\toks24
\t@pgf@tokb=\toks25
\t@pgf@tokc=\toks26
\pgf@sys@id@count=\count283

(C:\Users\Brezny\AppData\Local\Programs\MiKTeX\tex/generic/pgf/systemlayer\pgf.
cfg
File: pgf.cfg 2021/05/15 v3.1.9a (3.1.9a)
)
Driver file for pgf: pgfsys-xetex.def

(C:\Users\Brezny\AppData\Local\Programs\MiKTeX\tex/generic/pgf/systemlayer\pgfs
ys-xetex.def
File: pgfsys-xetex.def 2021/05/15 v3.1.9a (3.1.9a)

(C:\Users\Brezny\AppData\Local\Programs\MiKTeX\tex/generic/pgf/systemlayer\pgfs
ys-dvipdfmx.def
File: pgfsys-dvipdfmx.def 2021/05/15 v3.1.9a (3.1.9a)

(C:\Users\Brezny\AppData\Local\Programs\MiKTeX\tex/generic/pgf/systemlayer\pgfs
ys-common-pdf.def
File: pgfsys-common-pdf.def 2021/05/15 v3.1.9a (3.1.9a)
)
\pgfsys@objnum=\count284
)))
(C:\Users\Brezny\AppData\Local\Programs\MiKTeX\tex/generic/pgf/systemlayer\pgfs
yssoftpath.code.tex
File: pgfsyssoftpath.code.tex 2021/05/15 v3.1.9a (3.1.9a)
\pgfsyssoftpath@smallbuffer@items=\count285
\pgfsyssoftpath@bigbuffer@items=\count286
)
(C:\Users\Brezny\AppData\Local\Programs\MiKTeX\tex/generic/pgf/systemlayer\pgfs
ysprotocol.code.tex
File: pgfsysprotocol.code.tex 2021/05/15 v3.1.9a (3.1.9a)
))
(C:\Users\Brezny\AppData\Local\Programs\MiKTeX\tex/generic/pgf/basiclayer\pgfco
re.code.tex
Package: pgfcore 2021/05/15 v3.1.9a (3.1.9a)

(C:\Users\Brezny\AppData\Local\Programs\MiKTeX\tex/generic/pgf/math\pgfmath.cod
e.tex
(C:\Users\Brezny\AppData\Local\Programs\MiKTeX\tex/generic/pgf/math\pgfmathcalc
.code.tex
(C:\Users\Brezny\AppData\Local\Programs\MiKTeX\tex/generic/pgf/math\pgfmathutil
.code.tex)
(C:\Users\Brezny\AppData\Local\Programs\MiKTeX\tex/generic/pgf/math\pgfmathpars
er.code.tex
\pgfmath@dimen=\dimen184
\pgfmath@count=\count287
\pgfmath@box=\box98
\pgfmath@toks=\toks27
\pgfmath@stack@operand=\toks28
\pgfmath@stack@operation=\toks29
)
(C:\Users\Brezny\AppData\Local\Programs\MiKTeX\tex/generic/pgf/math\pgfmathfunc
tions.code.tex
(C:\Users\Brezny\AppData\Local\Programs\MiKTeX\tex/generic/pgf/math\pgfmathfunc
tions.basic.code.tex)
(C:\Users\Brezny\AppData\Local\Programs\MiKTeX\tex/generic/pgf/math\pgfmathfunc
tions.trigonometric.code.tex)
(C:\Users\Brezny\AppData\Local\Programs\MiKTeX\tex/generic/pgf/math\pgfmathfunc
tions.random.code.tex)
(C:\Users\Brezny\AppData\Local\Programs\MiKTeX\tex/generic/pgf/math\pgfmathfunc
tions.comparison.code.tex)
(C:\Users\Brezny\AppData\Local\Programs\MiKTeX\tex/generic/pgf/math\pgfmathfunc
tions.base.code.tex)
(C:\Users\Brezny\AppData\Local\Programs\MiKTeX\tex/generic/pgf/math\pgfmathfunc
tions.round.code.tex)
(C:\Users\Brezny\AppData\Local\Programs\MiKTeX\tex/generic/pgf/math\pgfmathfunc
tions.misc.code.tex)
(C:\Users\Brezny\AppData\Local\Programs\MiKTeX\tex/generic/pgf/math\pgfmathfunc
tions.integerarithmetics.code.tex)))
(C:\Users\Brezny\AppData\Local\Programs\MiKTeX\tex/generic/pgf/math\pgfmathfloa
t.code.tex
\c@pgfmathroundto@lastzeros=\count288
))
(C:\Users\Brezny\AppData\Local\Programs\MiKTeX\tex/generic/pgf/math\pgfint.code
.tex)
(C:\Users\Brezny\AppData\Local\Programs\MiKTeX\tex/generic/pgf/basiclayer\pgfco
repoints.code.tex
File: pgfcorepoints.code.tex 2021/05/15 v3.1.9a (3.1.9a)
\pgf@picminx=\dimen185
\pgf@picmaxx=\dimen186
\pgf@picminy=\dimen187
\pgf@picmaxy=\dimen188
\pgf@pathminx=\dimen189
\pgf@pathmaxx=\dimen190
\pgf@pathminy=\dimen191
\pgf@pathmaxy=\dimen192
\pgf@xx=\dimen193
\pgf@xy=\dimen194
\pgf@yx=\dimen195
\pgf@yy=\dimen196
\pgf@zx=\dimen197
\pgf@zy=\dimen198
)
(C:\Users\Brezny\AppData\Local\Programs\MiKTeX\tex/generic/pgf/basiclayer\pgfco
repathconstruct.code.tex
File: pgfcorepathconstruct.code.tex 2021/05/15 v3.1.9a (3.1.9a)
\pgf@path@lastx=\dimen199
\pgf@path@lasty=\dimen256
)
(C:\Users\Brezny\AppData\Local\Programs\MiKTeX\tex/generic/pgf/basiclayer\pgfco
repathusage.code.tex
File: pgfcorepathusage.code.tex 2021/05/15 v3.1.9a (3.1.9a)
\pgf@shorten@end@additional=\dimen257
\pgf@shorten@start@additional=\dimen258
)
(C:\Users\Brezny\AppData\Local\Programs\MiKTeX\tex/generic/pgf/basiclayer\pgfco
rescopes.code.tex
File: pgfcorescopes.code.tex 2021/05/15 v3.1.9a (3.1.9a)
\pgfpic=\box99
\pgf@hbox=\box100
\pgf@layerbox@main=\box101
\pgf@picture@serial@count=\count289
)
(C:\Users\Brezny\AppData\Local\Programs\MiKTeX\tex/generic/pgf/basiclayer\pgfco
regraphicstate.code.tex
File: pgfcoregraphicstate.code.tex 2021/05/15 v3.1.9a (3.1.9a)
\pgflinewidth=\dimen259
)
(C:\Users\Brezny\AppData\Local\Programs\MiKTeX\tex/generic/pgf/basiclayer\pgfco
retransformations.code.tex
File: pgfcoretransformations.code.tex 2021/05/15 v3.1.9a (3.1.9a)
\pgf@pt@x=\dimen260
\pgf@pt@y=\dimen261
\pgf@pt@temp=\dimen262
)
(C:\Users\Brezny\AppData\Local\Programs\MiKTeX\tex/generic/pgf/basiclayer\pgfco
requick.code.tex
File: pgfcorequick.code.tex 2021/05/15 v3.1.9a (3.1.9a)
)
(C:\Users\Brezny\AppData\Local\Programs\MiKTeX\tex/generic/pgf/basiclayer\pgfco
reobjects.code.tex
File: pgfcoreobjects.code.tex 2021/05/15 v3.1.9a (3.1.9a)
)
(C:\Users\Brezny\AppData\Local\Programs\MiKTeX\tex/generic/pgf/basiclayer\pgfco
repathprocessing.code.tex
File: pgfcorepathprocessing.code.tex 2021/05/15 v3.1.9a (3.1.9a)
)
(C:\Users\Brezny\AppData\Local\Programs\MiKTeX\tex/generic/pgf/basiclayer\pgfco
rearrows.code.tex
File: pgfcorearrows.code.tex 2021/05/15 v3.1.9a (3.1.9a)
\pgfarrowsep=\dimen263
)
(C:\Users\Brezny\AppData\Local\Programs\MiKTeX\tex/generic/pgf/basiclayer\pgfco
reshade.code.tex
File: pgfcoreshade.code.tex 2021/05/15 v3.1.9a (3.1.9a)
\pgf@max=\dimen264
\pgf@sys@shading@range@num=\count290
\pgf@shadingcount=\count291
)
(C:\Users\Brezny\AppData\Local\Programs\MiKTeX\tex/generic/pgf/basiclayer\pgfco
reimage.code.tex
File: pgfcoreimage.code.tex 2021/05/15 v3.1.9a (3.1.9a)

(C:\Users\Brezny\AppData\Local\Programs\MiKTeX\tex/generic/pgf/basiclayer\pgfco
reexternal.code.tex
File: pgfcoreexternal.code.tex 2021/05/15 v3.1.9a (3.1.9a)
\pgfexternal@startupbox=\box102
))
(C:\Users\Brezny\AppData\Local\Programs\MiKTeX\tex/generic/pgf/basiclayer\pgfco
relayers.code.tex
File: pgfcorelayers.code.tex 2021/05/15 v3.1.9a (3.1.9a)
)
(C:\Users\Brezny\AppData\Local\Programs\MiKTeX\tex/generic/pgf/basiclayer\pgfco
retransparency.code.tex
File: pgfcoretransparency.code.tex 2021/05/15 v3.1.9a (3.1.9a)
)
(C:\Users\Brezny\AppData\Local\Programs\MiKTeX\tex/generic/pgf/basiclayer\pgfco
repatterns.code.tex
File: pgfcorepatterns.code.tex 2021/05/15 v3.1.9a (3.1.9a)
)
(C:\Users\Brezny\AppData\Local\Programs\MiKTeX\tex/generic/pgf/basiclayer\pgfco
rerdf.code.tex
File: pgfcorerdf.code.tex 2021/05/15 v3.1.9a (3.1.9a)
)))
(C:\Users\Brezny\AppData\Local\Programs\MiKTeX\tex/generic/pgf/modules\pgfmodul
eshapes.code.tex
File: pgfmoduleshapes.code.tex 2021/05/15 v3.1.9a (3.1.9a)
\pgfnodeparttextbox=\box103
)
(C:\Users\Brezny\AppData\Local\Programs\MiKTeX\tex/generic/pgf/modules\pgfmodul
eplot.code.tex
File: pgfmoduleplot.code.tex 2021/05/15 v3.1.9a (3.1.9a)
)
(C:\Users\Brezny\AppData\Local\Programs\MiKTeX\tex/latex/pgf/compatibility\pgfc
omp-version-0-65.sty
Package: pgfcomp-version-0-65 2021/05/15 v3.1.9a (3.1.9a)
\pgf@nodesepstart=\dimen265
\pgf@nodesepend=\dimen266
)
(C:\Users\Brezny\AppData\Local\Programs\MiKTeX\tex/latex/pgf/compatibility\pgfc
omp-version-1-18.sty
Package: pgfcomp-version-1-18 2021/05/15 v3.1.9a (3.1.9a)
))
(C:\Users\Brezny\AppData\Local\Programs\MiKTeX\tex/latex/pgf/utilities\pgffor.s
ty
(C:\Users\Brezny\AppData\Local\Programs\MiKTeX\tex/latex/pgf/utilities\pgfkeys.
sty
(C:\Users\Brezny\AppData\Local\Programs\MiKTeX\tex/generic/pgf/utilities\pgfkey
s.code.tex))
(C:\Users\Brezny\AppData\Local\Programs\MiKTeX\tex/latex/pgf/math\pgfmath.sty
(C:\Users\Brezny\AppData\Local\Programs\MiKTeX\tex/generic/pgf/math\pgfmath.cod
e.tex))
(C:\Users\Brezny\AppData\Local\Programs\MiKTeX\tex/generic/pgf/utilities\pgffor
.code.tex
Package: pgffor 2021/05/15 v3.1.9a (3.1.9a)

(C:\Users\Brezny\AppData\Local\Programs\MiKTeX\tex/generic/pgf/math\pgfmath.cod
e.tex)
\pgffor@iter=\dimen267
\pgffor@skip=\dimen268
\pgffor@stack=\toks30
\pgffor@toks=\toks31
))
(C:\Users\Brezny\AppData\Local\Programs\MiKTeX\tex/generic/pgf/frontendlayer/ti
kz\tikz.code.tex
Package: tikz 2021/05/15 v3.1.9a (3.1.9a)

(C:\Users\Brezny\AppData\Local\Programs\MiKTeX\tex/generic/pgf/libraries\pgflib
raryplothandlers.code.tex
File: pgflibraryplothandlers.code.tex 2021/05/15 v3.1.9a (3.1.9a)
\pgf@plot@mark@count=\count292
\pgfplotmarksize=\dimen269
)
\tikz@lastx=\dimen270
\tikz@lasty=\dimen271
\tikz@lastxsaved=\dimen272
\tikz@lastysaved=\dimen273
\tikz@lastmovetox=\dimen274
\tikz@lastmovetoy=\dimen275
\tikzleveldistance=\dimen276
\tikzsiblingdistance=\dimen277
\tikz@figbox=\box104
\tikz@figbox@bg=\box105
\tikz@tempbox=\box106
\tikz@tempbox@bg=\box107
\tikztreelevel=\count293
\tikznumberofchildren=\count294
\tikznumberofcurrentchild=\count295
\tikz@fig@count=\count296

(C:\Users\Brezny\AppData\Local\Programs\MiKTeX\tex/generic/pgf/modules\pgfmodul
ematrix.code.tex
File: pgfmodulematrix.code.tex 2021/05/15 v3.1.9a (3.1.9a)
\pgfmatrixcurrentrow=\count297
\pgfmatrixcurrentcolumn=\count298
\pgf@matrix@numberofcolumns=\count299
)
\tikz@expandcount=\count300

(C:\Users\Brezny\AppData\Local\Programs\MiKTeX\tex/generic/pgf/frontendlayer/ti
kz/libraries\tikzlibrarytopaths.code.tex
File: tikzlibrarytopaths.code.tex 2021/05/15 v3.1.9a (3.1.9a)
)))
(C:\Users\Brezny\AppData\Local\Programs\MiKTeX\tex/latex/fancyhdr\fancyhdr.sty
Package: fancyhdr 2021/01/28 v4.0.1 Extensive control of page headers and foote
rs
\f@nch@headwidth=\skip52
\f@nch@O@elh=\skip53
\f@nch@O@erh=\skip54
\f@nch@O@olh=\skip55
\f@nch@O@orh=\skip56
\f@nch@O@elf=\skip57
\f@nch@O@erf=\skip58
\f@nch@O@olf=\skip59
\f@nch@O@orf=\skip60
) (C:\Users\Brezny\AppData\Local\Programs\MiKTeX\tex/latex/biblatex\biblatex.st
y
Package: biblatex 2020/12/31 v3.16 programmable bibliographies (PK/MW)

(C:\Users\Brezny\AppData\Local\Programs\MiKTeX\tex/generic/pdftexcmds\pdftexcmd
s.sty
Package: pdftexcmds 2020-06-27 v0.33 Utility functions of pdfTeX for LuaTeX (HO
)

(C:\Users\Brezny\AppData\Local\Programs\MiKTeX\tex/generic/infwarerr\infwarerr.
sty
Package: infwarerr 2019/12/03 v1.5 Providing info/warning/error messages (HO)
)
(C:\Users\Brezny\AppData\Local\Programs\MiKTeX\tex/generic/ltxcmds\ltxcmds.sty
Package: ltxcmds 2020-05-10 v1.25 LaTeX kernel commands for general use (HO)
)
Package pdftexcmds Info: \pdf@primitive is available.
Package pdftexcmds Info: \pdf@ifprimitive is available.
Package pdftexcmds Info: \pdfdraftmode not found.
)
(C:\Users\Brezny\AppData\Local\Programs\MiKTeX\tex/latex/kvoptions\kvoptions.st
y
Package: kvoptions 2020-10-07 v3.14 Key value format for package options (HO)

(C:\Users\Brezny\AppData\Local\Programs\MiKTeX\tex/generic/kvsetkeys\kvsetkeys.
sty
Package: kvsetkeys 2019/12/15 v1.18 Key value parser (HO)
))
(C:\Users\Brezny\AppData\Local\Programs\MiKTeX\tex/latex/logreq\logreq.sty
Package: logreq 2010/08/04 v1.0 xml request logger
\lrq@indent=\count301

(C:\Users\Brezny\AppData\Local\Programs\MiKTeX\tex/latex/logreq\logreq.def
File: logreq.def 2010/08/04 v1.0 logreq spec v1.0
))
(C:\Users\Brezny\AppData\Local\Programs\MiKTeX\tex/latex/base\ifthen.sty
Package: ifthen 2020/11/24 v1.1c Standard LaTeX ifthen package (DPC)
)
(C:\Users\Brezny\AppData\Local\Programs\MiKTeX\tex/latex/url\url.sty
\Urlmuskip=\muskip16
Package: url 2013/09/16  ver 3.4  Verb mode for urls, etc.
)
\c@tabx@nest=\count302
\c@listtotal=\count303
\c@listcount=\count304
\c@liststart=\count305
\c@liststop=\count306
\c@citecount=\count307
\c@citetotal=\count308
\c@multicitecount=\count309
\c@multicitetotal=\count310
\c@instcount=\count311
\c@maxnames=\count312
\c@minnames=\count313
\c@maxitems=\count314
\c@minitems=\count315
\c@citecounter=\count316
\c@maxcitecounter=\count317
\c@savedcitecounter=\count318
\c@uniquelist=\count319
\c@uniquename=\count320
\c@refsection=\count321
\c@refsegment=\count322
\c@maxextratitle=\count323
\c@maxextratitleyear=\count324
\c@maxextraname=\count325
\c@maxextradate=\count326
\c@maxextraalpha=\count327
\c@abbrvpenalty=\count328
\c@highnamepenalty=\count329
\c@lownamepenalty=\count330
\c@maxparens=\count331
\c@parenlevel=\count332
\blx@tempcnta=\count333
\blx@tempcntb=\count334
\blx@tempcntc=\count335
\blx@maxsection=\count336
\blx@maxsegment@0=\count337
\blx@notetype=\count338
\blx@parenlevel@text=\count339
\blx@parenlevel@foot=\count340
\blx@sectionciteorder@0=\count341
\blx@entrysetcounter=\count342
\blx@biblioinstance=\count343
\labelnumberwidth=\skip61
\labelalphawidth=\skip62
\biblabelsep=\skip63
\bibitemsep=\skip64
\bibnamesep=\skip65
\bibinitsep=\skip66
\bibparsep=\skip67
\bibhang=\skip68
\blx@bcfin=\read3
\blx@bcfout=\write4
\blx@langwohyphens=\language79
\c@mincomprange=\count344
\c@maxcomprange=\count345
\c@mincompwidth=\count346
Package biblatex Info: Trying to load biblatex default data model...
Package biblatex Info: ... file 'blx-dm.def' found.

(C:\Users\Brezny\AppData\Local\Programs\MiKTeX\tex/latex/biblatex\blx-dm.def
File: blx-dm.def 2020/12/31 v3.16 biblatex localization (PK/MW)
)
Package biblatex Info: Trying to load biblatex style data model...
Package biblatex Info: ... file 'authoryear.dbx' not found.
Package biblatex Info: Trying to load biblatex custom data model...
Package biblatex Info: ... file 'biblatex-dm.cfg' not found.
\c@afterword=\count347
\c@savedafterword=\count348
\c@annotator=\count349
\c@savedannotator=\count350
\c@author=\count351
\c@savedauthor=\count352
\c@bookauthor=\count353
\c@savedbookauthor=\count354
\c@commentator=\count355
\c@savedcommentator=\count356
\c@editor=\count357
\c@savededitor=\count358
\c@editora=\count359
\c@savededitora=\count360
\c@editorb=\count361
\c@savededitorb=\count362
\c@editorc=\count363
\c@savededitorc=\count364
\c@foreword=\count365
\c@savedforeword=\count366
\c@holder=\count367
\c@savedholder=\count368
\c@introduction=\count369
\c@savedintroduction=\count370
\c@namea=\count371
\c@savednamea=\count372
\c@nameb=\count373
\c@savednameb=\count374
\c@namec=\count375
\c@savednamec=\count376
\c@translator=\count377
\c@savedtranslator=\count378
\c@shortauthor=\count379
\c@savedshortauthor=\count380
\c@shorteditor=\count381
\c@savedshorteditor=\count382
\c@labelname=\count383
\c@savedlabelname=\count384
\c@institution=\count385
\c@savedinstitution=\count386
\c@lista=\count387
\c@savedlista=\count388
\c@listb=\count389
\c@savedlistb=\count390
\c@listc=\count391
\c@savedlistc=\count392
\c@listd=\count393
\c@savedlistd=\count394
\c@liste=\count395
\c@savedliste=\count396
\c@listf=\count397
\c@savedlistf=\count398
\c@location=\count399
\c@savedlocation=\count400
\c@organization=\count401
\c@savedorganization=\count402
\c@origlocation=\count403
\c@savedoriglocation=\count404
\c@origpublisher=\count405
\c@savedorigpublisher=\count406
\c@publisher=\count407
\c@savedpublisher=\count408
\c@language=\count409
\c@savedlanguage=\count410
\c@origlanguage=\count411
\c@savedoriglanguage=\count412
\c@pageref=\count413
\c@savedpageref=\count414
\shorthandwidth=\skip69
\shortjournalwidth=\skip70
\shortserieswidth=\skip71
\shorttitlewidth=\skip72
\shortauthorwidth=\skip73
\shorteditorwidth=\skip74
\locallabelnumberwidth=\skip75
\locallabelalphawidth=\skip76
\localshorthandwidth=\skip77
\localshortjournalwidth=\skip78
\localshortserieswidth=\skip79
\localshorttitlewidth=\skip80
\localshortauthorwidth=\skip81
\localshorteditorwidth=\skip82
Package biblatex Info: Trying to load enhanced support for Unicode engines...
Package biblatex Info: ... file 'blx-unicode.def' found.

(C:\Users\Brezny\AppData\Local\Programs\MiKTeX\tex/latex/biblatex\blx-unicode.d
ef)
Package biblatex Info: Trying to load compatibility code...
Package biblatex Info: ... file 'blx-compat.def' found.

(C:\Users\Brezny\AppData\Local\Programs\MiKTeX\tex/latex/biblatex\blx-compat.de
f
File: blx-compat.def 2020/12/31 v3.16 biblatex compatibility (PK/MW)
)
Package biblatex Info: Trying to load generic definitions...
Package biblatex Info: ... file 'biblatex.def' found.

(C:\Users\Brezny\AppData\Local\Programs\MiKTeX\tex/latex/biblatex\biblatex.def
File: biblatex.def 2020/12/31 v3.16 biblatex compatibility (PK/MW)
\c@textcitecount=\count415
\c@textcitetotal=\count416
\c@textcitemaxnames=\count417
\c@biburlbigbreakpenalty=\count418
\c@biburlbreakpenalty=\count419
\c@biburlnumpenalty=\count420
\c@biburlucpenalty=\count421
\c@biburllcpenalty=\count422
\biburlbigskip=\muskip17
\biburlnumskip=\muskip18
\biburlucskip=\muskip19
\biburllcskip=\muskip20
\c@smartand=\count423
)
Package biblatex Info: Trying to load bibliography style 'authoryear'...
Package biblatex Info: ... file 'authoryear.bbx' found.

(C:\Users\Brezny\AppData\Local\Programs\MiKTeX\tex/latex/biblatex/bbx\authoryea
r.bbx
File: authoryear.bbx 2020/12/31 v3.16 biblatex bibliography style (PK/MW)
Package biblatex Info: Trying to load bibliography style 'standard'...
Package biblatex Info: ... file 'standard.bbx' found.

(C:\Users\Brezny\AppData\Local\Programs\MiKTeX\tex/latex/biblatex/bbx\standard.
bbx
File: standard.bbx 2020/12/31 v3.16 biblatex bibliography style (PK/MW)
\c@bbx:relatedcount=\count424
\c@bbx:relatedtotal=\count425
))
Package biblatex Info: Trying to load citation style 'authoryear'...
Package biblatex Info: ... file 'authoryear.cbx' found.

(C:\Users\Brezny\AppData\Local\Programs\MiKTeX\tex/latex/biblatex/cbx\authoryea
r.cbx
File: authoryear.cbx 2020/12/31 v3.16 biblatex citation style (PK/MW)
Package biblatex Info: Redefining '\cite'.
Package biblatex Info: Redefining '\parencite'.
Package biblatex Info: Redefining '\footcite'.
Package biblatex Info: Redefining '\footcitetext'.
Package biblatex Info: Redefining '\smartcite'.
Package biblatex Info: Redefining '\textcite'.
Package biblatex Info: Redefining '\textcites'.
)
Package biblatex Info: Trying to load configuration file...
Package biblatex Info: ... file 'biblatex.cfg' found.

(C:\Users\Brezny\AppData\Local\Programs\MiKTeX\tex/latex/biblatex\biblatex.cfg
File: biblatex.cfg 
)) (C:\Users\Brezny\AppData\Local\Programs\MiKTeX\tex/latex/amsmath\amsmath.sty
Package: amsmath 2021/04/20 v2.17j AMS math features
\@mathmargin=\skip83

For additional information on amsmath, use the `?' option.
(C:\Users\Brezny\AppData\Local\Programs\MiKTeX\tex/latex/amsmath\amstext.sty
Package: amstext 2000/06/29 v2.01 AMS text

(C:\Users\Brezny\AppData\Local\Programs\MiKTeX\tex/latex/amsmath\amsgen.sty
File: amsgen.sty 1999/11/30 v2.0 generic functions
\@emptytoks=\toks32
\ex@=\dimen278
))
(C:\Users\Brezny\AppData\Local\Programs\MiKTeX\tex/latex/amsmath\amsbsy.sty
Package: amsbsy 1999/11/29 v1.2d Bold Symbols
\pmbraise@=\dimen279
)
(C:\Users\Brezny\AppData\Local\Programs\MiKTeX\tex/latex/amsmath\amsopn.sty
Package: amsopn 2016/03/08 v2.02 operator names
)
\inf@bad=\count426
LaTeX Info: Redefining \frac on input line 234.
\uproot@=\count427
\leftroot@=\count428
LaTeX Info: Redefining \overline on input line 399.
\classnum@=\count429
\DOTSCASE@=\count430
LaTeX Info: Redefining \ldots on input line 496.
LaTeX Info: Redefining \dots on input line 499.
LaTeX Info: Redefining \cdots on input line 620.
\Mathstrutbox@=\box108
\strutbox@=\box109
\big@size=\dimen280
LaTeX Font Info:    Redeclaring font encoding OML on input line 743.
LaTeX Font Info:    Redeclaring font encoding OMS on input line 744.
\macc@depth=\count431
\c@MaxMatrixCols=\count432
\dotsspace@=\muskip21
\c@parentequation=\count433
\dspbrk@lvl=\count434
\tag@help=\toks33
\row@=\count435
\column@=\count436
\maxfields@=\count437
\andhelp@=\toks34
\eqnshift@=\dimen281
\alignsep@=\dimen282
\tagshift@=\dimen283
\tagwidth@=\dimen284
\totwidth@=\dimen285
\lineht@=\dimen286
\@envbody=\toks35
\multlinegap=\skip84
\multlinetaggap=\skip85
\mathdisplay@stack=\toks36
LaTeX Info: Redefining \[ on input line 2923.
LaTeX Info: Redefining \] on input line 2924.
)
(C:\Users\Brezny\AppData\Local\Programs\MiKTeX\tex/latex/amsfonts\amsfonts.sty
Package: amsfonts 2013/01/14 v3.01 Basic AMSFonts support
\symAMSa=\mathgroup4
\symAMSb=\mathgroup5
LaTeX Font Info:    Redeclaring math symbol \hbar on input line 98.
LaTeX Font Info:    Overwriting math alphabet `\mathfrak' in version `bold'
(Font)                  U/euf/m/n --> U/euf/b/n on input line 106.
) (C:\Users\Brezny\AppData\Local\Programs\MiKTeX\tex/latex/amsfonts\amssymb.sty
Package: amssymb 2013/01/14 v3.01 AMS font symbols
) (C:\Users\Brezny\AppData\Local\Programs\MiKTeX\tex/latex/amscls\amsthm.sty
Package: amsthm 2020/05/29 v2.20.6
\thm@style=\toks37
\thm@bodyfont=\toks38
\thm@headfont=\toks39
\thm@notefont=\toks40
\thm@headpunct=\toks41
\thm@preskip=\skip86
\thm@postskip=\skip87
\thm@headsep=\skip88
\dth@everypar=\toks42
)
\c@notation=\count438
)
(C:\Users\Brezny\AppData\Local\Programs\MiKTeX\tex/generic/babel\babel.sty
Package: babel 2021/06/02 3.60 The Babel package

(C:\Users\Brezny\AppData\Local\Programs\MiKTeX\tex/generic/babel\babel.def
File: babel.def 2021/06/02 3.60 Babel common definitions
\babel@savecnt=\count439
\U@D=\dimen287
\l@unhyphenated=\language80

(C:\Users\Brezny\AppData\Local\Programs\MiKTeX\tex/generic/babel\xebabel.def
(C:\Users\Brezny\AppData\Local\Programs\MiKTeX\tex/generic/babel\txtbabel.def))
\bbl@readstream=\read4
)
\bbl@dirlevel=\count440

*************************************
* Local config file bblopts.cfg used
*
(C:\Users\Brezny\AppData\Local\Programs\MiKTeX\tex/latex/arabi\bblopts.cfg
File: bblopts.cfg 2005/09/08 v0.1 add Arabic and Farsi to "declared" options of
 babel
)
(C:\Users\Brezny\AppData\Local\Programs\MiKTeX\tex/latex/babel-czech\czech.ldf
Language: czech 2008/07/06 v3.1a Czech support from the babel system
Package babel Info: Making " an active character on input line 172.
\cs@wordlen=\count441
Package babel Info: Making - an active character on input line 226.
)) (C:\Users\Brezny\AppData\Local\Programs\MiKTeX\tex/latex/xargs\xargs.sty
Package: xargs 2008/03/22 v1.1  extended macro definitions  (mpg)

(C:\Users\Brezny\AppData\Local\Programs\MiKTeX\tex/latex/xkeyval\xkeyval.sty
Package: xkeyval 2020/11/20 v2.8 package option processing (HA)

(C:\Users\Brezny\AppData\Local\Programs\MiKTeX\tex/generic/xkeyval\xkeyval.tex
(C:\Users\Brezny\AppData\Local\Programs\MiKTeX\tex/generic/xkeyval\xkvutils.tex
\XKV@toks=\toks43
\XKV@tempa@toks=\toks44
)
\XKV@depth=\count442
File: xkeyval.tex 2014/12/03 v2.7a key=value parser (HA)
))
\xargs@max=\count443
\xargs@toksa=\toks45
\xargs@toksb=\toks46
)
(C:\Users\Brezny\AppData\Local\Programs\MiKTeX\tex/latex/titlesec\titlesec.sty
Package: titlesec 2019/10/16 v2.13 Sectioning titles
\ttl@box=\box110
\beforetitleunit=\skip89
\aftertitleunit=\skip90
\ttl@plus=\dimen288
\ttl@minus=\dimen289
\ttl@toksa=\toks47
\titlewidth=\dimen290
\titlewidthlast=\dimen291
\titlewidthfirst=\dimen292
) (C:\Users\Brezny\AppData\Local\Programs\MiKTeX\tex/latex/multirow\multirow.st
y
Package: multirow 2021/03/15 v2.8 Span multiple rows of a table
\multirow@colwidth=\skip91
\multirow@cntb=\count444
\multirow@dima=\skip92
\bigstrutjot=\dimen293
) (C:\Users\Brezny\AppData\Local\Programs\MiKTeX\tex/latex/tools\tabularx.sty
Package: tabularx 2020/01/15 v2.11c `tabularx' package (DPC)

(C:\Users\Brezny\AppData\Local\Programs\MiKTeX\tex/latex/tools\array.sty
Package: array 2021/04/20 v2.5e Tabular extension package (FMi)
\col@sep=\dimen294
\ar@mcellbox=\box111
\extrarowheight=\dimen295
\NC@list=\toks48
\extratabsurround=\skip93
\backup@length=\skip94
\ar@cellbox=\box112
)
\TX@col@width=\dimen296
\TX@old@table=\dimen297
\TX@old@col=\dimen298
\TX@target=\dimen299
\TX@delta=\dimen300
\TX@cols=\count445
\TX@ftn=\toks49
)
(C:\Users\Brezny\AppData\Local\Programs\MiKTeX\tex/latex/regexpatch\regexpatch.
sty (C:\Users\Brezny\AppData\Local\Programs\MiKTeX\tex/latex/l3kernel\expl3.sty
Package: expl3 2021-06-01 L3 programming layer (loader) 

(C:\Users\Brezny\AppData\Local\Programs\MiKTeX\tex/latex/l3backend\l3backend-xe
tex.def
File: l3backend-xetex.def 2021-05-07 L3 backend support: XeTeX
 ()
\c__kernel_sys_dvipdfmx_version_int=\count446
\l__color_backend_stack_int=\count447
\g__color_backend_stack_int=\count448
\g__graphics_track_int=\count449
\l__pdf_internal_box=\box113
\g__pdf_backend_object_int=\count450
\g__pdf_backend_annotation_int=\count451
\g__pdf_backend_link_int=\count452
))
Package: regexpatch 2021/03/21 v0.2f Extending etoolbox patching commands

(C:\Users\Brezny\AppData\Local\Programs\MiKTeX\tex/latex/l3packages/xparse\xpar
se.sty
Package: xparse 2021-06-01 L3 Experimental document command parser
))
(C:\Users\Brezny\AppData\Local\Programs\MiKTeX\tex/latex/was\icomma.sty
Package: icomma 2002/03/10 v2.0 (WaS)
)
(C:\Users\Brezny\AppData\Local\Programs\MiKTeX\tex/latex/siunitx\siunitx.sty
Package: siunitx 2021-06-09 v3.0.12 A comprehensive (SI) units package
\l__siunitx_angle_tmp_dim=\dimen301
\l__siunitx_angle_marker_box=\box114
\l__siunitx_angle_unit_box=\box115
\l__siunitx_compound_count_int=\count453

(C:\Users\Brezny\AppData\Local\Programs\MiKTeX\tex/latex/translations\translati
ons.sty
Package: translations 2021/01/17 v1.10a internationalization of LaTeX2e package
s (CN)
)
\l__siunitx_number_exponent_fixed_int=\count454
\l__siunitx_number_min_decimal_int=\count455
\l__siunitx_number_min_integer_int=\count456
\l__siunitx_number_round_precision_int=\count457
\l__siunitx_number_group_minimum_int=\count458
\l__siunitx_table_tmp_box=\box116
\l__siunitx_table_tmp_dim=\dimen302
\l__siunitx_table_column_width_dim=\dimen303
\l__siunitx_table_integer_box=\box117
\l__siunitx_table_decimal_box=\box118
\l__siunitx_table_before_box=\box119
\l__siunitx_table_after_box=\box120
\l__siunitx_table_before_dim=\dimen304
\l__siunitx_table_carry_dim=\dimen305
\l__siunitx_unit_tmp_int=\count459
\l__siunitx_unit_position_int=\count460
\l__siunitx_unit_total_int=\count461

(C:\Users\Brezny\AppData\Local\Programs\MiKTeX\tex/latex/l3packages/l3keys2e\l3
keys2e.sty
Package: l3keys2e 2021-06-01 LaTeX2e option processing using LaTeX3 keys
))
(C:\Users\Brezny\AppData\Local\Programs\MiKTeX\tex/latex/eqexpl\eqexpl.sty
Package: eqexpl 2019/05/15 v. 1.1

(C:\Users\Brezny\AppData\Local\Programs\MiKTeX\tex/latex/tools\calc.sty
Package: calc 2017/05/25 v4.3 Infix arithmetic (KKT,FJ)
\calc@Acount=\count462
\calc@Bcount=\count463
\calc@Adimen=\dimen306
\calc@Bdimen=\dimen307
\calc@Askip=\skip95
\calc@Bskip=\skip96
LaTeX Info: Redefining \setlength on input line 80.
LaTeX Info: Redefining \addtolength on input line 81.
\calc@Ccount=\count464
\calc@Cskip=\skip97
)
\eqexplSpaceWidth=\skip98
\itemWidth=\skip99
\leftSideWidth=\skip100
)
(C:\Users\Brezny\AppData\Local\Programs\MiKTeX\tex/latex/mhchem\mhchem.sty
Package: mhchem 2018/06/22 v4.08 for typesetting chemical formulae

(C:\Users\Brezny\AppData\Local\Programs\MiKTeX\tex/latex/chemgreek\chemgreek.st
y
Package: chemgreek 2020/01/16 v1.1a interface for upright Greek letters for use
 in chemistry (CN)
\l__chemgreek_tmpa_int=\count465
\g__chemgreek_tmpa_int=\count466
)
\l__mhchem_ce_distanceFromLastComma_int=\count467
\__mhchem_arrow_extPgfLength_skip=\skip101
\mhchem@minispace@tmp=\skip102
\mhchem@minibackspace@tmp=\skip103
\mhchem@bondwidth=\skip104
\mhchem@bondheight=\skip105
\mhchem@smallbondwidth@tmpA=\skip106
\mhchem@smallbondwidth@tmpB=\skip107
\mhchem@smallbondwidth=\skip108
\mhchem@bondtmp@minussidebearingleft=\skip109
\mhchem@bondtmp@minussidebearingright=\skip110
\l__mhchem_option_version_int=\count468
\mhchem@option@minusmathsidebearingleft=\dimen308
\mhchem@option@minusmathsidebearingright=\dimen309
\mhchem@option@minustextsidebearingleft=\dimen310
\mhchem@option@minustextsidebearingright=\dimen311
) (C:\Users\Brezny\AppData\Local\Programs\MiKTeX\tex/latex/units\nicefrac.sty
Package: nicefrac 1998/08/04 v0.9b Nice fractions
\L@UnitsRaiseDisplaystyle=\skip111
\L@UnitsRaiseTextstyle=\skip112
\L@UnitsRaiseScriptstyle=\skip113
LaTeX Info: Redefining \nicefrac on input line 131.
) (C:\Users\Brezny\AppData\Local\Programs\MiKTeX\tex/latex/tools\longtable.sty
Package: longtable 2021-05-07 v4.16 Multi-page Table package (DPC)
\LTleft=\skip114
\LTright=\skip115
\LTpre=\skip116
\LTpost=\skip117
\LTchunksize=\count469
\LTcapwidth=\dimen312
\LT@head=\box121
\LT@firsthead=\box122
\LT@foot=\box123
\LT@lastfoot=\box124
\LT@gbox=\box125
\LT@cols=\count470
\LT@rows=\count471
\c@LT@tables=\count472
\c@LT@chunks=\count473
\LT@p@ftn=\toks50
)
(C:\Users\Brezny\AppData\Local\Programs\MiKTeX\tex/latex/pdflscape\pdflscape.st
y
Package: pdflscape 2019/12/05 v0.12 Display of landscape pages in PDF (HO)
 (C:\Users\Brezny\AppData\Local\Programs\MiKTeX\tex/latex/graphics\lscape.sty
Package: lscape 2020/05/28 v3.02 Landscape Pages (DPC)
)
Package pdflscape Info: Auto-detected driver: dvipdfm (xetex) on input line 98.

(C:\Users\Brezny\AppData\Local\Programs\MiKTeX\tex/latex/base\atbegshi-ltx.sty
Package: atbegshi-ltx 2021/01/10 v1.0c Emulation of the original atbegshi
package with kernel methods
))
(C:\Users\Brezny\AppData\Local\Programs\MiKTeX\tex/latex/graphics\rotating.sty
Package: rotating 2016/08/11 v2.16d rotated objects in LaTeX
\c@r@tfl@t=\count474
\rotFPtop=\skip118
\rotFPbot=\skip119
\rot@float@box=\box126
\rot@mess@toks=\toks51
)
(C:\Users\Brezny\AppData\Local\Programs\MiKTeX\tex/latex/tcolorbox\tcolorbox.st
y
Package: tcolorbox 2021/05/21 version 4.50 text color boxes
 (C:\Users\Brezny\AppData\Local\Programs\MiKTeX\tex/latex/tools\verbatim.sty
Package: verbatim 2020-07-07 v1.5u LaTeX2e package for verbatim enhancements
\every@verbatim=\toks52
\verbatim@line=\toks53
\verbatim@in@stream=\read5
)
(C:\Users\Brezny\AppData\Local\Programs\MiKTeX\tex/latex/environ\environ.sty
Package: environ 2014/05/04 v0.3 A new way to define environments

(C:\Users\Brezny\AppData\Local\Programs\MiKTeX\tex/latex/trimspaces\trimspaces.
sty
Package: trimspaces 2009/09/17 v1.1 Trim spaces around a token list
))
\tcb@titlebox=\box127
\tcb@upperbox=\box128
\tcb@lowerbox=\box129
\tcb@phantombox=\box130
\c@tcbbreakpart=\count475
\c@tcblayer=\count476
\c@tcolorbox@number=\count477
\tcb@temp=\box131
\tcb@temp=\box132
\tcb@temp=\box133
\tcb@temp=\box134
)
(C:\Users\Brezny\AppData\Local\Programs\MiKTeX\tex/latex/todonotes\todonotes.st
y
Package: todonotes 2021/06/04 v1.1.5 Todonotes source and documentation.
Package: todonotes 2021/06/04

(C:\Users\Brezny\AppData\Local\Programs\MiKTeX\tex/generic/pgf/frontendlayer/ti
kz/libraries\tikzlibrarypositioning.code.tex
File: tikzlibrarypositioning.code.tex 2021/05/15 v3.1.9a (3.1.9a)
)
\c@@todonotes@numberoftodonotes=\count478
)
(C:\Users\Brezny\AppData\Local\Programs\MiKTeX\tex/latex/hyperref\hyperref.sty
Package: hyperref 2021-06-07 v7.00m Hypertext links for LaTeX

(C:\Users\Brezny\AppData\Local\Programs\MiKTeX\tex/generic/kvdefinekeys\kvdefin
ekeys.sty
Package: kvdefinekeys 2019-12-19 v1.6 Define keys (HO)
)
(C:\Users\Brezny\AppData\Local\Programs\MiKTeX\tex/generic/pdfescape\pdfescape.
sty
Package: pdfescape 2019/12/09 v1.15 Implements pdfTeX's escape features (HO)
)
(C:\Users\Brezny\AppData\Local\Programs\MiKTeX\tex/latex/hycolor\hycolor.sty
Package: hycolor 2020-01-27 v1.10 Color options for hyperref/bookmark (HO)
)
(C:\Users\Brezny\AppData\Local\Programs\MiKTeX\tex/latex/letltxmacro\letltxmacr
o.sty
Package: letltxmacro 2019/12/03 v1.6 Let assignment for LaTeX macros (HO)
)
(C:\Users\Brezny\AppData\Local\Programs\MiKTeX\tex/latex/auxhook\auxhook.sty
Package: auxhook 2019-12-17 v1.6 Hooks for auxiliary files (HO)
)
\@linkdim=\dimen313
\Hy@linkcounter=\count479
\Hy@pagecounter=\count480

(C:\Users\Brezny\AppData\Local\Programs\MiKTeX\tex/latex/hyperref\pd1enc.def
File: pd1enc.def 2021-06-07 v7.00m Hyperref: PDFDocEncoding definition (HO)
)
(C:\Users\Brezny\AppData\Local\Programs\MiKTeX\tex/latex/hyperref\hyperref-lang
patches.def
File: hyperref-langpatches.def 2021-06-07 v7.00m Hyperref: patches for babel la
nguages
)
(C:\Users\Brezny\AppData\Local\Programs\MiKTeX\tex/generic/intcalc\intcalc.sty
Package: intcalc 2019/12/15 v1.3 Expandable calculations with integers (HO)
)
(C:\Users\Brezny\AppData\Local\Programs\MiKTeX\tex/generic/etexcmds\etexcmds.st
y
Package: etexcmds 2019/12/15 v1.7 Avoid name clashes with e-TeX commands (HO)
)
\Hy@SavedSpaceFactor=\count481
 (C:\Users\Brezny\AppData\Local\Programs\MiKTeX\tex/latex/hyperref\puenc.def
File: puenc.def 2021-06-07 v7.00m Hyperref: PDF Unicode definition (HO)
)
Package hyperref Info: Hyper figures OFF on input line 4192.
Package hyperref Info: Link nesting OFF on input line 4197.
Package hyperref Info: Hyper index ON on input line 4200.
Package hyperref Info: Plain pages OFF on input line 4207.
Package hyperref Info: Backreferencing OFF on input line 4212.
Package hyperref Info: Implicit mode ON; LaTeX internals redefined.
Package hyperref Info: Bookmarks ON on input line 4445.
\c@Hy@tempcnt=\count482
LaTeX Info: Redefining \url on input line 4804.
\XeTeXLinkMargin=\dimen314
(C:\Users\Brezny\AppData\Local\Programs\MiKTeX\tex/generic/bitset\bitset.sty
Package: bitset 2019/12/09 v1.3 Handle bit-vector datatype (HO)

(C:\Users\Brezny\AppData\Local\Programs\MiKTeX\tex/generic/bigintcalc\bigintcal
c.sty
Package: bigintcalc 2019/12/15 v1.5 Expandable calculations on big integers (HO
)
))
\Fld@menulength=\count483
\Field@Width=\dimen315
\Fld@charsize=\dimen316
Package hyperref Info: Hyper figures OFF on input line 6076.
Package hyperref Info: Link nesting OFF on input line 6081.
Package hyperref Info: Hyper index ON on input line 6084.
Package hyperref Info: backreferencing OFF on input line 6091.
Package hyperref Info: Link coloring OFF on input line 6096.
Package hyperref Info: Link coloring with OCG OFF on input line 6101.
Package hyperref Info: PDF/A mode OFF on input line 6106.
LaTeX Info: Redefining \ref on input line 6146.
LaTeX Info: Redefining \pageref on input line 6150.
\Hy@abspage=\count484
\c@Item=\count485
\c@Hfootnote=\count486
)
Package hyperref Info: Driver (autodetected): hxetex.

(C:\Users\Brezny\AppData\Local\Programs\MiKTeX\tex/latex/hyperref\hxetex.def
File: hxetex.def 2021-06-07 v7.00m Hyperref driver for XeTeX

(C:\Users\Brezny\AppData\Local\Programs\MiKTeX\tex/generic/stringenc\stringenc.
sty
Package: stringenc 2019/11/29 v1.12 Convert strings between diff. encodings (HO
)
)
\pdfm@box=\box135
\c@Hy@AnnotLevel=\count487
\HyField@AnnotCount=\count488
\Fld@listcount=\count489
\c@bookmark@seq@number=\count490

(C:\Users\Brezny\AppData\Local\Programs\MiKTeX\tex/latex/rerunfilecheck\rerunfi
lecheck.sty
Package: rerunfilecheck 2019/12/05 v1.9 Rerun checks for auxiliary files (HO)

(C:\Users\Brezny\AppData\Local\Programs\MiKTeX\tex/latex/base\atveryend-ltx.sty
Package: atveryend-ltx 2020/08/19 v1.0a Emulation of the original atvery packag
e
with kernel methods
)
(C:\Users\Brezny\AppData\Local\Programs\MiKTeX\tex/generic/uniquecounter\unique
counter.sty
Package: uniquecounter 2019/12/15 v1.4 Provide unlimited unique counter (HO)
)
Package uniquecounter Info: New unique counter `rerunfilecheck' on input line 2
86.
)
\Hy@SectionHShift=\skip120
)
Package csquotes Info: Checking for multilingual support...
Package csquotes Info: ... found 'babel' package.
Package csquotes Info: Adjusting default style.
Package csquotes Info: Redefining alias 'default' -> 'czech'.
 (main.aux

LaTeX Warning: Label `key' multiply defined.


LaTeX Warning: Label `eq:tecne' multiply defined.


LaTeX Warning: Label `eq:tecne' multiply defined.


LaTeX Warning: Label `eq:tecne' multiply defined.

)
\openout1 = `main.aux'.

LaTeX Font Info:    Checking defaults for OML/cmm/m/it on input line 149.
LaTeX Font Info:    ... okay on input line 149.
LaTeX Font Info:    Checking defaults for OMS/cmsy/m/n on input line 149.
LaTeX Font Info:    ... okay on input line 149.
LaTeX Font Info:    Checking defaults for OT1/cmr/m/n on input line 149.
LaTeX Font Info:    ... okay on input line 149.
LaTeX Font Info:    Checking defaults for T1/cmr/m/n on input line 149.
LaTeX Font Info:    ... okay on input line 149.
LaTeX Font Info:    Checking defaults for TS1/cmr/m/n on input line 149.
LaTeX Font Info:    Trying to load font information for TS1+cmr on input line 1
49.
 (C:\Users\Brezny\AppData\Local\Programs\MiKTeX\tex/latex/base\ts1cmr.fd
File: ts1cmr.fd 2019/12/16 v2.5j Standard LaTeX font definitions
)
LaTeX Font Info:    ... okay on input line 149.
LaTeX Font Info:    Checking defaults for TU/lmr/m/n on input line 149.
LaTeX Font Info:    ... okay on input line 149.
LaTeX Font Info:    Checking defaults for OMX/cmex/m/n on input line 149.
LaTeX Font Info:    ... okay on input line 149.
LaTeX Font Info:    Checking defaults for U/cmr/m/n on input line 149.
LaTeX Font Info:    ... okay on input line 149.
LaTeX Font Info:    Checking defaults for PD1/pdf/m/n on input line 149.
LaTeX Font Info:    ... okay on input line 149.
LaTeX Font Info:    Checking defaults for PU/pdf/m/n on input line 149.
LaTeX Font Info:    ... okay on input line 149.

*geometry* driver: auto-detecting
*geometry* detected driver: xetex
*geometry* verbose mode - [ preamble ] result:
* driver: xetex
* paper: a4paper
* layout: <same size as paper>
* layoutoffset:(h,v)=(0.0pt,0.0pt)
* modes: twoside 
* h-part:(L,W,R)=(71.13188pt, 455.24411pt, 71.13188pt)
* v-part:(T,H,B)=(42.67912pt, 745.46222pt, 56.9055pt)
* \paperwidth=597.50787pt
* \paperheight=845.04684pt
* \textwidth=455.24411pt
* \textheight=745.46222pt
* \oddsidemargin=-1.1381pt
* \evensidemargin=-1.1381pt
* \topmargin=-53.59087pt
* \headheight=15.0pt
* \headsep=10.0pt
* \topskip=11.0pt
* \footskip=28.45274pt
* \marginparwidth=56.9055pt
* \marginparsep=10.0pt
* \columnsep=10.0pt
* \skip\footins=10.0pt plus 4.0pt minus 2.0pt
* \hoffset=0.0pt
* \voffset=0.0pt
* \mag=1000
* \@twocolumntrue
* \@twosidetrue
* \@mparswitchtrue
* \@reversemarginfalse
* (1in=72.27pt=25.4mm, 1cm=28.453pt)

Package biblatex Info: Trying to load language 'czech'...
Package biblatex Info: ... file 'czech.lbx' found.

(C:\Users\Brezny\AppData\Local\Programs\MiKTeX\tex/latex/biblatex/lbx\czech.lbx
File: czech.lbx 2020/12/31 v3.16 biblatex localization (PK/MW)
)
Package biblatex Info: XeTeX detected.
(biblatex)             Assuming input encoding 'utf8'.
Package biblatex Info: Automatic encoding selection.
(biblatex)             Assuming data encoding 'utf8'.
Package biblatex Info: Document encoding is UTF8 ....
Package biblatex Info: ... and expl3
(biblatex)             2021-06-01 L3 programming layer (loader) 
(biblatex)             is new enough (at least 2020/04/06),
(biblatex)             setting 'casechanger=expl3'.

(C:\Users\Brezny\AppData\Local\Programs\MiKTeX\tex/latex/biblatex\blx-case-expl
3.sty
Package: blx-case-expl3 2020/12/31 v3.16 expl3 case changing code for biblatex
)
\openout4 = `main.bcf'.

Package biblatex Info: Trying to load bibliographic data...
Package biblatex Info: ... file 'main.bbl' found.
 (main.bbl)
Package biblatex Info: Reference section=0 on input line 149.
Package biblatex Info: Reference segment=0 on input line 149.
Package translations Info: no dictionary file `translations-basic-dictionary-cz
ech.trsl' found. on input line 149.

Package chemgreek Info: Activating mapping `default' on line 149.

Package hyperref Info: Link coloring OFF on input line 149.

(C:\Users\Brezny\AppData\Local\Programs\MiKTeX\tex/latex/hyperref\nameref.sty
Package: nameref 2021-04-02 v2.47 Cross-referencing by name of section

(C:\Users\Brezny\AppData\Local\Programs\MiKTeX\tex/latex/refcount\refcount.sty
Package: refcount 2019/12/15 v3.6 Data extraction from label references (HO)
)
(C:\Users\Brezny\AppData\Local\Programs\MiKTeX\tex/generic/gettitlestring\getti
tlestring.sty
Package: gettitlestring 2019/12/15 v1.6 Cleanup title references (HO)
)
\c@section@level=\count491
)
LaTeX Info: Redefining \ref on input line 149.
LaTeX Info: Redefining \pageref on input line 149.
LaTeX Info: Redefining \nameref on input line 149.
 (main.out) (main.out)
\@outlinefile=\write5
\openout5 = `main.out'.

 (text/title.tex
File: obrazky/logo/logo_cze.png Graphic file (type bmp)
<obrazky/logo/logo_cze.png>
) [1


] [2


]
(text/preface.tex) [1

] [2

] (main.tdo
LaTeX Font Info:    Trying to load font information for U+msa on input line 2.

(C:\Users\Brezny\AppData\Local\Programs\MiKTeX\tex/latex/amsfonts\umsa.fd
File: umsa.fd 2013/01/14 v3.01 AMS symbols A
)
LaTeX Font Info:    Trying to load font information for U+msb on input line 2.

(C:\Users\Brezny\AppData\Local\Programs\MiKTeX\tex/latex/amsfonts\umsb.fd
File: umsb.fd 2013/01/14 v3.01 AMS symbols B
)
[3])
\tf@tdo=\write6
\openout6 = `main.tdo'.

 [4] (main.toc [5

] [6] [7])
\tf@toc=\write7
\openout7 = `main.toc'.

 [8] [1




] [2]
Kapitola 1.
(text/uvod.tex
File: obrazky/uvod/diagram_geomorf.pdf Graphic file (type pdf)
<use obrazky/uvod/diagram_geomorf.pdf>


LaTeX Warning: No positions in optional float specifier.
               Default added (so using `tbp') on input line 22.


Underfull \hbox (badness 10000) in paragraph at lines 39--39
[]|\TU/lmr/m/n/10.95 Identifikace morfologických prvků
 []


Underfull \hbox (badness 2922) in paragraph at lines 39--39
[]|\TU/lmr/m/n/10.95 Kontext pro pochopení zvláštních
 []


Underfull \hbox (badness 1742) in paragraph at lines 50--51
[]\TU/lmr/bx/n/10.95 Jednota procesů: \TU/lmr/m/n/10.95 pokud lze vysvět-
 []

[3


] [4]
File: obrazky/uvod/davies.jpeg Graphic file (type bmp)
<obrazky/uvod/davies.jpeg>

Underfull \hbox (badness 10000) in paragraph at lines 65--65
[]\TU/lmr/m/n/10.95 Obrázek 1.2: []William Morris Davies
 []


Underfull \hbox (badness 6510) in paragraph at lines 65--65
\TU/lmr/m/n/10.95 (zdroj: Bibliothèque nationale de France
 []


Overfull \hbox (12.06923pt too wide) in paragraph at lines 65--65
\TU/lmr/m/n/10.95 https://gallica.bnf.fr/ark:/12148/btv1b8453640z,
 []

Package hyperref Info: bookmark level for unknown todo defaults to 0 on input l
ine 76.

Underfull \hbox (badness 1264) in paragraph at lines 83--84
[]\TU/lmr/bx/n/10.95 Strukturní geomorfologie \TU/lmr/m/n/10.95 se zabývá
 []


Underfull \hbox (badness 1783) in paragraph at lines 86--87
[]\TU/lmr/bx/n/10.95 Paleogeomorfologie \TU/lmr/m/n/10.95 nebo také histo-
 []


Underfull \hbox (badness 6691) in paragraph at lines 88--89
\TU/lmr/m/n/10.95 geomorfologie aplikuje geomorfologické
 []

) [5] [6

]
Kapitola 2.
(text/zakl_konc.tex
Underfull \hbox (badness 1043) in paragraph at lines 13--14
\TU/lmr/m/n/10.95 genní procesy mohou lokalizovaně zvyšovat
 []

File: obrazky/uvod/zmeny_vysky.pdf Graphic file (type pdf)
<use obrazky/uvod/zmeny_vysky.pdf>
[7]

LaTeX Warning: No positions in optional float specifier.
               Default added (so using `tbp') on input line 43.


Underfull \hbox (badness 10000) in paragraph at lines 115--115
[]|\TU/lmr/m/n/9 Malé
 []


Underfull \hbox (badness 10000) in paragraph at lines 115--115
\TU/lmr/m/n/9 zlomové
 []


Underfull \hbox (badness 10000) in paragraph at lines 115--115
[]|\TU/lmr/m/n/9 Tůně a
 []


Underfull \hbox (badness 1803) in paragraph at lines 115--115
\TU/lmr/m/n/9 peřeje v
 []


Underfull \hbox (badness 10000) in paragraph at lines 115--115
\TU/lmr/m/n/9 malém
 []


Underfull \hbox (badness 10000) in paragraph at lines 115--115
[]|\TU/lmr/m/n/9 Malé
 []


Underfull \hbox (badness 10000) in paragraph at lines 115--115
\TU/lmr/m/n/9 moré-
 []


Underfull \hbox (badness 10000) in paragraph at lines 115--115
\TU/lmr/m/n/9 nové
 []


Underfull \hbox (badness 10000) in paragraph at lines 115--115
[]|\TU/lmr/m/n/9 Písečné
 []


Overfull \hbox (5.30913pt too wide) in paragraph at lines 115--115
[]|\TU/lmr/m/n/9 Jednotlivá
 []


Underfull \hbox (badness 10000) in paragraph at lines 115--115
\TU/lmr/m/n/9 zemětře-
 []


Underfull \hbox (badness 10000) in paragraph at lines 115--115
\TU/lmr/m/n/9 sení
 []


Underfull \hbox (badness 10000) in paragraph at lines 115--115
\TU/lmr/m/n/9 nebo
 []


Underfull \hbox (badness 10000) in paragraph at lines 115--115
\TU/lmr/m/n/9 sopečné
 []


Overfull \hbox (12.90514pt too wide) in paragraph at lines 115--115
[]|\TU/lmr/m/n/9 Mikroklima,
 []


Underfull \hbox (badness 10000) in paragraph at lines 115--115
\TU/lmr/m/n/9 meteoro-
 []


Underfull \hbox (badness 10000) in paragraph at lines 115--115
\TU/lmr/m/n/9 logické
 []


Underfull \hbox (badness 10000) in paragraph at lines 115--115
[]|\TU/lmr/m/n/9 Steady
 []


Underfull \hbox (badness 10000) in paragraph at lines 115--115
[]|\TU/lmr/m/n/9 Malé
 []


Underfull \hbox (badness 10000) in paragraph at lines 115--115
\TU/lmr/m/n/9 dovcová
 []


Underfull \hbox (badness 10000) in paragraph at lines 115--115
[]|\TU/lmr/m/n/9 Místní
 []


Underfull \hbox (badness 10000) in paragraph at lines 115--115
\TU/lmr/m/n/9 a regi-
 []


Underfull \hbox (badness 10000) in paragraph at lines 115--115
\TU/lmr/m/n/9 onální
 []


Underfull \hbox (badness 10000) in paragraph at lines 115--115
\TU/lmr/m/n/9 isosta-
 []


Underfull \hbox (badness 10000) in paragraph at lines 115--115
\TU/lmr/m/n/9 tický
 []


Underfull \hbox (badness 10000) in paragraph at lines 115--115
\TU/lmr/m/n/9 výzdvih,
 []


Underfull \hbox (badness 10000) in paragraph at lines 115--115
\TU/lmr/m/n/9 lokální
 []


Underfull \hbox (badness 10000) in paragraph at lines 115--115
\TU/lmr/m/n/9 vulka-
 []


Underfull \hbox (badness 10000) in paragraph at lines 115--115
\TU/lmr/m/n/9 zemětře-
 []


Underfull \hbox (badness 10000) in paragraph at lines 115--115
[]|\TU/lmr/m/n/9 Lokální
 []


Underfull \hbox (badness 10000) in paragraph at lines 115--115
\TU/lmr/m/n/9 klima,
 []


Underfull \hbox (badness 10000) in paragraph at lines 115--115
\TU/lmr/m/n/9 krát-
 []


Underfull \hbox (badness 10000) in paragraph at lines 115--115
\TU/lmr/m/n/9 kodobé
 []


Underfull \hbox (badness 10000) in paragraph at lines 115--115
\TU/lmr/m/n/9 změny
 []


Overfull \hbox (7.46913pt too wide) in paragraph at lines 115--115
[]|\TU/lmr/m/n/9 dynamický
 []


Underfull \hbox (badness 10000) in paragraph at lines 115--115
[]|\TU/lmr/m/n/9 Zlomová
 []


Overfull \hbox (5.02113pt too wide) in paragraph at lines 115--115
[]|\TU/lmr/m/n/9 Ledovcové
 []


Underfull \hbox (badness 10000) in paragraph at lines 115--115
[]|\TU/lmr/m/n/9 Písečná
 []


Overfull \hbox (6.59613pt too wide) in paragraph at lines 115--115
[]|\TU/lmr/m/n/9 Regionální
 []


Underfull \hbox (badness 10000) in paragraph at lines 115--115
\TU/lmr/m/n/9 výzdvih
 []


Overfull \hbox (6.59613pt too wide) in paragraph at lines 115--115
[]|\TU/lmr/m/n/9 Regionální
 []


Underfull \hbox (badness 10000) in paragraph at lines 115--115
\TU/lmr/m/n/9 klima,
 []


Underfull \hbox (badness 10000) in paragraph at lines 115--115
\TU/lmr/m/n/9 dlou-
 []


Underfull \hbox (badness 10000) in paragraph at lines 115--115
\TU/lmr/m/n/9 hodobé
 []


Underfull \hbox (badness 10000) in paragraph at lines 115--115
\TU/lmr/m/n/9 změny
 []


Underfull \hbox (badness 10000) in paragraph at lines 115--115
\TU/lmr/m/n/9 klimatu
 []


Underfull \hbox (badness 10000) in paragraph at lines 115--115
\TU/lmr/m/n/9 (střídání
 []


Underfull \hbox (badness 10000) in paragraph at lines 115--115
\TU/lmr/m/n/9 glaciálů
 []


Underfull \hbox (badness 7869) in paragraph at lines 115--115
\TU/lmr/m/n/9 a inter-
 []


Overfull \hbox (14.46214pt too wide) in paragraph at lines 115--115
[]|[]| 
 []


Underfull \hbox (badness 10000) in paragraph at lines 115--115
[]|\TU/lmr/m/n/9 Hlavní
 []


Underfull \hbox (badness 10000) in paragraph at lines 115--115
[]|\TU/lmr/m/n/9 Hlavní
 []


Overfull \hbox (19.05214pt too wide) in paragraph at lines 115--115
[]|\TU/lmr/m/n/9 Kontinentální
 []


Underfull \hbox (badness 10000) in paragraph at lines 115--115
\TU/lmr/m/n/9 ledov-
 []


Underfull \hbox (badness 10000) in paragraph at lines 115--115
\TU/lmr/m/n/9 cové
 []


Underfull \hbox (badness 10000) in paragraph at lines 115--115
[]|\TU/lmr/m/n/9 Rozsáhlá
 []


Underfull \hbox (badness 10000) in paragraph at lines 115--115
\TU/lmr/m/n/9 písečná
 []


Overfull \hbox (12.50914pt too wide) in paragraph at lines 115--115
[]|\TU/lmr/m/n/9 Dlouhodobé
 []


Underfull \hbox (badness 10000) in paragraph at lines 115--115
\TU/lmr/m/n/9 rozložení
 []


Underfull \hbox (badness 10000) in paragraph at lines 115--115
\TU/lmr/m/n/9 vý-
 []


Underfull \hbox (badness 10000) in paragraph at lines 115--115
\TU/lmr/m/n/9 zdvihu,
 []


Underfull \hbox (badness 10000) in paragraph at lines 115--115
\TU/lmr/m/n/9 poklesu
 []


Underfull \hbox (badness 10000) in paragraph at lines 115--115
\TU/lmr/m/n/9 a po-
 []


Underfull \hbox (badness 10000) in paragraph at lines 115--115
\TU/lmr/m/n/9 hyby
 []


Underfull \hbox (badness 10000) in paragraph at lines 115--115
\TU/lmr/m/n/9 litosfé-
 []


Underfull \hbox (badness 10000) in paragraph at lines 115--115
\TU/lmr/m/n/9 rických
 []


Underfull \hbox (badness 10000) in paragraph at lines 115--115
[]|\TU/lmr/m/n/9 Hlavní
 []


Underfull \hbox (badness 10000) in paragraph at lines 115--115
\TU/lmr/m/n/9 klima-
 []


Underfull \hbox (badness 10000) in paragraph at lines 115--115
\TU/lmr/m/n/9 tické
 []


Underfull \hbox (badness 10000) in paragraph at lines 115--115
\TU/lmr/m/n/9 zóny,
 []


Underfull \hbox (badness 10000) in paragraph at lines 115--115
\TU/lmr/m/n/9 dlouho-
 []


Underfull \hbox (badness 10000) in paragraph at lines 115--115
\TU/lmr/m/n/9 trvající
 []


Underfull \hbox (badness 10000) in paragraph at lines 115--115
\TU/lmr/m/n/9 změny
 []


Underfull \hbox (badness 10000) in paragraph at lines 115--115
\TU/lmr/m/n/9 klimatu
 []


Underfull \hbox (badness 10000) in paragraph at lines 115--115
\TU/lmr/m/n/9 (doby
 []

[8] [9]
Underfull \hbox (badness 2126) in paragraph at lines 154--154
|[]\TU/lmr/bx/n/12 Magnitudo a frekvence geo-
 []

) [10

] [11


] [12]
Kapitola 3.
(text/globalni.tex
File: ./obrazky//./tectonic/Earth_cutaway_schematic-en.pdf Graphic file (type p
df)
<use ./obrazky//./tectonic/Earth_cutaway_schematic-en.pdf>
File: ./obrazky//./tectonic/Plates_tect_cs.svg.png Graphic file (type bmp)
<./obrazky//./tectonic/Plates_tect_cs.svg.png>

Underfull \hbox (badness 1168) in paragraph at lines 33--34
\TU/lmr/m/n/10.95 hovoříme o \TU/lmr/bx/n/10.95 konvergentním \TU/lmr/m/n/10.95
 okraji. Pokud
 []


Underfull \hbox (badness 1178) in paragraph at lines 33--34
\TU/lmr/m/n/10.95 se střetávají dvě oceánské desky, jedna se
 []

[13


] [14]

LaTeX Warning: No positions in optional float specifier.
               Default added (so using `tbp') on input line 40.


Underfull \hbox (badness 10000) in paragraph at lines 57--57
[]|\TU/lmr/m/n/10.95 Oceánská–
 []


Underfull \hbox (badness 10000) in paragraph at lines 57--57
\TU/lmr/m/n/10.95 oceánská lito-
 []


Underfull \hbox (badness 10000) in paragraph at lines 57--57
[]|\TU/lmr/m/n/10.95 Oceánská–
 []


Underfull \hbox (badness 10000) in paragraph at lines 57--57
\TU/lmr/m/n/10.95 kontinentální
 []


Underfull \hbox (badness 10000) in paragraph at lines 57--57
[]|\TU/lmr/m/n/10.95 Kontinentální–
 []


Underfull \hbox (badness 10000) in paragraph at lines 57--57
\TU/lmr/m/n/10.95 kontinentální
 []


Underfull \hbox (badness 10000) in paragraph at lines 57--57
[]|\TU/lmr/m/n/10.95 Středooceánský
 []


Underfull \hbox (badness 10000) in paragraph at lines 57--57
\TU/lmr/m/n/10.95 hřbet, vulka-
 []


Underfull \hbox (badness 10000) in paragraph at lines 57--57
[]|\TU/lmr/m/n/10.95 Riftová údolí,
 []


Underfull \hbox (badness 10000) in paragraph at lines 57--57
[]|\TU/lmr/m/n/10.95 Oceánský pří-
 []


Underfull \hbox (badness 10000) in paragraph at lines 57--57
\TU/lmr/m/n/10.95 kop, pásemná
 []


Underfull \hbox (badness 10000) in paragraph at lines 57--57
[]|\TU/lmr/m/n/10.95 Komplexní
 []


Underfull \hbox (badness 10000) in paragraph at lines 57--57
[]|\TU/lmr/m/n/10.95 Modifikovaná
 []


Underfull \hbox (badness 1867) in paragraph at lines 57--57
\TU/lmr/m/n/10.95 omezená vulka-
 []


Underfull \hbox (badness 10000) in paragraph at lines 57--57
[]|\TU/lmr/m/n/10.95 Zlomová zóna,
 []


Underfull \vbox (badness 10000) has occurred while \output is active []

 [15]
File: obrazky/tectonic/Hawaii_hotspot.jpg Graphic file (type bmp)
<obrazky/tectonic/Hawaii_hotspot.jpg>

Overfull \hbox (53.59567pt too wide) in paragraph at lines 79--80
 [][] 
 []


Underfull \hbox (badness 1275) in paragraph at lines 88--89
\TU/lmr/m/n/10.95 Histogram nadmořských výšek (a hloubek)
 []


Underfull \vbox (badness 7203) has occurred while \output is active []

 [16]
[17]) [18

]
Kapitola 4.
(text/tektonicka.tex
Underfull \hbox (badness 1629) in paragraph at lines 1--2
[]\TU/lmr/m/n/10.95 Tektonická goeomorfologie studuje tekto-
 []


LaTeX Warning: Citation 'burbankTectonicGeomorphology2012' on page 19 undefined
 on input line 10.


Underfull \hbox (badness 4686) in paragraph at lines 10--11
[]\TU/lmr/m/n/10.95 Celkové napětí lze rozdělit do tří na
 []


Underfull \hbox (badness 10000) in paragraph at lines 10--11
\TU/lmr/m/n/10.95 sebe kolmých komponent – \TU/lmr/bx/n/10.95 hlavních
 []


Underfull \hbox (badness 10000) in paragraph at lines 10--11
\TU/lmr/bx/n/10.95 (principiálních) napětí\TU/lmr/m/n/10.95 : $\OML/cmm/m/it/10
.95 ^^[[]$ \TU/lmr/m/n/10.95 (největší),
 []


Underfull \hbox (badness 10000) in paragraph at lines 10--11
\OML/cmm/m/it/10.95 ^^[[]$ \TU/lmr/m/n/10.95 (střední) a $\OML/cmm/m/it/10.95 ^
^[[]$ \TU/lmr/m/n/10.95 (nejmenší napětí)
 []


LaTeX Warning: Citation 'markoVseobecnaSystematicka' on page 19 undefined on in
put line 33.

File: obrazky/tectonic/zlomy.png Graphic file (type bmp)
<obrazky/tectonic/zlomy.png>

LaTeX Warning: Citation 'markoVseobecnaSystematicka' on page 19 undefined on in
put line 52.


Underfull \vbox (badness 10000) has occurred while \output is active []

 [19

]
File: obrazky/tectonic/san_andreas.jpg Graphic file (type bmp)
<obrazky/tectonic/san_andreas.jpg>

Underfull \hbox (badness 1603) in paragraph at lines 67--68
\TU/lmr/m/n/10.95 Extenzí vznikají poklesy, tzv. \TU/lmr/bx/n/10.95 pull apart
 []


Underfull \hbox (badness 2165) in paragraph at lines 71--72
\TU/lmr/bx/n/10.95 Poklesové zlomy \TU/lmr/m/n/10.95 („  normal fault“) (Obr.
 []

[20]

LaTeX Warning: Citation 'markoVseobecnaSystematicka' on page 21 undefined on in
put line 73.

File: obrazky/tectonic/pokles.jpg Graphic file (type bmp)
<obrazky/tectonic/pokles.jpg>

Underfull \hbox (badness 2165) in paragraph at lines 73--80
\TU/lmr/m/n/10.95 To znaméná, že jsou konkávně zakřivené.
 []


Underfull \hbox (badness 2318) in paragraph at lines 73--80
\TU/lmr/m/n/10.95 až do horizontální pozice. V případě za-
 []


LaTeX Warning: Citation 'markoVseobecnaSystematicka' on page 21 undefined on in
put line 83.


Underfull \hbox (badness 1924) in paragraph at lines 82--84
\TU/lmr/m/n/10.95 nachází ve vyšší pozici než kra nadložní.
 []


Underfull \hbox (badness 4556) in paragraph at lines 82--84
\TU/lmr/m/n/10.95 tou střižnou deformací, a vrásové, které
 []


Underfull \hbox (badness 1286) in paragraph at lines 82--84
\TU/lmr/m/n/10.95 vznikly přetrhnutím jednoho ramena vrásy
 []


Underfull \vbox (badness 10000) has occurred while \output is active []

File: obrazky/tectonic/fault_scarp.png Graphic file (type bmp)
<obrazky/tectonic/fault_scarp.png>

Underfull \hbox (badness 1953) in paragraph at lines 99--100
\TU/lmr/m/n/10.95 především pevností dané horniny. Rychleji
 []


Underfull \hbox (badness 3000) in paragraph at lines 108--109
[]\TU/lmr/m/n/10.95 Protáhlé sníženiny omezené poklesovými
 []


Underfull \hbox (badness 1742) in paragraph at lines 108--109
\TU/lmr/m/n/10.95 listrickým zlomem na jedné straně a pří-
 []


Underfull \hbox (badness 3514) in paragraph at lines 108--109
\TU/lmr/m/n/10.95 padnými kompenzčními antetickými zlomy
 []

[21]

LaTeX Warning: Citation 'markoVseobecnaSystematicka' on page 22 undefined on in
put line 119.


Underfull \hbox (badness 2080) in paragraph at lines 119--120
\TU/lmr/m/n/10.95 sunutá podél násunových zlomů na vzdá-
 []


Underfull \hbox (badness 3525) in paragraph at lines 119--120
\TU/lmr/m/n/10.95 lenost minimálně 5 km. Běžně se jedná
 []


Underfull \hbox (badness 4024) in paragraph at lines 119--120
\TU/lmr/m/n/10.95 lometrů ([]).
 []

[22]
File: obrazky/tectonic/zagros.jpg Graphic file (type bmp)
<obrazky/tectonic/zagros.jpg>

Underfull \hbox (badness 1466) in paragraph at lines 169--169
[]\TU/lmr/m/n/10.95 Obrázek 4.5: []Pohoří Zagros (zdroj Google
 []

File: obrazky/tectonic/apalachian.jpg Graphic file (type bmp)
<obrazky/tectonic/apalachian.jpg>
File: obrazky/tectonic/strukturni_tvary.png Graphic file (type bmp)
<obrazky/tectonic/strukturni_tvary.png>

Underfull \vbox (badness 10000) has occurred while \output is active []

 [23])
[24

] [25] [26


]
Kapitola 5.
(text/sopky.tex
Underfull \hbox (badness 1314) in paragraph at lines 20--21
\TU/lmr/m/n/10.95 Podoba sopečné erupce je závislá na che-
 []


Underfull \hbox (badness 1048) in paragraph at lines 22--23
\TU/lmr/m/n/10.95 teriál magmatu pochází z větších hloubek,
 []

[27]

LaTeX Warning: No positions in optional float specifier.
               Default added (so using `tbp') on input line 26.


Underfull \hbox (badness 2529) in paragraph at lines 52--52
[]|\TU/lmr/m/n/10 Podoba explozivní
 []


Underfull \hbox (badness 10000) in paragraph at lines 52--52
\TU/lmr/m/n/10 vytvořené okolo
 []


Underfull \hbox (badness 10000) in paragraph at lines 52--52
[]|\TU/lmr/m/n/10 Basické, nízká
 []


Underfull \hbox (badness 2401) in paragraph at lines 52--52
\TU/lmr/m/n/10 plošiny s tvorbou
 []


Underfull \hbox (badness 10000) in paragraph at lines 52--52
[]|\TU/lmr/m/n/10 Basické, nízká
 []


Underfull \hbox (badness 10000) in paragraph at lines 52--52
[]|\TU/lmr/m/n/10 Střední viskozita;
 []


Underfull \hbox (badness 10000) in paragraph at lines 52--52
\TU/lmr/m/n/10 částečně kyselá,
 []


Underfull \hbox (badness 2521) in paragraph at lines 52--52
[]|\TU/lmr/m/n/10 Výlev chybí nebo
 []


Underfull \hbox (badness 10000) in paragraph at lines 52--52
[]|\TU/lmr/m/n/10 Lávové proudy
 []


Underfull \hbox (badness 10000) in paragraph at lines 52--52
\TU/lmr/m/n/10 často chybí; pří-
 []


Underfull \hbox (badness 10000) in paragraph at lines 52--52
\TU/lmr/m/n/10 padně o velké
 []


Underfull \hbox (badness 1430) in paragraph at lines 52--52
[]|\TU/lmr/m/n/10 Sypaný kužel; ex-
 []


Underfull \hbox (badness 1742) in paragraph at lines 52--52
[]|\TU/lmr/m/n/10 Vesuviánská (silná
 []


Underfull \hbox (badness 10000) in paragraph at lines 52--52
[]|\TU/lmr/m/n/10 Lávové proudy
 []


Underfull \hbox (badness 1430) in paragraph at lines 52--52
[]|\TU/lmr/m/n/10 Sypaný kužel; ex-
 []


Underfull \hbox (badness 10000) in paragraph at lines 52--52
[]|\TU/lmr/m/n/10 Rozsáhlé sopečné
 []


Underfull \hbox (badness 10000) in paragraph at lines 52--52
\TU/lmr/m/n/10 pumy a lapilli;
 []


Underfull \hbox (badness 10000) in paragraph at lines 52--52
[]|\TU/lmr/m/n/10 Dómy a/nebo
 []


Underfull \hbox (badness 10000) in paragraph at lines 52--52
\TU/lmr/m/n/10 krátké, mocné
 []


Underfull \hbox (badness 10000) in paragraph at lines 52--52
\TU/lmr/m/n/10 proudy; mohou
 []


Underfull \hbox (badness 2512) in paragraph at lines 52--52
[]|\TU/lmr/m/n/10 dómy; kužely po-
 []


Underfull \hbox (badness 1067) in paragraph at lines 61--63
\TU/lmr/m/n/10.95 ního. Kyselé lávy jsou velice viskózní, což
 []

File: obrazky/sopky/paho_aa.jpg Graphic file (type bmp)
<obrazky/sopky/paho_aa.jpg>
File: obrazky/sopky/maar.jpg Graphic file (type bmp)
<obrazky/sopky/maar.jpg>

Underfull \hbox (badness 1325) in paragraph at lines 94--95
[]\TU/lmr/bx/n/10.95 Stratovulkány \TU/lmr/m/n/10.95 jsou nejběžnějším typem
 []

File: obrazky/sopky/st_helen.jpg Graphic file (type bmp)
<obrazky/sopky/st_helen.jpg>

Underfull \hbox (badness 2735) in paragraph at lines 103--104
[]\TU/lmr/m/n/10.95 Vůbec nejrozsáhlejší vulkanickou formou
 []

[28]
File: obrazky/sopky/mauna_loa.jpg Graphic file (type bmp)
<obrazky/sopky/mauna_loa.jpg>
File: obrazky/sopky/santorini.jpg Graphic file (type bmp)
<obrazky/sopky/santorini.jpg>
) [29

] [30

] [31

] [32



] [33

] [34]
Kapitola 6.
(text/zvetravani.tex
Underfull \hbox (badness 1496) in paragraph at lines 2--3
\TU/lmr/m/n/10.95 Zvětrávání je změna fyzikálních a chemic-
 []


Underfull \hbox (badness 10000) in paragraph at lines 8--8
|[]\TU/lmr/bx/n/14.4 Fyzikální (mechanické)
 []


Underfull \hbox (badness 10000) in paragraph at lines 14--14
|[]\TU/lmr/bx/n/12 Fyzikální zvětrávání vlivem
 []


Underfull \vbox (badness 4120) has occurred while \output is active []

 [35


]
Underfull \hbox (badness 3601) in paragraph at lines 34--34
|[]\TU/lmr/bx/n/12 Faktory ovlivňující chemické
 []


Underfull \hbox (badness 2197) in paragraph at lines 41--44
\TU/lmr/m/n/10.95 Mineralogie a obsah nestabilních minerálů
 []


Underfull \hbox (badness 10000) in paragraph at lines 75--76
[]$[]$$[] []
 []


Overfull \hbox (104.39046pt too wide) in paragraph at lines 75--76
[]$$[]$ 
 []

[36]
Underfull \hbox (badness 1087) in paragraph at lines 121--121
|[]\TU/lmr/bx/n/12 Produkty chemického zvětrá-
 []

) [37

] [38

]
Kapitola 7.
(text/svahy.tex
File: obrazky/slope/segmenty_svahu.pdf Graphic file (type pdf)
<use obrazky/slope/segmenty_svahu.pdf>
File: obrazky/slope/svah_napeti.pdf Graphic file (type pdf)
<use obrazky/slope/svah_napeti.pdf>
 [39]
Underfull \hbox (badness 1112) in paragraph at lines 90--91
\TU/lmr/m/n/10.95 rými je svah budován (např. koheze, pev-
 []

File: obrazky/slope/stability_diagram.pdf Graphic file (type pdf)
<use obrazky/slope/stability_diagram.pdf>

Underfull \hbox (badness 4108) in paragraph at lines 95--95
[]\TU/lmr/m/n/10.95 Obrázek 7.3: []Faktory ovlivňující stabilitu
 []


Underfull \hbox (badness 1199) in paragraph at lines 95--95
\TU/lmr/m/n/10.95 stupují faktory, které podporují nestabilitu
 []

File: obrazky/slope/time_stability.pdf Graphic file (type pdf)
<use obrazky/slope/time_stability.pdf>

Underfull \hbox (badness 10000) in paragraph at lines 150--150
[]|\TU/lmr/m/n/10 Nárůst výšky svahu
 []


Underfull \hbox (badness 10000) in paragraph at lines 150--150
[]|\TU/lmr/m/n/10 Tektonické pochody,
 []


Underfull \hbox (badness 10000) in paragraph at lines 150--150
\TU/lmr/m/n/10 vulkanismus, výzdvih
 []


Underfull \hbox (badness 1194) in paragraph at lines 150--150
[]|\TU/lmr/m/n/10 Výkopy ve svahu, ná-
 []


Underfull \hbox (badness 10000) in paragraph at lines 150--150
[]|\TU/lmr/m/n/10 Odkrytí potenciálních
 []


Underfull \hbox (badness 5274) in paragraph at lines 150--150
[]|\TU/lmr/m/n/10 Snížení pevnosti hor-
 []


Underfull \hbox (badness 7740) in paragraph at lines 150--150
[]|\TU/lmr/m/n/10 Dlouhodobé zvyšování
 []


Underfull \hbox (badness 10000) in paragraph at lines 150--150
[]|\TU/lmr/m/n/10 Infiltrace srážkových
 []


Underfull \hbox (badness 10000) in paragraph at lines 150--150
[]|\TU/lmr/m/n/10 Rychlé zatížení sedi-
 []


Underfull \hbox (badness 10000) in paragraph at lines 150--150
\TU/lmr/m/n/10 menty z Undrained
 []


Underfull \hbox (badness 1655) in paragraph at lines 150--150
[]|\TU/lmr/m/n/10 Rychlý pokles hladiny
 []


Underfull \hbox (badness 10000) in paragraph at lines 150--150
[]|\TU/lmr/m/n/10 Protržení přírodních
 []


Underfull \hbox (badness 10000) in paragraph at lines 161--161
|[]\TU/lmr/bx/n/14.4 Gravitační svahové po-
 []


LaTeX Warning: Citation 'crudenLandslideTypesProcesses1996' on page 40 undefine
d on input line 162.


LaTeX Warning: Citation 'hungrVarnesClassificationLandslide2014' on page 40 und
efined on input line 162.


Underfull \hbox (badness 10000) in paragraph at lines 162--164
\TU/lmr/m/n/10.95 Gravitační svahové pohyby jsou způ-
 []


Underfull \hbox (badness 10000) in paragraph at lines 162--164
\TU/lmr/m/n/10.95 sobeny přímým působením gravi-
 []


Underfull \hbox (badness 7963) in paragraph at lines 162--164
\TU/lmr/m/n/10.95 tace. Dalo by se říct „  klasickou“ kla-
 []


Underfull \hbox (badness 10000) in paragraph at lines 162--164
\TU/lmr/m/n/10.95 sifikací svahových pohybů je podle
 []


Underfull \hbox (badness 10000) in paragraph at lines 162--164
[]
 []


Underfull \hbox (badness 10000) in paragraph at lines 162--164
\TU/lmr/m/n/10.95 s poslední úpravou od Hungra
 []


Overfull \hbox (8.72949pt too wide) in paragraph at lines 162--164
\TU/lmr/m/n/10.95 ([]).
 []

[40] [41]
File: obrazky/slope/landslide_type.jpg Graphic file (type bmp)
<obrazky/slope/landslide_type.jpg>


LaTeX Warning: Citation 'goodmanTopplingRockSlopes1976' on page 42 undefined on
 input line 228.

[42] [43]
File: obrazky/slope/melke.jpg Graphic file (type bmp)
<obrazky/slope/melke.jpg>
File: obrazky/slope/debris_flow.jpg Graphic file (type bmp)
<obrazky/slope/debris_flow.jpg>
 [44] [45]
Underfull \hbox (badness 7433) in paragraph at lines 292--293
[]\TU/lmr/m/n/10.95 Deformace skalních (horských) svahů
 []

File: obrazky/slope/sackung.pdf Graphic file (type pdf)
<use obrazky/slope/sackung.pdf>

LaTeX Warning: Citation 'agliardiStructuralConstraintsDeepseated2001' on page 4
6 undefined on input line 307.


LaTeX Warning: Citation 'agliardiStructuralConstraintsDeepseated2001' on page 4
6 undefined on input line 307.


Underfull \hbox (badness 10000) in paragraph at lines 307--307
[]\TU/lmr/m/n/10.95 Obrázek 7.8: []Projevy hlu-
 []


Underfull \hbox (badness 10000) in paragraph at lines 307--307
\TU/lmr/m/n/10.95 binného ploužení (sackungu)
 []


Overfull \hbox (34.95474pt too wide) in paragraph at lines 307--307
\TU/lmr/m/n/10.95 ([]) 
 []


Underfull \hbox (badness 3849) in paragraph at lines 316--317
[]\TU/lmr/bx/n/10.95 Bombardování vodními kapkami \TU/lmr/m/n/10.95 se
 []

[46]
Underfull \hbox (badness 1533) in paragraph at lines 319--320
[]\TU/lmr/m/n/10.95 Významnějším procesem je \TU/lmr/bx/n/10.95 plošný (ro-
 []


Underfull \hbox (badness 1454) in paragraph at lines 319--320
\TU/lmr/m/n/10.95 středěný odtok vody po povrchu. Největší
 []

) [47] [48

]
Kapitola 8.
(text/fluvial.tex

LaTeX Warning: Citation 'charltonFundamentalsFluvialGeomorphology2008' on page 
49 undefined on input line 3.


Underfull \hbox (badness 3354) in paragraph at lines 3--4
\TU/lmr/m/n/10.95 propojuje svahy, údolní nivy, říční síť a
 []


Overfull \hbox (60.87337pt too wide) in paragraph at lines 3--4
\TU/lmr/m/n/10.95 ([]).
 []

File: obrazky/fluvial/fluv_system.pdf Graphic file (type pdf)
<use obrazky/fluvial/fluv_system.pdf>

LaTeX Warning: Citation 'charltonFundamentalsFluvialGeomorphology2008' on page 
49 undefined on input line 15.


LaTeX Warning: Citation 'charltonFundamentalsFluvialGeomorphology2008' on page 
49 undefined on input line 15.


Underfull \hbox (badness 10000) in paragraph at lines 15--15
[]\TU/lmr/m/n/10.95 Obrázek 8.1: []Zjednodušené schéma fluviálního systému (upr
aveno podle
 []


Underfull \hbox (badness 10000) in paragraph at lines 24--25
[]\TU/lmr/bx/n/10.95 Rovnoměrné (uniformní) proudění
 []


Underfull \hbox (badness 4242) in paragraph at lines 24--25
\TU/lmr/m/n/10.95 (\TU/lmr/m/it/10.95 uniform flow\TU/lmr/m/n/10.95 ) je ustále
né proudění, při
 []


Underfull \hbox (badness 10000) in paragraph at lines 24--25
\TU/lmr/m/n/10.95 kterém jsou konstantní další parametry
 []


Underfull \hbox (badness 1009) in paragraph at lines 24--25
\TU/lmr/bx/n/10.95 měrném proudění \TU/lmr/m/n/10.95 (\TU/lmr/m/it/10.95 non-un
iform flow\TU/lmr/m/n/10.95 ) se
 []


Underfull \hbox (badness 1406) in paragraph at lines 27--29
\TU/lmr/bx/n/10.95 Laminární proudění \TU/lmr/m/n/10.95 je takové proudění,
 []

File: obrazky/fluvial/laminar_turbul.pdf Graphic file (type pdf)
<use obrazky/fluvial/laminar_turbul.pdf>

LaTeX Warning: `h' float specifier changed to `ht'.

[49] [50]

LaTeX Warning: No positions in optional float specifier.
               Default added (so using `tbp') on input line 101.


Underfull \hbox (badness 2884) in paragraph at lines 116--116
|[]\TU/lmr/bx/n/14.4 Energie, práce a výkon
 []

[51]
Underfull \hbox (badness 2503) in paragraph at lines 187--188
\TU/lmr/m/n/10.95 působení a odnosu podloží koryta v dů-
 []


LaTeX Warning: Citation 'charltonFundamentalsFluvialGeomorphology2008' on page 
52 undefined on input line 194.


Overfull \hbox (49.31017pt too wide) in paragraph at lines 194--196
[]
 []

[52]
File: obrazky/fluvial/bank_erosion.pdf Graphic file (type pdf)
<use obrazky/fluvial/bank_erosion.pdf>


LaTeX Warning: Citation 'charltonFundamentalsFluvialGeomorphology2008' on page 
53 undefined on input line 208.


LaTeX Warning: Citation 'charltonFundamentalsFluvialGeomorphology2008' on page 
53 undefined on input line 208.


Underfull \hbox (badness 10000) in paragraph at lines 208--208
[]\TU/lmr/m/n/10.95 Obrázek 8.3: []Procesy bře-
 []


Underfull \hbox (badness 10000) in paragraph at lines 208--208
\TU/lmr/m/n/10.95 hové eroze. Upraveno podle
 []


Overfull \hbox (49.31017pt too wide) in paragraph at lines 208--208
[] 
 []

File: obrazky/fluvial/sily_klast.pdf Graphic file (type pdf)
<use obrazky/fluvial/sily_klast.pdf>
File: obrazky/fluvial/hjulstr.pdf Graphic file (type pdf)
<use obrazky/fluvial/hjulstr.pdf>
File: obrazky/fluvial/lanes_balance.png Graphic file (type bmp)
<obrazky/fluvial/lanes_balance.png>

Underfull \hbox (badness 10000) in paragraph at lines 249--250
[]\TU/lmr/m/n/10.95 Klastický materiál transportovaný v
 []


Underfull \hbox (badness 6300) in paragraph at lines 249--250
\TU/lmr/m/n/10.95 suspenzi nazýváme \TU/lmr/bx/n/10.95 plaveniny \TU/lmr/m/n/10
.95 (\TU/lmr/m/it/10.95 suspended
 []


Underfull \hbox (badness 1297) in paragraph at lines 249--250
\TU/lmr/m/n/10.95 centrace plavenin stejná, což je způsobené
 []


Underfull \hbox (badness 1521) in paragraph at lines 249--250
\TU/lmr/m/n/10.95 ($\OT1/cmr/m/n/10.95 70%$\TU/lmr/m/n/10.95 ) z celosvětového 
množství unášeného
 []

[53] [54]
Underfull \hbox (badness 1917) in paragraph at lines 251--252
\TU/lmr/m/n/10.95 nebo se pohybují poskákováním – saltací.
 []

File: obrazky/fluvial/fluv_sed_trans.pdf Graphic file (type pdf)
<use obrazky/fluvial/fluv_sed_trans.pdf>

LaTeX Warning: Citation 'charltonFundamentalsFluvialGeomorphology2008' on page 
55 undefined on input line 256.


LaTeX Warning: Citation 'charltonFundamentalsFluvialGeomorphology2008' on page 
55 undefined on input line 256.


Underfull \hbox (badness 10000) in paragraph at lines 256--256
[]\TU/lmr/m/n/10.95 Obrázek 8.7: []Fluviální transport klas-
 []


Underfull \hbox (badness 10000) in paragraph at lines 256--256
\TU/lmr/m/n/10.95 tických sedimentů. Rozpuštěné látky
 []


Underfull \hbox (badness 10000) in paragraph at lines 256--256
\TU/lmr/m/n/10.95 nejsou zobrazeny (upraveno podle
 []


Overfull \hbox (56.61382pt too wide) in paragraph at lines 256--256
[]\TU/lmr/m/n/10.95 ). 
 []


Underfull \hbox (badness 3884) in paragraph at lines 270--271
[]\TU/lmr/bx/n/10.95 Zakleslé meandry \TU/lmr/m/n/10.95 („  intrenched mean-
 []

[55] [56]
File: obrazky/fluvial/klast_klastr.pdf Graphic file (type pdf)
<use obrazky/fluvial/klast_klastr.pdf>

Underfull \hbox (badness 10000) in paragraph at lines 351--351
[]\TU/lmr/m/n/10.95 Obrázek 8.8: []Znázornění sedimentárního
 []

File: obrazky/fluvial/lavice.pdf Graphic file (type pdf)
<use obrazky/fluvial/lavice.pdf>
[57]) [58]
Kapitola 9.
(text/povodi.tex
Underfull \hbox (badness 10000) in paragraph at lines 1--2
[]\TU/lmr/bx/n/10.95 Povodí \TU/lmr/m/n/10.95 (\TU/lmr/m/it/10.95 drainage basi
n, watershed,
 []


Underfull \hbox (badness 5519) in paragraph at lines 1--2
\TU/lmr/m/it/10.95 catchment\TU/lmr/m/n/10.95 ) je území, ze kterého odtéká
 []

File: obrazky/fluvial/watershed_tilt.jpg Graphic file (type bmp)
<obrazky/fluvial/watershed_tilt.jpg>

Underfull \hbox (badness 1048) in paragraph at lines 11--11
[]\TU/lmr/m/n/10.95 Obrázek 9.1: []Ukázka vzniku asymetrických
 []


LaTeX Warning: No positions in optional float specifier.
               Default added (so using `tbp') on input line 22.


Underfull \hbox (badness 1178) in paragraph at lines 34--34
\TU/lmr/m/n/10.95 mogení krystalické horniny, stejná
 []


Underfull \hbox (badness 3713) in paragraph at lines 34--34
[]|\TU/lmr/m/n/10.95 Údolí tvoří pravoúhlou síť. Oba
 []


Underfull \hbox (badness 1303) in paragraph at lines 34--34
[]|\TU/lmr/m/n/10.95 Erodované klenby, kde se střídají
 []

File: obrazky/fluvial/rad_toku.pdf Graphic file (type pdf)
<use obrazky/fluvial/rad_toku.pdf>

Underfull \hbox (badness 1675) in paragraph at lines 57--59
[]\TU/lmr/m/n/10.95 Jedna z klasifikací jezer je podle jejich
 []

[59

]) [60]
Kapitola 10.
(text/kras.tex [61

]
Underfull \hbox (badness 1360) in paragraph at lines 60--61
\TU/lmr/m/n/10.95 Nejmenší povrchovým tvarem jsou \TU/lmr/bx/n/10.95 škrapy
 []


Underfull \hbox (badness 1320) in paragraph at lines 60--61
\TU/lmr/m/n/10.95 jiné vyhloubeniny. Pokud škrapy pokrývají
 []


Underfull \hbox (badness 2165) in paragraph at lines 65--66
\TU/lmr/m/n/10.95 rům. Jsou to uzavřené deprese rozličných
 []


Underfull \hbox (badness 1168) in paragraph at lines 65--66
\TU/lmr/m/n/10.95 hloubka. Svou podobou mohou připomínat
 []


Underfull \hbox (badness 2073) in paragraph at lines 78--79
[]\TU/lmr/bx/n/10.95 Cenoty \TU/lmr/m/n/10.95 jsou specifickou formou závrtů,
 []

[62]
Underfull \hbox (badness 1377) in paragraph at lines 89--90
[]\TU/lmr/bx/n/10.95 Cockpit \TU/lmr/m/n/10.95 je typ krasového reliéfu, který
 []


Underfull \hbox (badness 1577) in paragraph at lines 106--107
[]\TU/lmr/bx/n/10.95 Syngenetické jeskyně \TU/lmr/m/n/10.95 (dutiny) vznikly
 []

) [63] [64

]
Kapitola 11.
(text/glac.tex

LaTeX Warning: Citation 'cuffeyPhysicsGlaciers2010' on page 65 undefined on inp
ut line 2.


LaTeX Warning: Citation 'hugonnetAcceleratedGlobalGlacier2021' on page 65 undef
ined on input line 2.


Underfull \hbox (badness 1253) in paragraph at lines 2--3
\TU/lmr/m/n/10.95 z cca $\OT1/cmr/m/n/10.95 10%$ \TU/lmr/m/n/10.95 ([])),
 []


Underfull \hbox (badness 5331) in paragraph at lines 2--3
\TU/lmr/m/n/10.95 v dobách maximálního zalednění to byl
 []


Underfull \hbox (badness 2913) in paragraph at lines 2--3
\TU/lmr/m/n/10.95 ale zhruba trojnásobek[][][] () zalednění. Vli-
 []


Underfull \hbox (badness 3525) in paragraph at lines 2--3
\TU/lmr/m/n/10.95 lým změnám v celkovém objemu a roz-
 []


Underfull \hbox (badness 4266) in paragraph at lines 2--3
\TU/lmr/m/n/10.95 loze ledovců. V období 2000–2019 činila
 []


Underfull \hbox (badness 6047) in paragraph at lines 2--3
\TU/lmr/m/n/10.95 ztráta hmoty ledovců okolo $\OT1/cmr/m/n/10.95 270$$[] [][]$
 []


Overfull \hbox (5.24738pt too wide) in paragraph at lines 2--3
\TU/lmr/m/n/10.95 ([]). 
 []


LaTeX Warning: Citation 'cuffeyPhysicsGlaciers2010' on page 65 undefined on inp
ut line 5.


Underfull \hbox (badness 1558) in paragraph at lines 5--6
\TU/lmr/m/n/10.95 totu (tab. []11.1[]). Postupnou kompakcí vli-
 []


LaTeX Warning: Citation 'cuffeyPhysicsGlaciers2010' on page 65 undefined on inp
ut line 9.


LaTeX Warning: Citation 'cuffeyPhysicsGlaciers2010' on page 65 undefined on inp
ut line 9.

File: obrazky/glac/ledovec_mass_balance.pdf Graphic file (type pdf)
<use obrazky/glac/ledovec_mass_balance.pdf>

Underfull \hbox (badness 2376) in paragraph at lines 40--41
\TU/lmr/m/n/10.95 limitované reliéfem (např. Grónský ledový
 []

[65]
File: obrazky/glac/flow_velocity.pdf Graphic file (type pdf)
<use obrazky/glac/flow_velocity.pdf>

Underfull \hbox (badness 4303) in paragraph at lines 92--92
|[]\TU/lmr/bx/n/14.4 Morfologie povrchu le-
 []


Underfull \vbox (badness 10000) has occurred while \output is active []

 [66]
File: obrazky/glac/ledovec_svyc.jpg Graphic file (type bmp)
<obrazky/glac/ledovec_svyc.jpg>
File: obrazky/glac/striace.jpg Graphic file (type bmp)
<obrazky/glac/striace.jpg>

[67]
File: obrazky/glac/oblik.pdf Graphic file (type pdf)
<use obrazky/glac/oblik.pdf>

Underfull \hbox (badness 1205) in paragraph at lines 132--133
\TU/lmr/m/n/10.95 (\TU/lmr/m/it/10.95 cirque\TU/lmr/m/n/10.95 ). Tvar karu by s
e dal připodobnit
 []

File: obrazky/glac/matterhorn.jpg Graphic file (type bmp)
<obrazky/glac/matterhorn.jpg>

Underfull \hbox (badness 2680) in paragraph at lines 139--139
[]\TU/lmr/m/n/10.95 Obrázek 11.6: []Matterhorn (Autor: Davide
 []


Underfull \hbox (badness 1158) in paragraph at lines 145--146
\TU/lmr/m/n/10.95 ledovce nemají takový erozivní účinek aby
 []

File: obrazky/glac/studena.jpg Graphic file (type bmp)
<obrazky/glac/studena.jpg>
[68]
File: obrazky/glac/esker.jpg Graphic file (type bmp)
<obrazky/glac/esker.jpg>
) [69] [70

]
Kapitola 12.
(text/periglac.tex
Underfull \hbox (badness 1478) in paragraph at lines 4--6
[]\TU/lmr/m/n/10.95 Rozlišujeme tři typy periglaciálního pro-
 []

File: obrazky/periglac/permafrost_distr.jpg Graphic file (type bmp)
<obrazky/periglac/permafrost_distr.jpg>
[71]
File: obrazky/periglac/jehlickovy_led.jpg Graphic file (type bmp)
<obrazky/periglac/jehlickovy_led.jpg>

Underfull \hbox (badness 1888) in paragraph at lines 53--53
[]\TU/lmr/m/n/10.95 Obrázek 12.2: []Jehličkový led (\TU/lmr/m/it/10.95 needle i
ce\TU/lmr/m/n/10.95 ).
 []


Underfull \hbox (badness 1237) in paragraph at lines 53--53
\TU/lmr/m/n/10.95 (Foto: Wasrts, CC BY-SA 4.0, Wikimedia
 []

File: obrazky/periglac/soliflukce.jpg Graphic file (type bmp)
<obrazky/periglac/soliflukce.jpg>
File: obrazky/periglac/soliflukcni_laloky.jpg Graphic file (type bmp)
<obrazky/periglac/soliflukcni_laloky.jpg>

Underfull \vbox (badness 10000) has occurred while \output is active []

File: obrazky/periglac/polygony.jpg Graphic file (type bmp)
<obrazky/periglac/polygony.jpg>

Underfull \hbox (badness 3364) in paragraph at lines 86--86
[]\TU/lmr/m/n/10.95 Obrázek 12.5: []Kamenné kruhy, Špicberky
 []

File: obrazky/periglac/polygon.jpg Graphic file (type bmp)
<obrazky/periglac/polygon.jpg>
[72]
File: obrazky/periglac/pingo_mackenzie.jpg Graphic file (type bmp)
<obrazky/periglac/pingo_mackenzie.jpg>
 [73]
File: obrazky/periglac/alas.jpg Graphic file (type bmp)
<obrazky/periglac/alas.jpg>

Underfull \hbox (badness 1946) in paragraph at lines 121--122
\TU/lmr/m/n/10.95 současnosti \TU/lmr/bx/n/10.95 suchým údolím\TU/lmr/m/n/10.95
 . Jelikož per-
 []

File: obrazky/periglac/rock_glac.jpg Graphic file (type bmp)
<obrazky/periglac/rock_glac.jpg>
[74]
File: obrazky/periglac/protalus_rampart.pdf Graphic file (type pdf)
<use obrazky/periglac/protalus_rampart.pdf>
) [75

] [76

]
Kapitola 13.
(text/eolicka.tex
File: obrazky/eolicka/eol_transport.pdf Graphic file (type pdf)
<use obrazky/eolicka/eol_transport.pdf>
File: obrazky/eolicka/zdroje_prachu.jpg Graphic file (type bmp)
<obrazky/eolicka/zdroje_prachu.jpg>

Underfull \hbox (badness 1024) in paragraph at lines 54--55
[]\TU/lmr/m/n/10.95 Poslední, čtvrtý typ označovaný anglicky
 []

File: obrazky/eolicka/saltace_foto.png Graphic file (type bmp)
<obrazky/eolicka/saltace_foto.png>
[77]
Underfull \hbox (badness 1028) in paragraph at lines 66--67
\TU/lmr/m/n/10.95 snížením jeho rychlosti), tedy sedimentační
 []

File: obrazky/eolicka/ventifact_mojave.jpg Graphic file (type bmp)
<obrazky/eolicka/ventifact_mojave.jpg>

Underfull \hbox (badness 2213) in paragraph at lines 73--73
[]\TU/lmr/m/n/10.95 Obrázek 13.4: []Hranec v Mohavské poušti
 []


Underfull \hbox (badness 1281) in paragraph at lines 81--82
[]\TU/lmr/bx/n/10.95 Deflační pánve (vany) \TU/lmr/m/n/10.95 („  deflation ba-
 []


Underfull \vbox (badness 2698) has occurred while \output is active []

 [78]
File: obrazky/eolicka/typy_dun.pdf Graphic file (type pdf)
<use obrazky/eolicka/typy_dun.pdf>
File: obrazky/eolicka/linearniduny.jpg Graphic file (type bmp)
<obrazky/eolicka/linearniduny.jpg>
File: obrazky/eolicka/volne_duny.pdf Graphic file (type pdf)
<use obrazky/eolicka/volne_duny.pdf>


LaTeX Warning: Citation 'wassonFactorsDeterminingDesert1983' on page 79 undefin
ed on input line 120.


LaTeX Warning: Citation 'wassonFactorsDeterminingDesert1983' on page 79 undefin
ed on input line 120.


Underfull \vbox (badness 10000) has occurred while \output is active []

 [79]
[80]
Underfull \vbox (badness 10000) has occurred while \output is active []


Underfull \hbox (badness 1377) in paragraph at lines 141--142
\TU/lmr/m/n/10.95 hlavně siltem (prach, frakce $\OT1/cmr/m/n/10.95 0\OML/cmm/m/
it/10.95 ;\OT1/cmr/m/n/10.95 01$\TU/lmr/m/n/10.95 –$\OT1/cmr/m/n/10.95 0\OML/cm
m/m/it/10.95 ;\OT1/cmr/m/n/10.95 05$$$$[]$\TU/lmr/m/n/10.95 )
 []


Underfull \hbox (badness 1264) in paragraph at lines 141--142
\TU/lmr/m/n/10.95 vrchu (Obr. []13.8[]) []Bierman a Montgomery
 []

[81]
File: obrazky/eolicka/loes_distr.jpg Graphic file (type bmp)
<obrazky/eolicka/loes_distr.jpg>


LaTeX Warning: Citation 'liLoessGenesisWorldwide2020' on page 82 undefined on i
nput line 153.


LaTeX Warning: Float too large for page by 2.00073pt on input line 155.


Overfull \hbox (1035.68033pt too wide) has occurred while \output is active
[] []|[] []
 []

[82


])
Kapitola 14.
(text/marinni.tex
Underfull \hbox (badness 1448) in paragraph at lines 9--10
\TU/lmr/m/n/10.95 Vlny vznikají rozpohybováním vodní masy
 []

[83


]
Underfull \hbox (badness 2662) in paragraph at lines 43--44
[]\TU/lmr/m/n/10.95 Podélná složka je tvořena \TU/lmr/bx/n/10.95 příbřežními
 []


Underfull \hbox (badness 10000) in paragraph at lines 69--69
|[]\TU/lmr/bx/n/12 Typy pobřeží a pobřežní
 []


Underfull \hbox (badness 1102) in paragraph at lines 72--73
\TU/lmr/m/n/10.95 Skalnatá pobřeží mohou nabývat dvou zá-
 []


Underfull \hbox (badness 1048) in paragraph at lines 72--73
\TU/lmr/m/n/10.95 kladních forem. První představuje skalnatý
 []


Underfull \hbox (badness 1466) in paragraph at lines 72--73
\TU/lmr/m/n/10.95 útes – \TU/lmr/bx/n/10.95 abrazní srub\TU/lmr/m/n/10.95 , kte
rý se noří hlu-
 []


Underfull \vbox (badness 10000) has occurred while \output is active []

 [84]
Underfull \hbox (badness 1014) in paragraph at lines 95--96
\TU/lmr/m/n/10.95 kají zejména v jezerech, kde nedochází ke
 []


Underfull \hbox (badness 1097) in paragraph at lines 95--96
\TU/lmr/m/n/10.95 resetu dochází k rozšiřování delty. \TU/lmr/bx/n/10.95 Topset

 []

File: obrazky/fluvial/gilbert_delta.pdf Graphic file (type pdf)
<use obrazky/fluvial/gilbert_delta.pdf>

LaTeX Warning: Citation 'boggsPrinciplesSedimentologyStratigraphy2014' on page 
85 undefined on input line 106.


Underfull \hbox (badness 2393) in paragraph at lines 106--107
[]\TU/lmr/m/n/10.95 Delty vznikající u ústí řek do moří a
 []


Underfull \hbox (badness 10000) in paragraph at lines 106--107
\TU/lmr/m/n/10.95 oceánů jsou mnohem komplexnější jak
 []


Underfull \hbox (badness 10000) in paragraph at lines 106--107
\TU/lmr/m/n/10.95 svým vzhledem, tak sedimentací. Jejich
 []


Underfull \hbox (badness 1648) in paragraph at lines 106--107
\TU/lmr/m/n/10.95 podoba je závislá na množství sedimentů,
 []


Underfull \hbox (badness 10000) in paragraph at lines 106--107
\TU/lmr/m/n/10.95 ských proudů, energii vln a slapových
 []


Underfull \hbox (badness 6300) in paragraph at lines 106--107
\TU/lmr/m/n/10.95 jevů. Můžeme rozlišit tři základní typy
 []


Overfull \hbox (49.51823pt too wide) in paragraph at lines 106--107
\TU/lmr/m/n/10.95 ([]).
 []


Underfull \hbox (badness 1831) in paragraph at lines 106--107
\TU/lmr/m/n/10.95 „  text“ptačí nohy. Příkladem je delta řeky
 []

[85]
File: obrazky/fluvial/delty.pdf Graphic file (type pdf)
<use obrazky/fluvial/delty.pdf>


LaTeX Warning: Citation 'seyboldModelingRiverDelta2007' on page 86 undefined on
 input line 112.


LaTeX Warning: Citation 'seyboldModelingRiverDelta2007' on page 86 undefined on
 input line 112.


Underfull \hbox (badness 3792) in paragraph at lines 112--112
[]\TU/lmr/m/n/10.95 Obrázek 14.2: []Typy delt v závislosti na převládajících pr
ocesech. (Upraveno podle
 []

) [86

] [87] [88


] [89

] [90

] [91] [92

] [93] [94

] (main.aux)

LaTeX Warning: There were undefined references.


LaTeX Warning: There were multiply-defined labels.

Package rerunfilecheck Info: File `main.out' has not changed.
(rerunfilecheck)             Checksum: 5C2E2C96061B98DA3C5C3831145A1E83;28091.

Package biblatex Warning: Please (re)run Biber on the file:
(biblatex)                main
(biblatex)                and rerun LaTeX afterwards.

Package logreq Info: Writing requests to 'main.run.xml'.
\openout1 = `main.run.xml'.

 ) 
Here is how much of TeX's memory you used:
 38072 strings out of 411271
 757563 string characters out of 2828599
 1531908 words of memory out of 3000000
 57855 multiletter control sequences out of 15000+600000
 411858 words of font info for 82 fonts, out of 8000000 for 9000
 1348 hyphenation exceptions out of 8191
 99i,16n,97p,2864b,5580s stack positions out of 5000i,500n,10000p,200000b,80000s

Output written on main.pdf (104 pages).
