\BOOKMARK [-1][-]{part.1}{\376\377\000I\000\040\000\332\000v\000o\000d}{}% 1
\BOOKMARK [0][-]{chapter.1}{\376\377\000G\000e\000o\000m\000o\000r\000f\000o\000l\000o\000g\000i\000e\000\040\000j\000a\000k\000o\000\040\000v\001\033\000d\000n\000\355\000\040\000d\000i\000s\000c\000i\000p\000l\000\355\000n\000a}{part.1}% 2
\BOOKMARK [1][-]{section.1.1}{\376\377\000P\000r\000o\001\015\000\040\000s\000e\000\040\000z\000a\000b\000\375\000v\000a\000t\000\040\000g\000e\000o\000m\000o\000r\000f\000o\000l\000o\000g\000i\000\355\000?}{chapter.1}% 3
\BOOKMARK [1][-]{section.1.2}{\376\377\000S\000t\000r\000u\001\015\000n\000\375\000\040\000e\000x\000k\000u\000r\000z\000\040\000d\000o\000\040\000h\000i\000s\000t\000o\000r\000i\000e\000\040\000g\000e\000o\000m\000o\000r\000f\000o\000l\000o\000g\000i\000e}{chapter.1}% 4
\BOOKMARK [1][-]{section.1.3}{\376\377\000G\000e\000o\000m\000o\000r\000f\000o\000l\000o\000g\000i\000c\000k\000\351\000\040\000d\000i\000s\000c\000i\000p\000l\000\355\000n\000y}{chapter.1}% 5
\BOOKMARK [0][-]{chapter.2}{\376\377\000Z\000\341\000k\000l\000a\000d\000n\000\355\000\040\000k\000o\000n\000c\000e\000p\000t\000y}{part.1}% 6
\BOOKMARK [1][-]{section.2.1}{\376\377\000P\000r\000o\000c\000e\000s\000\040\000a\000\040\000f\000o\000r\000m\000a}{chapter.2}% 7
\BOOKMARK [1][-]{section.2.2}{\376\377\000E\000n\000d\000o\000g\000e\000n\000n\000\355\000\040\000a\000\040\000e\000x\000o\000g\000e\000n\000n\000\355\000\040\000p\000r\000o\000c\000e\000s\000y}{chapter.2}% 8
\BOOKMARK [1][-]{section.2.3}{\376\377\000M\001\033\001\131\000\355\000t\000k\000o}{chapter.2}% 9
\BOOKMARK [2][-]{subsection.2.3.1}{\376\377\000P\000r\000o\000s\000t\000o\000r\000o\000v\000\351\000\040\000m\001\033\001\131\000\355\000t\000k\000o}{section.2.3}% 10
\BOOKMARK [2][-]{subsection.2.3.2}{\376\377\001\014\000a\000s\000o\000v\000\351\000\040\000m\001\033\001\131\000\355\000t\000k\000o}{section.2.3}% 11
\BOOKMARK [1][-]{section.2.4}{\376\377\000Z\000\341\000k\000l\000a\000d\000n\000\355\000\040\000t\000e\000o\000r\000e\000t\000i\000c\000k\000\341\000\040\000v\000\375\000c\000h\000o\000d\000i\000s\000k\000a}{chapter.2}% 12
\BOOKMARK [2][-]{subsection.2.4.1}{\376\377\000Z\000a\000c\000h\000o\000v\000\341\000n\000\355\000\040\000h\000m\000o\000t\000y\000\040\000v\000\040\000k\000r\000a\000j\000i\000n\001\033}{section.2.4}% 13
\BOOKMARK [2][-]{subsection.2.4.2}{\376\377\000Z\000a\000c\000h\000o\000v\000\341\000n\000\355\000\040\000e\000n\000e\000r\000g\000i\000e}{section.2.4}% 14
\BOOKMARK [2][-]{subsection.2.4.3}{\376\377\000P\000o\000h\000y\000b\000\040\000h\000m\000o\000t\000y}{section.2.4}% 15
\BOOKMARK [2][-]{subsection.2.4.4}{\376\377\000R\000o\000v\000n\000o\000v\000\341\000h\000a\000\040\000s\000i\000l\000\040\000a\000\040\000p\000r\000a\000h\000y}{section.2.4}% 16
\BOOKMARK [2][-]{subsection.2.4.5}{\376\377\000M\000a\000g\000n\000i\000t\000u\000d\000o\000\040\000a\000\040\000f\000r\000e\000k\000v\000e\000n\000c\000e\000\040\000g\000e\000o\000m\000o\000r\000f\000o\000l\000o\000g\000i\000c\000k\000\375\000c\000h\000\040\000p\000r\000o\000c\000e\000s\001\157}{section.2.4}% 17
\BOOKMARK [-1][-]{part.2}{\376\377\000I\000I\000\040\000E\000n\000d\000o\000g\000e\000n\000n\000\355\000\040\000p\000r\000o\000c\000e\000s\000y\000\040\000a\000\040\000f\000o\000r\000m\000y\000\040\000r\000e\000l\000i\000\351\000f\000u}{}% 18
\BOOKMARK [0][-]{chapter.3}{\376\377\000S\000t\000a\000v\000b\000a\000\040\000Z\000e\000m\001\033\000\040\000a\000\040\000g\000l\000o\000b\000\341\000l\000n\000\355\000\040\000s\000t\000r\000u\000k\000t\000u\000r\000n\000\355\000\040\000g\000e\000o\000m\000o\000r\000f\000o\000l\000o\000g\000i\000e}{part.2}% 19
\BOOKMARK [1][-]{section.3.1}{\376\377\000S\000t\000a\000v\000b\000a\000\040\000Z\000e\000m\001\033}{chapter.3}% 20
\BOOKMARK [2][-]{subsection.3.1.1}{\376\377\000Z\000e\000m\000s\000k\000\375\000\040\000p\000l\000\341\001\141\001\145\000\040\000a\000\040\000k\001\157\000r\000a}{section.3.1}% 21
\BOOKMARK [2][-]{subsection.3.1.2}{\376\377\000T\000e\000o\000r\000i\000e\000\040\000d\000e\000s\000k\000o\000v\000\351\000\040\000t\000e\000k\000t\000o\000n\000i\000k\000y}{section.3.1}% 22
\BOOKMARK [2][-]{subsection.3.1.3}{\376\377\000I\000z\000o\000s\000t\000\341\000z\000e}{section.3.1}% 23
\BOOKMARK [2][-]{subsection.3.1.4}{\376\377\000H\000o\000r\000k\000\351\000\040\000s\000k\000v\000r\000n\000y}{section.3.1}% 24
\BOOKMARK [1][-]{section.3.2}{\376\377\000G\000l\000o\000b\000\341\000l\000n\000\355\000\040\000g\000e\000o\000m\000o\000r\000f\000o\000l\000o\000g\000i\000e}{chapter.3}% 25
\BOOKMARK [2][-]{subsection.3.2.1}{\376\377\000G\000l\000o\000b\000\341\000l\000n\000\355\000\040\000h\000y\000p\000s\000o\000m\000e\000t\000r\000i\000e}{section.3.2}% 26
\BOOKMARK [2][-]{subsection.3.2.2}{\376\377\000M\000e\000g\000a\000f\000o\000r\000m\000y}{section.3.2}% 27
\BOOKMARK [0][-]{chapter.4}{\376\377\000T\000e\000k\000t\000o\000n\000i\000c\000k\000\351\000\040\000f\000o\000r\000m\000y\000\040\000a\000\040\000p\000r\000o\000c\000e\000s\000y}{part.2}% 28
\BOOKMARK [1][-]{section.4.1}{\376\377\000S\000\355\000l\000a\000\040\000a\000\040\000n\000a\000p\001\033\000t\000\355}{chapter.4}% 29
\BOOKMARK [1][-]{section.4.2}{\376\377\000T\000e\000k\000t\000o\000n\000i\000c\000k\000\375\000\040\000r\000e\001\176\000i\000m}{chapter.4}% 30
\BOOKMARK [1][-]{section.4.3}{\376\377\000Z\000l\000o\000m\000y}{chapter.4}% 31
\BOOKMARK [2][-]{subsection.4.3.1}{\376\377\000T\000y\000p\000y\000\040\000z\000l\000o\000m\001\157}{section.4.3}% 32
\BOOKMARK [2][-]{subsection.4.3.2}{\376\377\000P\000r\000o\000j\000e\000v\000\040\000z\000l\000o\000m\001\157\000\040\000v\000\040\000r\000e\000l\000i\000\351\000f\000u}{section.4.3}% 33
\BOOKMARK [1][-]{section.4.4}{\376\377\000P\000u\000k\000l\000i\000n\000y}{chapter.4}% 34
\BOOKMARK [1][-]{section.4.5}{\376\377\000V\000r\000\341\000s\000y}{chapter.4}% 35
\BOOKMARK [2][-]{subsection.4.5.1}{\376\377\000I\000z\000o\000m\000e\000t\000r\000i\000c\000k\000\351\000\040\000v\000r\000\341\000s\000y}{section.4.5}% 36
\BOOKMARK [2][-]{subsection.4.5.2}{\376\377\000P\000r\000o\000j\000e\000v\000\040\000v\000r\000\341\000s\000\040\000v\000\040\000r\000e\000l\000i\000\351\000f\000u}{section.4.5}% 37
\BOOKMARK [1][-]{section.4.6}{\376\377\000S\000t\000r\000u\000k\000t\000u\000r\000n\000\355\000\040\000r\000e\000l\000i\000\351\000f}{chapter.4}% 38
\BOOKMARK [2][-]{subsection.4.6.1}{\376\377\000H\000o\000r\000i\000z\000o\000n\000t\000\341\000l\000n\001\033\000\040\000u\000l\000o\001\176\000e\000n\000\351\000\040\000v\000r\000s\000t\000v\000y}{section.4.6}% 39
\BOOKMARK [2][-]{subsection.4.6.2}{\376\377\000U\000k\000l\000o\000n\001\033\000n\000\351\000\040\000v\000r\000s\000t\000v\000y}{section.4.6}% 40
\BOOKMARK [0][-]{chapter.5}{\376\377\000M\000a\000g\000m\000a\000t\000i\000s\000m\000u\000s\000,\000\040\000v\000u\000l\000k\000a\000n\000i\000c\000k\000\351\000\040\000p\000r\000o\000c\000e\000s\000y\000\040\000a\000\040\000t\000v\000a\000r\000y\000\040\000r\000e\000l\000i\000\351\000f\000u}{part.2}% 41
\BOOKMARK [1][-]{section.5.1}{\376\377\000F\000o\000r\000m\000y\000\040\000r\000e\000l\000i\000\351\000f\000u\000\040\000s\000p\000o\000j\000e\000n\000\351\000\040\000s\000\040\000i\000n\000t\000r\000u\000z\000e\000m\000i\000\040\000m\000a\000g\000m\000a\000t\000u}{chapter.5}% 42
\BOOKMARK [2][-]{subsection.5.1.1}{\376\377\000V\000e\000l\000k\000\341\000\040\000i\000n\000t\000r\000u\000z\000i\000v\000n\000\355\000\040\000t\001\033\000l\000e\000s\000a}{section.5.1}% 43
\BOOKMARK [2][-]{subsection.5.1.2}{\376\377\000I\000n\000t\000r\000u\000z\000i\000v\000n\000\355\000\040\000t\001\033\000l\000e\000s\000a\000\040\000m\000e\000n\001\141\000\355\000h\000o\000\040\000r\000o\000z\000m\001\033\000r\000u}{section.5.1}% 44
\BOOKMARK [1][-]{section.5.2}{\376\377\000S\000o\000p\000k\000y}{chapter.5}% 45
\BOOKMARK [2][-]{subsection.5.2.1}{\376\377\000R\000o\000z\000l\000o\001\176\000e\000n\000\355\000\040\000s\000o\000p\000e\001\015\000n\000\351\000\040\001\015\000i\000n\000n\000o\000s\000t\000i}{section.5.2}% 46
\BOOKMARK [2][-]{subsection.5.2.2}{\376\377\000T\000y\000p\000y\000\040\000e\000r\000u\000p\000c\000\355}{section.5.2}% 47
\BOOKMARK [2][-]{subsection.5.2.3}{\376\377\000S\000o\000p\000e\001\015\000n\000\351\000\040\000p\000r\000o\000d\000u\000k\000t\000y}{section.5.2}% 48
\BOOKMARK [2][-]{subsection.5.2.4}{\376\377\000T\000y\000p\000y\000\040\000s\000o\000p\000e\000k}{section.5.2}% 49
\BOOKMARK [-1][-]{part.3}{\376\377\000I\000I\000I\000\040\000E\000x\000o\000g\000e\000n\000n\000\355\000\040\000p\000r\000o\000c\000e\000s\000y\000\040\000a\000\040\000f\000o\000r\000m\000y\000\040\000r\000e\000l\000i\000\351\000f\000u}{}% 50
\BOOKMARK [0][-]{chapter.6}{\376\377\000Z\000v\001\033\000t\000r\000\341\000v\000\341\000n\000\355}{part.3}% 51
\BOOKMARK [1][-]{section.6.1}{\376\377\000Z\000\341\000k\000l\000a\000d\000n\000\355\000\040\000p\000o\000d\000s\000t\000a\000t\000a\000\040\000z\000v\001\033\000t\000r\000\341\000v\000\341\000n\000\355}{chapter.6}% 52
\BOOKMARK [1][-]{section.6.2}{\376\377\000F\000y\000z\000i\000k\000\341\000l\000n\000\355\000\040\000\050\000m\000e\000c\000h\000a\000n\000i\000c\000k\000\351\000\051\000\040\000z\000v\001\033\000t\000r\000\341\000v\000\341\000n\000\355}{chapter.6}% 53
\BOOKMARK [2][-]{subsection.6.2.1}{\376\377\000Z\000m\001\033\000n\000y\000\040\000t\000e\000p\000l\000o\000t}{section.6.2}% 54
\BOOKMARK [2][-]{subsection.6.2.2}{\376\377\000F\000y\000z\000i\000k\000\341\000l\000n\000\355\000\040\000z\000v\001\033\000t\000r\000\341\000v\000\341\000n\000\355\000\040\000v\000l\000i\000v\000e\000m\000\040\000r\001\157\000s\000t\000u\000\040\000k\000r\000y\000s\000t\000a\000l\001\157}{section.6.2}% 55
\BOOKMARK [2][-]{subsection.6.2.3}{\376\377\000F\000y\000z\000i\000k\000\341\000l\000n\000\355\000\040\000z\000v\001\033\000t\000r\000\341\000v\000\341\000n\000\355\000\040\000v\000l\000i\000v\000e\000m\000\040\000o\000d\000l\000e\000h\001\015\000e\000n\000\355\000\040\000\050\000e\000x\000f\000o\000l\000i\000a\000c\000e\000\051}{section.6.2}% 56
\BOOKMARK [1][-]{section.6.3}{\376\377\000C\000h\000e\000m\000i\000c\000k\000\351\000\040\000z\000v\001\033\000t\000r\000\341\000v\000\341\000n\000\355}{chapter.6}% 57
\BOOKMARK [2][-]{subsection.6.3.1}{\376\377\000T\000y\000p\000y\000\040\000c\000h\000e\000m\000i\000c\000k\000\351\000h\000o\000\040\000z\000v\001\033\000t\000r\000\341\000v\000\341\000n\000\355}{section.6.3}% 58
\BOOKMARK [1][-]{section.6.4}{\376\377\000B\000i\000o\000l\000o\000g\000i\000c\000k\000\351\000\040\000z\000v\001\033\000t\000r\000\341\000v\000\341\000n\000\355}{chapter.6}% 59
\BOOKMARK [1][-]{section.6.5}{\376\377\000Z\000v\001\033\000t\000r\000a\000l\000i\000n\000o\000v\000\341\000\040\000p\000o\000k\000r\000\375\000v\000k\000a}{chapter.6}% 60
\BOOKMARK [0][-]{chapter.7}{\376\377\000S\000v\000a\000h\000y\000\040\000a\000\040\000s\000v\000a\000h\000o\000v\000\351\000\040\000p\000r\000o\000c\000e\000s\000y}{part.3}% 61
\BOOKMARK [1][-]{section.7.1}{\376\377\000S\000v\000a\000h\000y}{chapter.7}% 62
\BOOKMARK [2][-]{subsection.7.1.1}{\376\377\001\014\000\341\000s\000t\000i\000\040\000s\000v\000a\000h\000u}{section.7.1}% 63
\BOOKMARK [2][-]{subsection.7.1.2}{\376\377\000S\000\355\000l\000y\000\040\000p\001\157\000s\000o\000b\000\355\000c\000\355\000\040\000n\000a\000\040\000s\000v\000a\000h}{section.7.1}% 64
\BOOKMARK [2][-]{subsection.7.1.3}{\376\377\000K\000o\000n\000c\000e\000p\000t\000\040\000s\000t\000a\000b\000i\000l\000i\000t\000y\000\040\000s\000v\000a\000h\000u}{section.7.1}% 65
\BOOKMARK [1][-]{section.7.2}{\376\377\000G\000r\000a\000v\000i\000t\000a\001\015\000n\000\355\000\040\000s\000v\000a\000h\000o\000v\000\351\000\040\000p\000o\000c\000h\000o\000d\000y}{chapter.7}% 66
\BOOKMARK [2][-]{subsection.7.2.1}{\376\377\000S\000v\001\033\000t\000o\000v\000\341\000\040\000k\000l\000a\000s\000i\000f\000i\000k\000a\000c\000e\000\040\000s\000v\000a\000h\000o\000v\000\375\000c\000h\000\040\000p\000o\000h\000y\000b\001\157}{section.7.2}% 67
\BOOKMARK [2][-]{subsection.7.2.2}{\376\377\001\014\000e\000s\000k\000o\000s\000l\000o\000v\000e\000n\000s\000k\000\341\000\040\000k\000l\000a\000s\000i\000f\000i\000k\000a\000c\000e\000\040\000s\000v\000a\000h\000o\000v\000\375\000c\000h\000\040\000p\000o\000h\000y\000b\001\157}{section.7.2}% 68
\BOOKMARK [2][-]{subsection.7.2.3}{\376\377\000D\000a\000l\001\141\000\355\000\040\000k\000l\000a\000s\000i\000f\000i\000k\000a\000c\000e\000\040\000s\000v\000a\000h\000o\000v\000\375\000c\000h\000\040\000p\000o\000h\000y\000b\001\157\000\040\000a\000\040\000j\000e\000j\000i\000c\000h\000\040\000v\000\375\000s\000l\000e\000d\000n\000\375\000c\000h\000\040\000f\000o\000r\000e\000m}{section.7.2}% 69
\BOOKMARK [1][-]{section.7.3}{\376\377\000G\000e\000o\000m\000o\000r\000f\000o\000l\000o\000g\000i\000c\000k\000\351\000\040\000d\001\157\000s\000l\000e\000d\000k\000y\000\040\000s\000v\000a\000h\000o\000v\000\375\000c\000h\000\040\000p\000r\000o\000c\000e\000s\001\157}{chapter.7}% 70
\BOOKMARK [1][-]{section.7.4}{\376\377\000E\000r\000o\000z\000e\000\040\000n\000a\000\040\000s\000v\000a\000z\000\355\000c\000h}{chapter.7}% 71
\BOOKMARK [2][-]{subsection.7.4.1}{\376\377\000D\000i\000f\000u\000z\000n\000\355\000\040\000p\000r\000o\000c\000e\000s\000y}{section.7.4}% 72
\BOOKMARK [2][-]{subsection.7.4.2}{\376\377\000L\000i\000n\000i\000o\000v\000\341\000\040\000e\000r\000o\000z\000e}{section.7.4}% 73
\BOOKMARK [2][-]{subsection.7.4.3}{\376\377\000S\000u\000f\000o\000z\000e}{section.7.4}% 74
\BOOKMARK [0][-]{chapter.8}{\376\377\000F\000l\000u\000v\000i\000\341\000l\000n\000\355\000\040\000p\000r\000o\000c\000e\000s\000y\000\040\000a\000\040\000f\000o\000r\000m\000y\000\040\000r\000e\000l\000i\000\351\000f\000u}{part.3}% 75
\BOOKMARK [1][-]{section.8.1}{\376\377\000F\000l\000u\000v\000i\000\341\000l\000n\000\355\000\040\000s\000y\000s\000t\000\351\000m}{chapter.8}% 76
\BOOKMARK [1][-]{section.8.2}{\376\377\000P\000r\000o\000u\000d\001\033\000n\000\355\000\040\000v\000o\000d\000y\000\040\000v\000\040\000k\000o\000r\000y\000t\000e\000c\000h}{chapter.8}% 77
\BOOKMARK [2][-]{subsection.8.2.1}{\376\377\000C\000h\000a\000r\000a\000k\000t\000e\000r\000\040\000p\000r\000o\000u\000d\001\033\000n\000\355\000\040\000v\000\040\000k\000o\000r\000y\000t\000e\000c\000h}{section.8.2}% 78
\BOOKMARK [2][-]{subsection.8.2.2}{\376\377\000R\000y\000c\000h\000l\000o\000s\000t\000\040\000p\000r\000o\000u\000d\001\033\000n\000\355\000,\000\040\000p\000r\001\157\000t\000o\000k}{section.8.2}% 79
\BOOKMARK [1][-]{section.8.3}{\376\377\000E\000n\000e\000r\000g\000i\000e\000,\000\040\000p\000r\000\341\000c\000e\000\040\000a\000\040\000v\000\375\000k\000o\000n\000\040\000v\000o\000d\000n\000\355\000c\000h\000\040\000t\000o\000k\001\157}{chapter.8}% 80
\BOOKMARK [1][-]{section.8.4}{\376\377\000F\000l\000u\000v\000i\000\341\000l\000n\000\355\000\040\000e\000r\000o\000z\000e}{chapter.8}% 81
\BOOKMARK [2][-]{subsection.8.4.1}{\376\377\000T\000y\000p\000y\000\040\000e\000r\000o\000z\000e}{section.8.4}% 82
\BOOKMARK [2][-]{subsection.8.4.2}{\376\377\000E\000r\000o\000z\000n\000\355\000\040\000p\000r\000o\000c\000e\000s\000y}{section.8.4}% 83
\BOOKMARK [2][-]{subsection.8.4.3}{\376\377\000Z\000d\000r\000o\000j\000e\000\040\000s\000e\000d\000i\000m\000e\000n\000t\001\157}{section.8.4}% 84
\BOOKMARK [1][-]{section.8.5}{\376\377\000F\000l\000u\000v\000i\000\341\000l\000n\000\355\000\040\000t\000r\000a\000n\000s\000p\000o\000r\000t}{chapter.8}% 85
\BOOKMARK [2][-]{subsection.8.5.1}{\376\377\000U\000v\000e\000d\000e\000n\000\355\000\040\001\015\000\341\000s\000t\000i\000c\000\040\000d\000o\000\040\000p\000o\000h\000y\000b\000u}{section.8.5}% 86
\BOOKMARK [2][-]{subsection.8.5.2}{\376\377\000Z\000p\001\157\000s\000o\000b\000\040\000f\000l\000u\000v\000i\000\341\000l\000n\000\355\000h\000o\000\040\000t\000r\000a\000n\000s\000p\000o\000r\000t\000u}{section.8.5}% 87
\BOOKMARK [1][-]{section.8.6}{\376\377\001\130\000\355\001\015\000n\000\355\000\040\000k\000o\000r\000y\000t\000o}{chapter.8}% 88
\BOOKMARK [2][-]{subsection.8.6.1}{\376\377\000T\000y\000p\000y\000\040\001\131\000\355\001\015\000n\000\355\000c\000h\000\040\000k\000o\000r\000y\000t}{section.8.6}% 89
\BOOKMARK [2][-]{subsection.8.6.2}{\376\377\000G\000e\000o\000m\000e\000t\000r\000i\000c\000k\000\375\000\040\000v\000z\000o\000r\000\040\000t\000o\000k\000u}{section.8.6}% 90
\BOOKMARK [2][-]{subsection.8.6.3}{\376\377\000A\000n\000a\000s\000t\000o\000m\000\363\000z\000n\000\355\000\040\000t\000o\000k\000y}{section.8.6}% 91
\BOOKMARK [1][-]{section.8.7}{\376\377\000\332\000d\000o\000l\000\355}{chapter.8}% 92
\BOOKMARK [2][-]{subsection.8.7.1}{\376\377\000V\000o\000d\000n\000\355\000\040\000t\000o\000k\000y\000\040\000a\000\040\000m\000o\000r\000f\000o\000s\000t\000r\000u\000k\000t\000u\000r\000a}{section.8.7}% 93
\BOOKMARK [2][-]{subsection.8.7.2}{\376\377\000P\000o\000d\000\351\000l\000n\000\375\000\040\000p\000r\000o\000f\000i\000l\000\040\000a\000\040\000e\000r\000o\000z\000n\000\355\000\040\000b\000\341\000z\000e}{section.8.7}% 94
\BOOKMARK [1][-]{section.8.8}{\376\377\000K\000o\000r\000y\000t\000o\000v\000\351\000\040\000f\000o\000r\000m\000y}{chapter.8}% 95
\BOOKMARK [1][-]{section.8.9}{\376\377\000M\000i\000m\000o\000k\000o\000r\000y\000t\000o\000v\000\351\000\040\000f\000o\000r\000m\000y}{chapter.8}% 96
\BOOKMARK [2][-]{subsection.8.9.1}{\376\377\000N\000i\000v\000a}{section.8.9}% 97
\BOOKMARK [2][-]{subsection.8.9.2}{\376\377\001\130\000\355\001\015\000n\000\355\000\040\000t\000e\000r\000a\000s\000y}{section.8.9}% 98
\BOOKMARK [2][-]{subsection.8.9.3}{\376\377\000N\000\341\000p\000l\000a\000v\000o\000v\000\375\000\040\000k\000u\001\176\000e\000l}{section.8.9}% 99
\BOOKMARK [0][-]{chapter.9}{\376\377\000P\000o\000v\000o\000d\000\355\000,\000\040\000\372\000d\000o\000l\000n\000\355\000\040\000s\000\355\001\145\000\040\000a\000\040\000j\000e\000z\000e\000r\000a}{part.3}% 100
\BOOKMARK [1][-]{section.9.1}{\376\377\000G\000e\000o\000m\000e\000t\000r\000i\000e\000\040\000\372\000d\000o\000l\000n\000\355\000\040\000s\000\355\000t\001\033}{chapter.9}% 101
\BOOKMARK [1][-]{section.9.2}{\376\377\000H\000i\000e\000a\000r\000c\000h\000i\000z\000a\000c\000e\000\040\001\131\000\355\001\015\000n\000\355\000\040\000s\000\355\000t\001\033}{chapter.9}% 102
\BOOKMARK [1][-]{section.9.3}{\376\377\000J\000e\000z\000e\000r\000a}{chapter.9}% 103
\BOOKMARK [0][-]{chapter.10}{\376\377\000K\000r\000a\000s\000o\000v\000\351\000\040\000p\000r\000o\000c\000e\000s\000y\000\040\000a\000\040\000f\000o\000r\000m\000y\000\040\000r\000e\000l\000i\000\351\000f\000u}{part.3}% 104
\BOOKMARK [1][-]{section.10.1}{\376\377\000K\000r\000a\000s\000o\000v\001\033\000n\000\355}{chapter.10}% 105
\BOOKMARK [2][-]{subsection.10.1.1}{\376\377\000L\000i\000t\000o\000l\000o\000g\000i\000e}{section.10.1}% 106
\BOOKMARK [2][-]{subsection.10.1.2}{\376\377\000K\000l\000i\000m\000a\000t\000i\000c\000k\000\351\000\040\000p\000o\000d\000m\000\355\000n\000k\000y}{section.10.1}% 107
\BOOKMARK [1][-]{section.10.2}{\376\377\000K\000r\000a\000s\000o\000v\000\341\000\040\000g\000e\000o\000m\000o\000r\000f\000o\000l\000o\000g\000i\000e}{chapter.10}% 108
\BOOKMARK [2][-]{subsection.10.2.1}{\376\377\000P\000o\000v\000r\000c\000h\000o\000v\000\351\000\040\000t\000v\000a\000r\000y}{section.10.2}% 109
\BOOKMARK [2][-]{subsection.10.2.2}{\376\377\000P\000o\000d\000p\000o\000v\000r\000c\000h\000o\000v\000\351\000\040\000t\000v\000a\000r\000y}{section.10.2}% 110
\BOOKMARK [0][-]{chapter.11}{\376\377\000G\000l\000a\000c\000i\000\341\000l\000n\000\355\000\040\000p\000r\000o\000c\000e\000s\000y\000\040\000a\000\040\000f\000o\000r\000m\000y}{part.3}% 111
\BOOKMARK [1][-]{section.11.1}{\376\377\000L\000e\000d\000o\000v\000c\000e}{chapter.11}% 112
\BOOKMARK [2][-]{subsection.11.1.1}{\376\377\000V\000z\000n\000i\000k\000\040\000l\000e\000d\000o\000v\000c\001\157\000\040\000a\000\040\000b\000i\000l\000a\000n\000c\000e\000\040\000h\000m\000o\000t\000y}{section.11.1}% 113
\BOOKMARK [2][-]{subsection.11.1.2}{\376\377\000T\000y\000p\000y\000\040\000l\000e\000d\000o\000v\000c\001\157}{section.11.1}% 114
\BOOKMARK [2][-]{subsection.11.1.3}{\376\377\000P\000o\000h\000y\000b\000\040\000l\000e\000d\000o\000v\000c\001\157}{section.11.1}% 115
\BOOKMARK [1][-]{section.11.2}{\376\377\000M\000o\000r\000f\000o\000l\000o\000g\000i\000e\000\040\000p\000o\000v\000r\000c\000h\000u\000\040\000l\000e\000d\000o\000v\000c\001\157}{chapter.11}% 116
\BOOKMARK [1][-]{section.11.3}{\376\377\000G\000l\000a\000c\000i\000\341\000l\000n\000\355\000\040\000p\000r\000o\000c\000e\000s\000y}{chapter.11}% 117
\BOOKMARK [2][-]{subsection.11.3.1}{\376\377\000E\000r\000o\000z\000n\000\355\000\040\001\015\000i\000n\000n\000o\000s\000t\000\040\000l\000e\000d\000o\000v\000c\001\157}{section.11.3}% 118
\BOOKMARK [2][-]{subsection.11.3.2}{\376\377\000G\000l\000a\000c\000i\000\341\000l\000n\000\355\000\040\000t\000r\000a\000n\000s\000p\000o\000r\000t\000\040\000a\000\040\000a\000k\000u\000m\000u\000l\000a\000c\000e}{section.11.3}% 119
\BOOKMARK [1][-]{section.11.4}{\376\377\000L\000e\000d\000o\000v\000c\000o\000v\000\351\000\040\000t\000v\000a\000r\000y}{chapter.11}% 120
\BOOKMARK [2][-]{subsection.11.4.1}{\376\377\000T\000v\000a\000r\000y\000\040\000l\000e\000d\000o\000v\000c\000o\000v\000\351\000\040\000e\000r\000o\000z\000e}{section.11.4}% 121
\BOOKMARK [2][-]{subsection.11.4.2}{\376\377\000T\000v\000a\000r\000y\000\040\000l\000e\000d\000o\000v\000c\000o\000v\000\351\000\040\000a\000k\000u\000m\000u\000l\000a\000c\000e}{section.11.4}% 122
\BOOKMARK [2][-]{subsection.11.4.3}{\376\377\000F\000l\000u\000v\000i\000o\000g\000l\000a\000c\000i\000\341\000l\000n\000\355\000\040\000t\000v\000a\000r\000y\000\040\000r\000e\000l\000i\000\351\000f\000u}{section.11.4}% 123
\BOOKMARK [0][-]{chapter.12}{\376\377\000P\000e\000r\000i\000g\000l\000a\000c\000i\000\341\000l\000n\000\355\000\040\000p\000r\000o\000c\000e\000s\000y\000\040\000a\000\040\000f\000o\000r\000m\000y}{part.3}% 124
\BOOKMARK [1][-]{section.12.1}{\376\377\000P\000e\000r\000i\000g\000l\000a\000c\000\341\000l\000n\000\355\000\040\000z\000\363\000n\000a}{chapter.12}% 125
\BOOKMARK [1][-]{section.12.2}{\376\377\000P\000e\000r\000m\000a\000f\000r\000o\000s\000t}{chapter.12}% 126
\BOOKMARK [2][-]{subsection.12.2.1}{\376\377\000A\000k\000t\000i\000v\000n\000\355\000\040\000v\000r\000s\000t\000v\000a}{section.12.2}% 127
\BOOKMARK [2][-]{subsection.12.2.2}{\376\377\000T\000a\000l\000i\000k}{section.12.2}% 128
\BOOKMARK [2][-]{subsection.12.2.3}{\376\377\000P\000o\000d\000z\000e\000m\000n\000\355\000\040\000l\000e\000d}{section.12.2}% 129
\BOOKMARK [1][-]{section.12.3}{\376\377\000K\000r\000y\000o\000g\000e\000n\000n\000\355\000\040\000p\000r\000o\000c\000e\000s\000y}{chapter.12}% 130
\BOOKMARK [1][-]{section.12.4}{\376\377\000P\000e\000r\000i\000g\000l\000a\000c\000i\000\341\000l\000n\000\355\000\040\000t\000v\000a\000r\000y\000\040\000r\000e\000l\000i\000\351\000f\000u}{chapter.12}% 131
\BOOKMARK [2][-]{subsection.12.4.1}{\376\377\000T\000v\000a\000r\000y\000\040\000v\000\040\000z\000e\000m\000i\000n\000\341\000c\000h}{section.12.4}% 132
\BOOKMARK [2][-]{subsection.12.4.2}{\376\377\000T\000v\000a\000r\000y\000\040\000v\000e\000\040\000s\000k\000a\000l\000n\000\355\000c\000h\000\040\000h\000o\000r\000n\000i\000n\000\341\000c\000h}{section.12.4}% 133
\BOOKMARK [0][-]{chapter.13}{\376\377\000E\000o\000l\000i\000c\000k\000\351\000\040\000p\000r\000o\000c\000e\000s\000y\000\040\000a\000\040\000a\000\040\000f\000o\000r\000m\000y\000\040\000r\000e\000l\000i\000\351\000f\000u}{part.3}% 134
\BOOKMARK [1][-]{section.13.1}{\376\377\000V\000\355\000t\000r\000\040\000j\000a\000k\000o\000\040\000m\000o\000r\000f\000o\000g\000e\000n\000e\000t\000i\000c\000k\000\375\000\040\001\015\000i\000n\000i\000t\000e\000l}{chapter.13}% 135
\BOOKMARK [1][-]{section.13.2}{\376\377\000E\000o\000l\000i\000c\000k\000\341\000\040\000e\000r\000o\000z\000e}{chapter.13}% 136
\BOOKMARK [1][-]{section.13.3}{\376\377\000T\000r\000a\000n\000s\000p\000o\000r\000t\000\040\000s\000e\000d\000i\000m\000e\000n\000t\001\157}{chapter.13}% 137
\BOOKMARK [1][-]{section.13.4}{\376\377\000E\000r\000o\000z\000n\000\355\000\040\000f\000o\000r\000m\000y}{chapter.13}% 138
\BOOKMARK [1][-]{section.13.5}{\376\377\000A\000k\000u\000m\000u\000l\000a\001\015\000n\000\355\000\040\000f\000o\000r\000m\000y}{chapter.13}% 139
\BOOKMARK [2][-]{subsection.13.5.1}{\376\377\000P\000\355\000s\000e\001\015\000n\000\351\000\040\000d\000u\000n\000y}{section.13.5}% 140
\BOOKMARK [2][-]{subsection.13.5.2}{\376\377\000V\000o\000l\000n\000\351\000\040\000d\000u\000n\000y}{section.13.5}% 141
\BOOKMARK [2][-]{subsection.13.5.3}{\376\377\000V\000\341\000z\000a\000n\000\351\000\040\000d\000u\000n\000y}{section.13.5}% 142
\BOOKMARK [1][-]{section.13.6}{\376\377\000S\000p\000r\000a\001\141}{chapter.13}% 143
\BOOKMARK [0][-]{chapter.14}{\376\377\000P\000o\000b\001\131\000e\001\176\000n\000\355\000\040\000p\000r\000o\000c\000e\000s\000y\000\040\000a\000\040\000f\000o\000r\000m\000y\000\040\000r\000e\000l\000i\000\351\000f\000u}{part.3}% 144
\BOOKMARK [1][-]{section.14.1}{\376\377\000V\000l\000n\001\033\000n\000\355}{chapter.14}% 145
\BOOKMARK [2][-]{subsection.14.1.1}{\376\377\000E\000o\000l\000i\000c\000k\000\351\000\040\000v\000l\000n\000y}{section.14.1}% 146
\BOOKMARK [2][-]{subsection.14.1.2}{\376\377\000B\000o\000u\001\131\000k\000o\000v\000\351\000\040\000v\000l\000n\000y}{section.14.1}% 147
\BOOKMARK [2][-]{subsection.14.1.3}{\376\377\000S\000e\000i\000s\000m\000i\000c\000k\000\351\000\040\000m\000o\001\131\000s\000k\000\351\000\040\000v\000l\000n\000y}{section.14.1}% 148
\BOOKMARK [1][-]{section.14.2}{\376\377\000P\001\131\000\355\000b\000o\000j}{chapter.14}% 149
\BOOKMARK [1][-]{section.14.3}{\376\377\000V\000l\000n\000o\000v\000\351\000\040\000p\000r\000o\000u\000d\000y}{chapter.14}% 150
\BOOKMARK [1][-]{section.14.4}{\376\377\000V\000\375\001\015\000a\000s\000o\000v\000\351\000\040\000p\000r\000o\000u\000d\000y}{chapter.14}% 151
\BOOKMARK [1][-]{section.14.5}{\376\377\000P\000o\000b\001\131\000e\001\176\000n\000\355\000\040\000p\000r\000o\000c\000e\000s\000y}{chapter.14}% 152
\BOOKMARK [1][-]{section.14.6}{\376\377\000P\000o\000b\001\131\000e\001\176\000n\000\355\000\040\000f\000o\000r\000m\000y\000\040\000r\000e\000l\000i\000\351\000f\000u}{chapter.14}% 153
\BOOKMARK [2][-]{subsection.14.6.1}{\376\377\000E\000r\000o\000z\000n\000\355\000\040\000p\000o\000b\001\131\000e\001\176\000\355}{section.14.6}% 154
\BOOKMARK [2][-]{subsection.14.6.2}{\376\377\000A\000k\000u\000m\000u\000l\000a\001\015\000n\000\355\000\040\000t\000v\000a\000r\000y}{section.14.6}% 155
\BOOKMARK [1][-]{section.14.7}{\376\377\000T\000y\000p\000y\000\040\000p\000o\000b\001\131\000e\001\176\000\355}{chapter.14}% 156
\BOOKMARK [1][-]{section.14.8}{\376\377\000Z\000m\001\033\000n\000y\000\040\000v\000\375\001\141\000k\000y\000\040\000m\000o\001\131\000s\000k\000\351\000\040\000h\000l\000a\000d\000i\000n\000y}{chapter.14}% 157
\BOOKMARK [2][-]{subsection.14.8.1}{\376\377\000P\001\131\000\355\001\015\000i\000n\000y\000\040\000z\000m\001\033\000n\000y\000\040\000v\000\375\001\141\000k\000y\000\040\000h\000l\000a\000d\000i\000n\000y}{section.14.8}% 158
\BOOKMARK [0][-]{chapter*.59}{\376\377\000H\000l\000a\000v\000n\000\355\000\040\000z\000d\000r\000o\000j\000e\000\040\000a\000\040\000d\000a\000l\001\141\000\355\000\040\001\015\000t\000e\000n\000\355}{part.3}% 159
\BOOKMARK [0][-]{chapter*.60}{\376\377\000O\000s\000t\000a\000t\000n\000\355\000\040\000z\000d\000r\000o\000j\000e\000\040\000c\000i\000t\000o\000v\000a\000n\000\351\000\040\000v\000\040\000t\000e\000x\000t\000u}{part.3}% 160
\BOOKMARK [0][-]{section*.61}{\376\377\000R\000e\000j\000s\000t\001\131\000\355\000k}{part.3}% 161
