This is XeTeX, Version 3.141592653-2.6-0.999994 (MiKTeX 22.7) (preloaded format=xelatex 2022.7.19)  5 SEP 2023 20:37
entering extended mode
 restricted \write18 enabled.
 %&-line parsing enabled.
**./zaklady_geomorfologie.tex
(zaklady_geomorfologie.tex
LaTeX2e <2022-06-01> patch level 5
L3 programming layer <2022-07-04> (skripta.cls
Document Class: skripta 2021/03/26 by Michal Břežný
(C:\Users\Michal\AppData\Local\Programs\MiKTeX\tex/latex/base\book.cls
Document Class: book 2021/10/04 v1.4n Standard LaTeX document class
(C:\Users\Michal\AppData\Local\Programs\MiKTeX\tex/latex/base\bk11.clo
File: bk11.clo 2021/10/04 v1.4n Standard LaTeX file (size option)
)
\c@part=\count181
\c@chapter=\count182
\c@section=\count183
\c@subsection=\count184
\c@subsubsection=\count185
\c@paragraph=\count186
\c@subparagraph=\count187
\c@figure=\count188
\c@table=\count189
\abovecaptionskip=\skip47
\belowcaptionskip=\skip48
\bibindent=\dimen138
)
(C:\Users\Michal\AppData\Local\Programs\MiKTeX\tex/latex/csquotes\csquotes.sty
Package: csquotes 2021-02-22 v5.2l context-sensitive quotations (JAW)

(C:\Users\Michal\AppData\Local\Programs\MiKTeX\tex/latex/etoolbox\etoolbox.sty
Package: etoolbox 2020/10/05 v2.5k e-TeX tools for LaTeX (JAW)
\etb@tempcnta=\count190
) (C:\Users\Michal\AppData\Local\Programs\MiKTeX\tex/latex/graphics\keyval.sty
Package: keyval 2022/05/29 v1.15 key=value parser (DPC)
\KV@toks@=\toks16
)
\csq@reset=\count191
\csq@gtype=\count192
\csq@glevel=\count193
\csq@qlevel=\count194
\csq@maxlvl=\count195
\csq@tshold=\count196
\csq@ltx@everypar=\toks17

(C:\Users\Michal\AppData\Local\Programs\MiKTeX\tex/latex/csquotes\csquotes.def
File: csquotes.def 2021-02-22 v5.2l csquotes generic definitions (JAW)
)
Package csquotes Info: Trying to load configuration file 'csquotes.cfg'...
Package csquotes Info: ... configuration file loaded successfully.
(C:\Users\Michal\AppData\Local\Programs\MiKTeX\tex/latex/csquotes\csquotes.cfg
File: csquotes.cfg 
)
Package csquotes Info: Redefining alias 'czech' -> 'czech/quotes'.
)
(C:\Users\Michal\AppData\Local\Programs\MiKTeX\tex/latex/enumitem\enumitem.sty
Package: enumitem 2019/06/20 v3.9 Customized lists
\labelindent=\skip49
\enit@outerparindent=\dimen139
\enit@toks=\toks18
\enit@inbox=\box51
\enit@count@id=\count197
\enitdp@description=\count198
) (C:\Users\Michal\AppData\Local\Programs\MiKTeX\tex/latex/booktabs\booktabs.st
y
Package: booktabs 2020/01/12 v1.61803398 Publication quality tables
\heavyrulewidth=\dimen140
\lightrulewidth=\dimen141
\cmidrulewidth=\dimen142
\belowrulesep=\dimen143
\belowbottomsep=\dimen144
\aboverulesep=\dimen145
\abovetopsep=\dimen146
\cmidrulesep=\dimen147
\cmidrulekern=\dimen148
\defaultaddspace=\dimen149
\@cmidla=\count199
\@cmidlb=\count266
\@aboverulesep=\dimen150
\@belowrulesep=\dimen151
\@thisruleclass=\count267
\@lastruleclass=\count268
\@thisrulewidth=\dimen152
) (C:\Users\Michal\AppData\Local\Programs\MiKTeX\tex/latex/xcolor\xcolor.sty
Package: xcolor 2022/06/12 v2.14 LaTeX color extensions (UK)

(C:\Users\Michal\AppData\Local\Programs\MiKTeX\tex/latex/graphics-cfg\color.cfg
File: color.cfg 2016/01/02 v1.6 sample color configuration
)
Package xcolor Info: Driver file: xetex.def on input line 227.

(C:\Users\Michal\AppData\Local\Programs\MiKTeX\tex/latex/graphics-def\xetex.def
File: xetex.def 2022/04/16 v5.0m Graphics/color driver for xetex
)
(C:\Users\Michal\AppData\Local\Programs\MiKTeX\tex/latex-dev/graphics\mathcolor
.ltx)
Package xcolor Info: Model `cmy' substituted by `cmy0' on input line 1353.
Package xcolor Info: Model `RGB' extended on input line 1369.
Package xcolor Info: Model `HTML' substituted by `rgb' on input line 1371.
Package xcolor Info: Model `Hsb' substituted by `hsb' on input line 1372.
Package xcolor Info: Model `tHsb' substituted by `hsb' on input line 1373.
Package xcolor Info: Model `HSB' substituted by `hsb' on input line 1374.
Package xcolor Info: Model `Gray' substituted by `gray' on input line 1375.
Package xcolor Info: Model `wave' substituted by `hsb' on input line 1376.

(C:\Users\Michal\AppData\Local\Programs\MiKTeX\tex/latex/graphics\dvipsnam.def
File: dvipsnam.def 2016/06/17 v3.0m Driver-dependent file (DPC,SPQR)
)) (C:\Users\Michal\AppData\Local\Programs\MiKTeX\tex/latex/tools\multicol.sty
Package: multicol 2021/10/28 v1.9b multicolumn formatting (FMi)
\c@tracingmulticols=\count269
\mult@box=\box52
\multicol@leftmargin=\dimen153
\c@unbalance=\count270
\c@collectmore=\count271
\doublecol@number=\count272
\multicoltolerance=\count273
\multicolpretolerance=\count274
\full@width=\dimen154
\page@free=\dimen155
\premulticols=\dimen156
\postmulticols=\dimen157
\multicolsep=\skip50
\multicolbaselineskip=\skip51
\partial@page=\box53
\last@line=\box54
\maxbalancingoverflow=\dimen158
\mult@rightbox=\box55
\mult@grightbox=\box56
\mult@firstbox=\box57
\mult@gfirstbox=\box58
\@tempa=\box59
\@tempa=\box60
\@tempa=\box61
\@tempa=\box62
\@tempa=\box63
\@tempa=\box64
\@tempa=\box65
\@tempa=\box66
\@tempa=\box67
\@tempa=\box68
\@tempa=\box69
\@tempa=\box70
\@tempa=\box71
\@tempa=\box72
\@tempa=\box73
\@tempa=\box74
\@tempa=\box75
\@tempa=\box76
\@tempa=\box77
\@tempa=\box78
\@tempa=\box79
\@tempa=\box80
\@tempa=\box81
\@tempa=\box82
\@tempa=\box83
\@tempa=\box84
\@tempa=\box85
\@tempa=\box86
\@tempa=\box87
\@tempa=\box88
\@tempa=\box89
\@tempa=\box90
\@tempa=\box91
\@tempa=\box92
\@tempa=\box93
\@tempa=\box94
\c@minrows=\count275
\c@columnbadness=\count276
\c@finalcolumnbadness=\count277
\last@try=\dimen159
\multicolovershoot=\dimen160
\multicolundershoot=\dimen161
\mult@nat@firstbox=\box95
\colbreak@box=\box96
\mc@col@check@num=\count278
)
(C:\Users\Michal\AppData\Local\Programs\MiKTeX\tex/latex/geometry\geometry.sty
Package: geometry 2020/01/02 v5.9 Page Geometry

(C:\Users\Michal\AppData\Local\Programs\MiKTeX\tex/generic/iftex\ifvtex.sty
Package: ifvtex 2019/10/25 v1.7 ifvtex legacy package. Use iftex instead.

(C:\Users\Michal\AppData\Local\Programs\MiKTeX\tex/generic/iftex\iftex.sty
Package: iftex 2022/02/03 v1.0f TeX engine tests
))
\Gm@cnth=\count279
\Gm@cntv=\count280
\c@Gm@tempcnt=\count281
\Gm@bindingoffset=\dimen162
\Gm@wd@mp=\dimen163
\Gm@odd@mp=\dimen164
\Gm@even@mp=\dimen165
\Gm@layoutwidth=\dimen166
\Gm@layoutheight=\dimen167
\Gm@layouthoffset=\dimen168
\Gm@layoutvoffset=\dimen169
\Gm@dimlist=\toks19

(C:\Users\Michal\AppData\Local\Programs\MiKTeX\tex/latex/geometry\geometry.cfg)
)
(C:\Users\Michal\AppData\Local\Programs\MiKTeX\tex/latex/graphics\graphicx.sty
Package: graphicx 2021/09/16 v1.2d Enhanced LaTeX Graphics (DPC,SPQR)

(C:\Users\Michal\AppData\Local\Programs\MiKTeX\tex/latex/graphics\graphics.sty
Package: graphics 2022/03/10 v1.4e Standard LaTeX Graphics (DPC,SPQR)

(C:\Users\Michal\AppData\Local\Programs\MiKTeX\tex/latex/graphics\trig.sty
Package: trig 2021/08/11 v1.11 sin cos tan (DPC)
)
(C:\Users\Michal\AppData\Local\Programs\MiKTeX\tex/latex/graphics-cfg\graphics.
cfg
File: graphics.cfg 2016/06/04 v1.11 sample graphics configuration
)
Package graphics Info: Driver file: xetex.def on input line 107.
)
\Gin@req@height=\dimen170
\Gin@req@width=\dimen171
)
(C:\Users\Michal\AppData\Local\Programs\MiKTeX\tex/latex/pgf/frontendlayer\tikz
.sty
(C:\Users\Michal\AppData\Local\Programs\MiKTeX\tex/latex/pgf/basiclayer\pgf.sty

(C:\Users\Michal\AppData\Local\Programs\MiKTeX\tex/latex/pgf/utilities\pgfrcs.s
ty
(C:\Users\Michal\AppData\Local\Programs\MiKTeX\tex/generic/pgf/utilities\pgfuti
l-common.tex
\pgfutil@everybye=\toks20
\pgfutil@tempdima=\dimen172
\pgfutil@tempdimb=\dimen173

(C:\Users\Michal\AppData\Local\Programs\MiKTeX\tex/generic/pgf/utilities\pgfuti
l-common-lists.tex))
(C:\Users\Michal\AppData\Local\Programs\MiKTeX\tex/generic/pgf/utilities\pgfuti
l-latex.def
\pgfutil@abb=\box97
)
(C:\Users\Michal\AppData\Local\Programs\MiKTeX\tex/generic/pgf/utilities\pgfrcs
.code.tex
(C:\Users\Michal\AppData\Local\Programs\MiKTeX\tex/generic/pgf\pgf.revision.tex
)
Package: pgfrcs 2021/05/15 v3.1.9a (3.1.9a)
))
Package: pgf 2021/05/15 v3.1.9a (3.1.9a)

(C:\Users\Michal\AppData\Local\Programs\MiKTeX\tex/latex/pgf/basiclayer\pgfcore
.sty
(C:\Users\Michal\AppData\Local\Programs\MiKTeX\tex/latex/pgf/systemlayer\pgfsys
.sty
(C:\Users\Michal\AppData\Local\Programs\MiKTeX\tex/generic/pgf/systemlayer\pgfs
ys.code.tex
Package: pgfsys 2021/05/15 v3.1.9a (3.1.9a)

(C:\Users\Michal\AppData\Local\Programs\MiKTeX\tex/generic/pgf/utilities\pgfkey
s.code.tex
\pgfkeys@pathtoks=\toks21
\pgfkeys@temptoks=\toks22

(C:\Users\Michal\AppData\Local\Programs\MiKTeX\tex/generic/pgf/utilities\pgfkey
sfiltered.code.tex
\pgfkeys@tmptoks=\toks23
))
\pgf@x=\dimen174
\pgf@y=\dimen175
\pgf@xa=\dimen176
\pgf@ya=\dimen177
\pgf@xb=\dimen178
\pgf@yb=\dimen179
\pgf@xc=\dimen180
\pgf@yc=\dimen181
\pgf@xd=\dimen182
\pgf@yd=\dimen183
\w@pgf@writea=\write3
\r@pgf@reada=\read2
\c@pgf@counta=\count282
\c@pgf@countb=\count283
\c@pgf@countc=\count284
\c@pgf@countd=\count285
\t@pgf@toka=\toks24
\t@pgf@tokb=\toks25
\t@pgf@tokc=\toks26
\pgf@sys@id@count=\count286

(C:\Users\Michal\AppData\Local\Programs\MiKTeX\tex/generic/pgf/systemlayer\pgf.
cfg
File: pgf.cfg 2021/05/15 v3.1.9a (3.1.9a)
)
Driver file for pgf: pgfsys-xetex.def

(C:\Users\Michal\AppData\Local\Programs\MiKTeX\tex/generic/pgf/systemlayer\pgfs
ys-xetex.def
File: pgfsys-xetex.def 2021/05/15 v3.1.9a (3.1.9a)

(C:\Users\Michal\AppData\Local\Programs\MiKTeX\tex/generic/pgf/systemlayer\pgfs
ys-dvipdfmx.def
File: pgfsys-dvipdfmx.def 2021/05/15 v3.1.9a (3.1.9a)

(C:\Users\Michal\AppData\Local\Programs\MiKTeX\tex/generic/pgf/systemlayer\pgfs
ys-common-pdf.def
File: pgfsys-common-pdf.def 2021/05/15 v3.1.9a (3.1.9a)
)
\pgfsys@objnum=\count287
)))
(C:\Users\Michal\AppData\Local\Programs\MiKTeX\tex/generic/pgf/systemlayer\pgfs
yssoftpath.code.tex
File: pgfsyssoftpath.code.tex 2021/05/15 v3.1.9a (3.1.9a)
\pgfsyssoftpath@smallbuffer@items=\count288
\pgfsyssoftpath@bigbuffer@items=\count289
)
(C:\Users\Michal\AppData\Local\Programs\MiKTeX\tex/generic/pgf/systemlayer\pgfs
ysprotocol.code.tex
File: pgfsysprotocol.code.tex 2021/05/15 v3.1.9a (3.1.9a)
))
(C:\Users\Michal\AppData\Local\Programs\MiKTeX\tex/generic/pgf/basiclayer\pgfco
re.code.tex
Package: pgfcore 2021/05/15 v3.1.9a (3.1.9a)

(C:\Users\Michal\AppData\Local\Programs\MiKTeX\tex/generic/pgf/math\pgfmath.cod
e.tex
(C:\Users\Michal\AppData\Local\Programs\MiKTeX\tex/generic/pgf/math\pgfmathcalc
.code.tex
(C:\Users\Michal\AppData\Local\Programs\MiKTeX\tex/generic/pgf/math\pgfmathutil
.code.tex)
(C:\Users\Michal\AppData\Local\Programs\MiKTeX\tex/generic/pgf/math\pgfmathpars
er.code.tex
\pgfmath@dimen=\dimen184
\pgfmath@count=\count290
\pgfmath@box=\box98
\pgfmath@toks=\toks27
\pgfmath@stack@operand=\toks28
\pgfmath@stack@operation=\toks29
)
(C:\Users\Michal\AppData\Local\Programs\MiKTeX\tex/generic/pgf/math\pgfmathfunc
tions.code.tex
(C:\Users\Michal\AppData\Local\Programs\MiKTeX\tex/generic/pgf/math\pgfmathfunc
tions.basic.code.tex)
(C:\Users\Michal\AppData\Local\Programs\MiKTeX\tex/generic/pgf/math\pgfmathfunc
tions.trigonometric.code.tex)
(C:\Users\Michal\AppData\Local\Programs\MiKTeX\tex/generic/pgf/math\pgfmathfunc
tions.random.code.tex)
(C:\Users\Michal\AppData\Local\Programs\MiKTeX\tex/generic/pgf/math\pgfmathfunc
tions.comparison.code.tex)
(C:\Users\Michal\AppData\Local\Programs\MiKTeX\tex/generic/pgf/math\pgfmathfunc
tions.base.code.tex)
(C:\Users\Michal\AppData\Local\Programs\MiKTeX\tex/generic/pgf/math\pgfmathfunc
tions.round.code.tex)
(C:\Users\Michal\AppData\Local\Programs\MiKTeX\tex/generic/pgf/math\pgfmathfunc
tions.misc.code.tex)
(C:\Users\Michal\AppData\Local\Programs\MiKTeX\tex/generic/pgf/math\pgfmathfunc
tions.integerarithmetics.code.tex)))
(C:\Users\Michal\AppData\Local\Programs\MiKTeX\tex/generic/pgf/math\pgfmathfloa
t.code.tex
\c@pgfmathroundto@lastzeros=\count291
))
(C:\Users\Michal\AppData\Local\Programs\MiKTeX\tex/generic/pgf/math\pgfint.code
.tex)
(C:\Users\Michal\AppData\Local\Programs\MiKTeX\tex/generic/pgf/basiclayer\pgfco
repoints.code.tex
File: pgfcorepoints.code.tex 2021/05/15 v3.1.9a (3.1.9a)
\pgf@picminx=\dimen185
\pgf@picmaxx=\dimen186
\pgf@picminy=\dimen187
\pgf@picmaxy=\dimen188
\pgf@pathminx=\dimen189
\pgf@pathmaxx=\dimen190
\pgf@pathminy=\dimen191
\pgf@pathmaxy=\dimen192
\pgf@xx=\dimen193
\pgf@xy=\dimen194
\pgf@yx=\dimen195
\pgf@yy=\dimen196
\pgf@zx=\dimen197
\pgf@zy=\dimen198
)
(C:\Users\Michal\AppData\Local\Programs\MiKTeX\tex/generic/pgf/basiclayer\pgfco
repathconstruct.code.tex
File: pgfcorepathconstruct.code.tex 2021/05/15 v3.1.9a (3.1.9a)
\pgf@path@lastx=\dimen199
\pgf@path@lasty=\dimen256
)
(C:\Users\Michal\AppData\Local\Programs\MiKTeX\tex/generic/pgf/basiclayer\pgfco
repathusage.code.tex
File: pgfcorepathusage.code.tex 2021/05/15 v3.1.9a (3.1.9a)
\pgf@shorten@end@additional=\dimen257
\pgf@shorten@start@additional=\dimen258
)
(C:\Users\Michal\AppData\Local\Programs\MiKTeX\tex/generic/pgf/basiclayer\pgfco
rescopes.code.tex
File: pgfcorescopes.code.tex 2021/05/15 v3.1.9a (3.1.9a)
\pgfpic=\box99
\pgf@hbox=\box100
\pgf@layerbox@main=\box101
\pgf@picture@serial@count=\count292
)
(C:\Users\Michal\AppData\Local\Programs\MiKTeX\tex/generic/pgf/basiclayer\pgfco
regraphicstate.code.tex
File: pgfcoregraphicstate.code.tex 2021/05/15 v3.1.9a (3.1.9a)
\pgflinewidth=\dimen259
)
(C:\Users\Michal\AppData\Local\Programs\MiKTeX\tex/generic/pgf/basiclayer\pgfco
retransformations.code.tex
File: pgfcoretransformations.code.tex 2021/05/15 v3.1.9a (3.1.9a)
\pgf@pt@x=\dimen260
\pgf@pt@y=\dimen261
\pgf@pt@temp=\dimen262
)
(C:\Users\Michal\AppData\Local\Programs\MiKTeX\tex/generic/pgf/basiclayer\pgfco
requick.code.tex
File: pgfcorequick.code.tex 2021/05/15 v3.1.9a (3.1.9a)
)
(C:\Users\Michal\AppData\Local\Programs\MiKTeX\tex/generic/pgf/basiclayer\pgfco
reobjects.code.tex
File: pgfcoreobjects.code.tex 2021/05/15 v3.1.9a (3.1.9a)
)
(C:\Users\Michal\AppData\Local\Programs\MiKTeX\tex/generic/pgf/basiclayer\pgfco
repathprocessing.code.tex
File: pgfcorepathprocessing.code.tex 2021/05/15 v3.1.9a (3.1.9a)
)
(C:\Users\Michal\AppData\Local\Programs\MiKTeX\tex/generic/pgf/basiclayer\pgfco
rearrows.code.tex
File: pgfcorearrows.code.tex 2021/05/15 v3.1.9a (3.1.9a)
\pgfarrowsep=\dimen263
)
(C:\Users\Michal\AppData\Local\Programs\MiKTeX\tex/generic/pgf/basiclayer\pgfco
reshade.code.tex
File: pgfcoreshade.code.tex 2021/05/15 v3.1.9a (3.1.9a)
\pgf@max=\dimen264
\pgf@sys@shading@range@num=\count293
\pgf@shadingcount=\count294
)
(C:\Users\Michal\AppData\Local\Programs\MiKTeX\tex/generic/pgf/basiclayer\pgfco
reimage.code.tex
File: pgfcoreimage.code.tex 2021/05/15 v3.1.9a (3.1.9a)

(C:\Users\Michal\AppData\Local\Programs\MiKTeX\tex/generic/pgf/basiclayer\pgfco
reexternal.code.tex
File: pgfcoreexternal.code.tex 2021/05/15 v3.1.9a (3.1.9a)
\pgfexternal@startupbox=\box102
))
(C:\Users\Michal\AppData\Local\Programs\MiKTeX\tex/generic/pgf/basiclayer\pgfco
relayers.code.tex
File: pgfcorelayers.code.tex 2021/05/15 v3.1.9a (3.1.9a)
)
(C:\Users\Michal\AppData\Local\Programs\MiKTeX\tex/generic/pgf/basiclayer\pgfco
retransparency.code.tex
File: pgfcoretransparency.code.tex 2021/05/15 v3.1.9a (3.1.9a)
)
(C:\Users\Michal\AppData\Local\Programs\MiKTeX\tex/generic/pgf/basiclayer\pgfco
repatterns.code.tex
File: pgfcorepatterns.code.tex 2021/05/15 v3.1.9a (3.1.9a)
)
(C:\Users\Michal\AppData\Local\Programs\MiKTeX\tex/generic/pgf/basiclayer\pgfco
rerdf.code.tex
File: pgfcorerdf.code.tex 2021/05/15 v3.1.9a (3.1.9a)
)))
(C:\Users\Michal\AppData\Local\Programs\MiKTeX\tex/generic/pgf/modules\pgfmodul
eshapes.code.tex
File: pgfmoduleshapes.code.tex 2021/05/15 v3.1.9a (3.1.9a)
\pgfnodeparttextbox=\box103
)
(C:\Users\Michal\AppData\Local\Programs\MiKTeX\tex/generic/pgf/modules\pgfmodul
eplot.code.tex
File: pgfmoduleplot.code.tex 2021/05/15 v3.1.9a (3.1.9a)
)
(C:\Users\Michal\AppData\Local\Programs\MiKTeX\tex/latex/pgf/compatibility\pgfc
omp-version-0-65.sty
Package: pgfcomp-version-0-65 2021/05/15 v3.1.9a (3.1.9a)
\pgf@nodesepstart=\dimen265
\pgf@nodesepend=\dimen266
)
(C:\Users\Michal\AppData\Local\Programs\MiKTeX\tex/latex/pgf/compatibility\pgfc
omp-version-1-18.sty
Package: pgfcomp-version-1-18 2021/05/15 v3.1.9a (3.1.9a)
))
(C:\Users\Michal\AppData\Local\Programs\MiKTeX\tex/latex/pgf/utilities\pgffor.s
ty
(C:\Users\Michal\AppData\Local\Programs\MiKTeX\tex/latex/pgf/utilities\pgfkeys.
sty
(C:\Users\Michal\AppData\Local\Programs\MiKTeX\tex/generic/pgf/utilities\pgfkey
s.code.tex))
(C:\Users\Michal\AppData\Local\Programs\MiKTeX\tex/latex/pgf/math\pgfmath.sty
(C:\Users\Michal\AppData\Local\Programs\MiKTeX\tex/generic/pgf/math\pgfmath.cod
e.tex))
(C:\Users\Michal\AppData\Local\Programs\MiKTeX\tex/generic/pgf/utilities\pgffor
.code.tex
Package: pgffor 2021/05/15 v3.1.9a (3.1.9a)

(C:\Users\Michal\AppData\Local\Programs\MiKTeX\tex/generic/pgf/math\pgfmath.cod
e.tex)
\pgffor@iter=\dimen267
\pgffor@skip=\dimen268
\pgffor@stack=\toks30
\pgffor@toks=\toks31
))
(C:\Users\Michal\AppData\Local\Programs\MiKTeX\tex/generic/pgf/frontendlayer/ti
kz\tikz.code.tex
Package: tikz 2021/05/15 v3.1.9a (3.1.9a)

(C:\Users\Michal\AppData\Local\Programs\MiKTeX\tex/generic/pgf/libraries\pgflib
raryplothandlers.code.tex
File: pgflibraryplothandlers.code.tex 2021/05/15 v3.1.9a (3.1.9a)
\pgf@plot@mark@count=\count295
\pgfplotmarksize=\dimen269
)
\tikz@lastx=\dimen270
\tikz@lasty=\dimen271
\tikz@lastxsaved=\dimen272
\tikz@lastysaved=\dimen273
\tikz@lastmovetox=\dimen274
\tikz@lastmovetoy=\dimen275
\tikzleveldistance=\dimen276
\tikzsiblingdistance=\dimen277
\tikz@figbox=\box104
\tikz@figbox@bg=\box105
\tikz@tempbox=\box106
\tikz@tempbox@bg=\box107
\tikztreelevel=\count296
\tikznumberofchildren=\count297
\tikznumberofcurrentchild=\count298
\tikz@fig@count=\count299

(C:\Users\Michal\AppData\Local\Programs\MiKTeX\tex/generic/pgf/modules\pgfmodul
ematrix.code.tex
File: pgfmodulematrix.code.tex 2021/05/15 v3.1.9a (3.1.9a)
\pgfmatrixcurrentrow=\count300
\pgfmatrixcurrentcolumn=\count301
\pgf@matrix@numberofcolumns=\count302
)
\tikz@expandcount=\count303

(C:\Users\Michal\AppData\Local\Programs\MiKTeX\tex/generic/pgf/frontendlayer/ti
kz/libraries\tikzlibrarytopaths.code.tex
File: tikzlibrarytopaths.code.tex 2021/05/15 v3.1.9a (3.1.9a)
)))
(C:\Users\Michal\AppData\Local\Programs\MiKTeX\tex/latex/fancyhdr\fancyhdr.sty
Package: fancyhdr 2022/05/18 v4.0.3 Extensive control of page headers and foote
rs
\f@nch@headwidth=\skip52
\f@nch@O@elh=\skip53
\f@nch@O@erh=\skip54
\f@nch@O@olh=\skip55
\f@nch@O@orh=\skip56
\f@nch@O@elf=\skip57
\f@nch@O@erf=\skip58
\f@nch@O@olf=\skip59
\f@nch@O@orf=\skip60
) (C:\Users\Michal\AppData\Local\Programs\MiKTeX\tex/latex/biblatex\biblatex.st
y
Package: biblatex 2022/07/12 v3.18b programmable bibliographies (PK/MW)

(C:\Users\Michal\AppData\Local\Programs\MiKTeX\tex/generic/pdftexcmds\pdftexcmd
s.sty
Package: pdftexcmds 2020-06-27 v0.33 Utility functions of pdfTeX for LuaTeX (HO
)

(C:\Users\Michal\AppData\Local\Programs\MiKTeX\tex/generic/infwarerr\infwarerr.
sty
Package: infwarerr 2019/12/03 v1.5 Providing info/warning/error messages (HO)
)
(C:\Users\Michal\AppData\Local\Programs\MiKTeX\tex/generic/ltxcmds\ltxcmds.sty
Package: ltxcmds 2020-05-10 v1.25 LaTeX kernel commands for general use (HO)
)
Package pdftexcmds Info: \pdf@primitive is available.
Package pdftexcmds Info: \pdf@ifprimitive is available.
Package pdftexcmds Info: \pdfdraftmode not found.
)
(C:\Users\Michal\AppData\Local\Programs\MiKTeX\tex/latex/kvoptions\kvoptions.st
y
Package: kvoptions 2022-06-15 v3.15 Key value format for package options (HO)

(C:\Users\Michal\AppData\Local\Programs\MiKTeX\tex/generic/kvsetkeys\kvsetkeys.
sty
Package: kvsetkeys 2019/12/15 v1.18 Key value parser (HO)
))
(C:\Users\Michal\AppData\Local\Programs\MiKTeX\tex/latex/logreq\logreq.sty
Package: logreq 2010/08/04 v1.0 xml request logger
\lrq@indent=\count304

(C:\Users\Michal\AppData\Local\Programs\MiKTeX\tex/latex/logreq\logreq.def
File: logreq.def 2010/08/04 v1.0 logreq spec v1.0
))
(C:\Users\Michal\AppData\Local\Programs\MiKTeX\tex/latex/base\ifthen.sty
Package: ifthen 2022/04/13 v1.1d Standard LaTeX ifthen package (DPC)
)
(C:\Users\Michal\AppData\Local\Programs\MiKTeX\tex/latex/url\url.sty
\Urlmuskip=\muskip16
Package: url 2013/09/16  ver 3.4  Verb mode for urls, etc.
)
\c@tabx@nest=\count305
\c@listtotal=\count306
\c@listcount=\count307
\c@liststart=\count308
\c@liststop=\count309
\c@citecount=\count310
\c@citetotal=\count311
\c@multicitecount=\count312
\c@multicitetotal=\count313
\c@instcount=\count314
\c@maxnames=\count315
\c@minnames=\count316
\c@maxitems=\count317
\c@minitems=\count318
\c@citecounter=\count319
\c@maxcitecounter=\count320
\c@savedcitecounter=\count321
\c@uniquelist=\count322
\c@uniquename=\count323
\c@refsection=\count324
\c@refsegment=\count325
\c@maxextratitle=\count326
\c@maxextratitleyear=\count327
\c@maxextraname=\count328
\c@maxextradate=\count329
\c@maxextraalpha=\count330
\c@abbrvpenalty=\count331
\c@highnamepenalty=\count332
\c@lownamepenalty=\count333
\c@maxparens=\count334
\c@parenlevel=\count335
\blx@tempcnta=\count336
\blx@tempcntb=\count337
\blx@tempcntc=\count338
\c@blx@maxsection=\count339
\blx@maxsegment@0=\count340
\blx@notetype=\count341
\blx@parenlevel@text=\count342
\blx@parenlevel@foot=\count343
\blx@sectionciteorder@0=\count344
\blx@sectionciteorderinternal@0=\count345
\blx@entrysetcounter=\count346
\blx@biblioinstance=\count347
\labelnumberwidth=\skip61
\labelalphawidth=\skip62
\biblabelsep=\skip63
\bibitemsep=\skip64
\bibnamesep=\skip65
\bibinitsep=\skip66
\bibparsep=\skip67
\bibhang=\skip68
\blx@bcfin=\read3
\blx@bcfout=\write4
\blx@langwohyphens=\language79
\c@mincomprange=\count348
\c@maxcomprange=\count349
\c@mincompwidth=\count350
Package biblatex Info: Trying to load biblatex default data model...
Package biblatex Info: ... file 'blx-dm.def' found.

(C:\Users\Michal\AppData\Local\Programs\MiKTeX\tex/latex/biblatex\blx-dm.def
File: blx-dm.def 2022/07/12 v3.18b biblatex localization (PK/MW)
)
Package biblatex Info: Trying to load biblatex style data model...
Package biblatex Info: ... file 'authoryear.dbx' not found.
Package biblatex Info: Trying to load biblatex custom data model...
Package biblatex Info: ... file 'biblatex-dm.cfg' not found.
\c@afterword=\count351
\c@savedafterword=\count352
\c@annotator=\count353
\c@savedannotator=\count354
\c@author=\count355
\c@savedauthor=\count356
\c@bookauthor=\count357
\c@savedbookauthor=\count358
\c@commentator=\count359
\c@savedcommentator=\count360
\c@editor=\count361
\c@savededitor=\count362
\c@editora=\count363
\c@savededitora=\count364
\c@editorb=\count365
\c@savededitorb=\count366
\c@editorc=\count367
\c@savededitorc=\count368
\c@foreword=\count369
\c@savedforeword=\count370
\c@holder=\count371
\c@savedholder=\count372
\c@introduction=\count373
\c@savedintroduction=\count374
\c@namea=\count375
\c@savednamea=\count376
\c@nameb=\count377
\c@savednameb=\count378
\c@namec=\count379
\c@savednamec=\count380
\c@translator=\count381
\c@savedtranslator=\count382
\c@shortauthor=\count383
\c@savedshortauthor=\count384
\c@shorteditor=\count385
\c@savedshorteditor=\count386
\c@labelname=\count387
\c@savedlabelname=\count388
\c@institution=\count389
\c@savedinstitution=\count390
\c@lista=\count391
\c@savedlista=\count392
\c@listb=\count393
\c@savedlistb=\count394
\c@listc=\count395
\c@savedlistc=\count396
\c@listd=\count397
\c@savedlistd=\count398
\c@liste=\count399
\c@savedliste=\count400
\c@listf=\count401
\c@savedlistf=\count402
\c@location=\count403
\c@savedlocation=\count404
\c@organization=\count405
\c@savedorganization=\count406
\c@origlocation=\count407
\c@savedoriglocation=\count408
\c@origpublisher=\count409
\c@savedorigpublisher=\count410
\c@publisher=\count411
\c@savedpublisher=\count412
\c@language=\count413
\c@savedlanguage=\count414
\c@origlanguage=\count415
\c@savedoriglanguage=\count416
\c@pageref=\count417
\c@savedpageref=\count418
\shorthandwidth=\skip69
\shortjournalwidth=\skip70
\shortserieswidth=\skip71
\shorttitlewidth=\skip72
\shortauthorwidth=\skip73
\shorteditorwidth=\skip74
\locallabelnumberwidth=\skip75
\locallabelalphawidth=\skip76
\localshorthandwidth=\skip77
\localshortjournalwidth=\skip78
\localshortserieswidth=\skip79
\localshorttitlewidth=\skip80
\localshortauthorwidth=\skip81
\localshorteditorwidth=\skip82
Package biblatex Info: Trying to load enhanced support for Unicode engines...
Package biblatex Info: ... file 'blx-unicode.def' found.

(C:\Users\Michal\AppData\Local\Programs\MiKTeX\tex/latex/biblatex\blx-unicode.d
ef)
Package biblatex Info: Trying to load compatibility code...
Package biblatex Info: ... file 'blx-compat.def' found.

(C:\Users\Michal\AppData\Local\Programs\MiKTeX\tex/latex/biblatex\blx-compat.de
f
File: blx-compat.def 2022/07/12 v3.18b biblatex compatibility (PK/MW)
)
Package biblatex Info: Trying to load generic definitions...
Package biblatex Info: ... file 'biblatex.def' found.

(C:\Users\Michal\AppData\Local\Programs\MiKTeX\tex/latex/biblatex\biblatex.def
File: biblatex.def 2022/07/12 v3.18b biblatex compatibility (PK/MW)
\c@textcitecount=\count419
\c@textcitetotal=\count420
\c@textcitemaxnames=\count421
\c@biburlbigbreakpenalty=\count422
\c@biburlbreakpenalty=\count423
\c@biburlnumpenalty=\count424
\c@biburlucpenalty=\count425
\c@biburllcpenalty=\count426
\biburlbigskip=\muskip17
\biburlnumskip=\muskip18
\biburlucskip=\muskip19
\biburllcskip=\muskip20
\c@smartand=\count427
)
Package biblatex Info: Trying to load bibliography style 'authoryear'...
Package biblatex Info: ... file 'authoryear.bbx' found.

(C:\Users\Michal\AppData\Local\Programs\MiKTeX\tex/latex/biblatex/bbx\authoryea
r.bbx
File: authoryear.bbx 2022/07/12 v3.18b biblatex bibliography style (PK/MW)
Package biblatex Info: Trying to load bibliography style 'standard'...
Package biblatex Info: ... file 'standard.bbx' found.

(C:\Users\Michal\AppData\Local\Programs\MiKTeX\tex/latex/biblatex/bbx\standard.
bbx
File: standard.bbx 2022/07/12 v3.18b biblatex bibliography style (PK/MW)
\c@bbx:relatedcount=\count428
\c@bbx:relatedtotal=\count429
))
Package biblatex Info: Trying to load citation style 'authoryear'...
Package biblatex Info: ... file 'authoryear.cbx' found.

(C:\Users\Michal\AppData\Local\Programs\MiKTeX\tex/latex/biblatex/cbx\authoryea
r.cbx
File: authoryear.cbx 2022/07/12 v3.18b biblatex citation style (PK/MW)
Package biblatex Info: Redefining '\cite'.
Package biblatex Info: Redefining '\parencite'.
Package biblatex Info: Redefining '\footcite'.
Package biblatex Info: Redefining '\footcitetext'.
Package biblatex Info: Redefining '\smartcite'.
Package biblatex Info: Redefining '\textcite'.
Package biblatex Info: Redefining '\textcites'.
)
Package biblatex Info: Trying to load configuration file...
Package biblatex Info: ... file 'biblatex.cfg' found.

(C:\Users\Michal\AppData\Local\Programs\MiKTeX\tex/latex/biblatex\biblatex.cfg
File: biblatex.cfg 
)
Package biblatex Info: XeTeX detected.
(biblatex)             Assuming input encoding 'utf8'.
Package biblatex Info: Document encoding is UTF8 ....
(C:\Users\Michal\AppData\Local\Programs\MiKTeX\tex/latex/l3kernel\expl3.sty
Package: expl3 2022-07-04 L3 programming layer (loader) 

(C:\Users\Michal\AppData\Local\Programs\MiKTeX\tex/latex/l3backend\l3backend-xe
tex.def
File: l3backend-xetex.def 2022-07-01 L3 backend support: XeTeX
\g__graphics_track_int=\count430
\l__pdf_internal_box=\box108
\g__pdf_backend_object_int=\count431
\g__pdf_backend_annotation_int=\count432
\g__pdf_backend_link_int=\count433
))
Package biblatex Info: ... and expl3
(biblatex)             2022-07-04 L3 programming layer (loader) 
(biblatex)             is new enough (at least 2020/04/06),
(biblatex)             setting 'casechanger=expl3'.

(C:\Users\Michal\AppData\Local\Programs\MiKTeX\tex/latex/biblatex\blx-case-expl
3.sty
(C:\Users\Michal\AppData\Local\Programs\MiKTeX\tex/latex/l3packages/xparse\xpar
se.sty
Package: xparse 2022-06-22 L3 Experimental document command parser
)
Package: blx-case-expl3 2022/07/12 v3.18b expl3 case changing code for biblatex

))
(C:\Users\Michal\AppData\Local\Programs\MiKTeX\tex/latex/amsmath\amsmath.sty
Package: amsmath 2022/04/08 v2.17n AMS math features
\@mathmargin=\skip83

For additional information on amsmath, use the `?' option.
(C:\Users\Michal\AppData\Local\Programs\MiKTeX\tex/latex/amsmath\amstext.sty
Package: amstext 2021/08/26 v2.01 AMS text

(C:\Users\Michal\AppData\Local\Programs\MiKTeX\tex/latex/amsmath\amsgen.sty
File: amsgen.sty 1999/11/30 v2.0 generic functions
\@emptytoks=\toks32
\ex@=\dimen278
))
(C:\Users\Michal\AppData\Local\Programs\MiKTeX\tex/latex/amsmath\amsbsy.sty
Package: amsbsy 1999/11/29 v1.2d Bold Symbols
\pmbraise@=\dimen279
)
(C:\Users\Michal\AppData\Local\Programs\MiKTeX\tex/latex/amsmath\amsopn.sty
Package: amsopn 2022/04/08 v2.04 operator names
)
\inf@bad=\count434
LaTeX Info: Redefining \frac on input line 234.
\uproot@=\count435
\leftroot@=\count436
LaTeX Info: Redefining \overline on input line 399.
LaTeX Info: Redefining \colon on input line 410.
\classnum@=\count437
\DOTSCASE@=\count438
LaTeX Info: Redefining \ldots on input line 496.
LaTeX Info: Redefining \dots on input line 499.
LaTeX Info: Redefining \cdots on input line 620.
\Mathstrutbox@=\box109
\strutbox@=\box110
LaTeX Info: Redefining \big on input line 722.
LaTeX Info: Redefining \Big on input line 723.
LaTeX Info: Redefining \bigg on input line 724.
LaTeX Info: Redefining \Bigg on input line 725.
\big@size=\dimen280
LaTeX Font Info:    Redeclaring font encoding OML on input line 743.
LaTeX Font Info:    Redeclaring font encoding OMS on input line 744.
\macc@depth=\count439
LaTeX Info: Redefining \bmod on input line 905.
LaTeX Info: Redefining \pmod on input line 910.
LaTeX Info: Redefining \smash on input line 940.
LaTeX Info: Redefining \relbar on input line 970.
LaTeX Info: Redefining \Relbar on input line 971.
\c@MaxMatrixCols=\count440
\dotsspace@=\muskip21
\c@parentequation=\count441
\dspbrk@lvl=\count442
\tag@help=\toks33
\row@=\count443
\column@=\count444
\maxfields@=\count445
\andhelp@=\toks34
\eqnshift@=\dimen281
\alignsep@=\dimen282
\tagshift@=\dimen283
\tagwidth@=\dimen284
\totwidth@=\dimen285
\lineht@=\dimen286
\@envbody=\toks35
\multlinegap=\skip84
\multlinetaggap=\skip85
\mathdisplay@stack=\toks36
LaTeX Info: Redefining \[ on input line 2953.
LaTeX Info: Redefining \] on input line 2954.
)
(C:\Users\Michal\AppData\Local\Programs\MiKTeX\tex/latex/amsfonts\amsfonts.sty
Package: amsfonts 2013/01/14 v3.01 Basic AMSFonts support
\symAMSa=\mathgroup4
\symAMSb=\mathgroup5
LaTeX Font Info:    Redeclaring math symbol \hbar on input line 98.
LaTeX Font Info:    Overwriting math alphabet `\mathfrak' in version `bold'
(Font)                  U/euf/m/n --> U/euf/b/n on input line 106.
) (C:\Users\Michal\AppData\Local\Programs\MiKTeX\tex/latex/amsfonts\amssymb.sty
Package: amssymb 2013/01/14 v3.01 AMS font symbols
) (C:\Users\Michal\AppData\Local\Programs\MiKTeX\tex/latex/amscls\amsthm.sty
Package: amsthm 2020/05/29 v2.20.6
\thm@style=\toks37
\thm@bodyfont=\toks38
\thm@headfont=\toks39
\thm@notefont=\toks40
\thm@headpunct=\toks41
\thm@preskip=\skip86
\thm@postskip=\skip87
\thm@headsep=\skip88
\dth@everypar=\toks42
)
\c@notation=\count446
)
(C:\Users\Michal\AppData\Local\Programs\MiKTeX\tex/generic/babel\babel.sty
Package: babel 2022/06/26 3.77 The Babel package
\babel@savecnt=\count447
\U@D=\dimen287
\l@unhyphenated=\language80

(C:\Users\Michal\AppData\Local\Programs\MiKTeX\tex/generic/babel\xebabel.def
(C:\Users\Michal\AppData\Local\Programs\MiKTeX\tex/generic/babel\txtbabel.def))
\bbl@readstream=\read4
\bbl@dirlevel=\count448
*************************************
* Local config file bblopts.cfg used
*
(C:\Users\Michal\AppData\Local\Programs\MiKTeX\tex/latex/arabi\bblopts.cfg
File: bblopts.cfg 2005/09/08 v0.1 add Arabic and Farsi to "declared" options of
 babel
)
(C:\Users\Michal\AppData\Local\Programs\MiKTeX\tex/latex/babel-czech\czech.ldf
Language: czech 2008/07/06 v3.1a Czech support from the babel system
Package babel Info: Making " an active character on input line 172.
\cs@wordlen=\count449
Package babel Info: Making - an active character on input line 226.
))
(C:\Users\Michal\AppData\Local\Programs\MiKTeX\tex/generic/babel/locale/cs\babe
l-czech.tex
Package babel Info: Importing font and identification data for czech
(babel)             from babel-cs.ini. Reported on input line 11.
)
(C:\Users\Michal\AppData\Local\Programs\MiKTeX\tex/latex/xargs\xargs.sty
Package: xargs 2008/03/22 v1.1  extended macro definitions  (mpg)

(C:\Users\Michal\AppData\Local\Programs\MiKTeX\tex/latex/xkeyval\xkeyval.sty
Package: xkeyval 2022/06/16 v2.9 package option processing (HA)

(C:\Users\Michal\AppData\Local\Programs\MiKTeX\tex/generic/xkeyval\xkeyval.tex
(C:\Users\Michal\AppData\Local\Programs\MiKTeX\tex/generic/xkeyval\xkvutils.tex
\XKV@toks=\toks43
\XKV@tempa@toks=\toks44
)
\XKV@depth=\count450
File: xkeyval.tex 2014/12/03 v2.7a key=value parser (HA)
))
\xargs@max=\count451
\xargs@toksa=\toks45
\xargs@toksb=\toks46
)
(C:\Users\Michal\AppData\Local\Programs\MiKTeX\tex/latex/titlesec\titlesec.sty
Package: titlesec 2021/07/05 v2.14 Sectioning titles
\ttl@box=\box111
\beforetitleunit=\skip89
\aftertitleunit=\skip90
\ttl@plus=\dimen288
\ttl@minus=\dimen289
\ttl@toksa=\toks47
\titlewidth=\dimen290
\titlewidthlast=\dimen291
\titlewidthfirst=\dimen292
) (C:\Users\Michal\AppData\Local\Programs\MiKTeX\tex/latex/multirow\multirow.st
y
Package: multirow 2021/03/15 v2.8 Span multiple rows of a table
\multirow@colwidth=\skip91
\multirow@cntb=\count452
\multirow@dima=\skip92
\bigstrutjot=\dimen293
) (C:\Users\Michal\AppData\Local\Programs\MiKTeX\tex/latex/tools\tabularx.sty
Package: tabularx 2020/01/15 v2.11c `tabularx' package (DPC)

(C:\Users\Michal\AppData\Local\Programs\MiKTeX\tex/latex/tools\array.sty
Package: array 2021/10/04 v2.5f Tabular extension package (FMi)
\col@sep=\dimen294
\ar@mcellbox=\box112
\extrarowheight=\dimen295
\NC@list=\toks48
\extratabsurround=\skip93
\backup@length=\skip94
\ar@cellbox=\box113
)
\TX@col@width=\dimen296
\TX@old@table=\dimen297
\TX@old@col=\dimen298
\TX@target=\dimen299
\TX@delta=\dimen300
\TX@cols=\count453
\TX@ftn=\toks49
)
(C:\Users\Michal\AppData\Local\Programs\MiKTeX\tex/latex/regexpatch\regexpatch.
sty
Package: regexpatch 2021/03/21 v0.2f Extending etoolbox patching commands
) (C:\Users\Michal\AppData\Local\Programs\MiKTeX\tex/latex/was\icomma.sty
Package: icomma 2002/03/10 v2.0 (WaS)
)
(C:\Users\Michal\AppData\Local\Programs\MiKTeX\tex/latex/siunitx\siunitx.sty
Package: siunitx 2022-06-22 v3.1.4 A comprehensive (SI) units package
\l__siunitx_angle_tmp_dim=\dimen301
\l__siunitx_angle_marker_box=\box114
\l__siunitx_angle_unit_box=\box115
\l__siunitx_compound_count_int=\count454

(C:\Users\Michal\AppData\Local\Programs\MiKTeX\tex/latex/translations\translati
ons.sty
Package: translations 2022/02/05 v1.12 internationalization of LaTeX2e packages
 (CN)
)
\l__siunitx_number_exponent_fixed_int=\count455
\l__siunitx_number_min_decimal_int=\count456
\l__siunitx_number_min_integer_int=\count457
\l__siunitx_number_round_precision_int=\count458
\l__siunitx_number_group_first_int=\count459
\l__siunitx_number_group_size_int=\count460
\l__siunitx_number_group_minimum_int=\count461
\l__siunitx_table_tmp_box=\box116
\l__siunitx_table_tmp_dim=\dimen302
\l__siunitx_table_column_width_dim=\dimen303
\l__siunitx_table_integer_box=\box117
\l__siunitx_table_decimal_box=\box118
\l__siunitx_table_before_box=\box119
\l__siunitx_table_after_box=\box120
\l__siunitx_table_before_dim=\dimen304
\l__siunitx_table_carry_dim=\dimen305
\l__siunitx_unit_tmp_int=\count462
\l__siunitx_unit_position_int=\count463
\l__siunitx_unit_total_int=\count464
)
(C:\Users\Michal\AppData\Local\Programs\MiKTeX\tex/latex/eqexpl\eqexpl.sty
Package: eqexpl 2022/06/17 v. 1.1.1

(C:\Users\Michal\AppData\Local\Programs\MiKTeX\tex/latex/tools\calc.sty
Package: calc 2017/05/25 v4.3 Infix arithmetic (KKT,FJ)
\calc@Acount=\count465
\calc@Bcount=\count466
\calc@Adimen=\dimen306
\calc@Bdimen=\dimen307
\calc@Askip=\skip95
\calc@Bskip=\skip96
LaTeX Info: Redefining \setlength on input line 80.
LaTeX Info: Redefining \addtolength on input line 81.
\calc@Ccount=\count467
\calc@Cskip=\skip97
)
\eqexplSpaceWidth=\skip98
\itemWidth=\skip99
\leftSideWidth=\skip100
)
(C:\Users\Michal\AppData\Local\Programs\MiKTeX\tex/latex/mhchem\mhchem.sty
Package: mhchem 2021/12/31 v4.09 for typesetting chemical formulae

(C:\Users\Michal\AppData\Local\Programs\MiKTeX\tex/latex/l3packages/l3keys2e\l3
keys2e.sty
Package: l3keys2e 2022-06-22 LaTeX2e option processing using LaTeX3 keys
)
(C:\Users\Michal\AppData\Local\Programs\MiKTeX\tex/latex/chemgreek\chemgreek.st
y
Package: chemgreek 2020/01/16 v1.1a interface for upright Greek letters for use
 in chemistry (CN)
\l__chemgreek_tmpa_int=\count468
\g__chemgreek_tmpa_int=\count469
)
\l__mhchem_ce_distanceFromLastComma_int=\count470
\__mhchem_arrow_extPgfLength_skip=\skip101
\mhchem@minispace@tmp=\skip102
\mhchem@minibackspace@tmp=\skip103
\mhchem@bondwidth=\skip104
\mhchem@bondheight=\skip105
\mhchem@smallbondwidth@tmpA=\skip106
\mhchem@smallbondwidth@tmpB=\skip107
\mhchem@smallbondwidth=\skip108
\mhchem@bondtmp@minussidebearingleft=\skip109
\mhchem@bondtmp@minussidebearingright=\skip110
\l__mhchem_option_version_int=\count471
\mhchem@option@minusmathsidebearingleft=\dimen308
\mhchem@option@minusmathsidebearingright=\dimen309
\mhchem@option@minustextsidebearingleft=\dimen310
\mhchem@option@minustextsidebearingright=\dimen311
) (C:\Users\Michal\AppData\Local\Programs\MiKTeX\tex/latex/units\nicefrac.sty
Package: nicefrac 1998/08/04 v0.9b Nice fractions
\L@UnitsRaiseDisplaystyle=\skip111
\L@UnitsRaiseTextstyle=\skip112
\L@UnitsRaiseScriptstyle=\skip113
LaTeX Info: Redefining \nicefrac on input line 131.
) (C:\Users\Michal\AppData\Local\Programs\MiKTeX\tex/latex/tools\longtable.sty
Package: longtable 2021-09-01 v4.17 Multi-page Table package (DPC)
\LTleft=\skip114
\LTright=\skip115
\LTpre=\skip116
\LTpost=\skip117
\LTchunksize=\count472
\LTcapwidth=\dimen312
\LT@head=\box121
\LT@firsthead=\box122
\LT@foot=\box123
\LT@lastfoot=\box124
\LT@gbox=\box125
\LT@cols=\count473
\LT@rows=\count474
\c@LT@tables=\count475
\c@LT@chunks=\count476
\LT@p@ftn=\toks50
)
(C:\Users\Michal\AppData\Local\Programs\MiKTeX\tex/latex/pdflscape\pdflscape.st
y
Package: pdflscape 2019/12/05 v0.12 Display of landscape pages in PDF (HO)
 (C:\Users\Michal\AppData\Local\Programs\MiKTeX\tex/latex/graphics\lscape.sty
Package: lscape 2020/05/28 v3.02 Landscape Pages (DPC)
)
Package pdflscape Info: Auto-detected driver: dvipdfm (xetex) on input line 98.

(C:\Users\Michal\AppData\Local\Programs\MiKTeX\tex/latex/base\atbegshi-ltx.sty
Package: atbegshi-ltx 2021/01/10 v1.0c Emulation of the original atbegshi
package with kernel methods
))
(C:\Users\Michal\AppData\Local\Programs\MiKTeX\tex/latex/graphics\rotating.sty
Package: rotating 2016/08/11 v2.16d rotated objects in LaTeX
\c@r@tfl@t=\count477
\rotFPtop=\skip118
\rotFPbot=\skip119
\rot@float@box=\box126
\rot@mess@toks=\toks51
)
(C:\Users\Michal\AppData\Local\Programs\MiKTeX\tex/latex/tcolorbox\tcolorbox.st
y
Package: tcolorbox 2022/06/24 version 5.1.1 text color boxes
 (C:\Users\Michal\AppData\Local\Programs\MiKTeX\tex/latex/tools\verbatim.sty
Package: verbatim 2020-07-07 v1.5u LaTeX2e package for verbatim enhancements
\every@verbatim=\toks52
\verbatim@line=\toks53
\verbatim@in@stream=\read5
)
(C:\Users\Michal\AppData\Local\Programs\MiKTeX\tex/latex/environ\environ.sty
Package: environ 2014/05/04 v0.3 A new way to define environments

(C:\Users\Michal\AppData\Local\Programs\MiKTeX\tex/latex/trimspaces\trimspaces.
sty
Package: trimspaces 2009/09/17 v1.1 Trim spaces around a token list
))
\tcb@titlebox=\box127
\tcb@upperbox=\box128
\tcb@lowerbox=\box129
\tcb@phantombox=\box130
\c@tcbbreakpart=\count478
\c@tcblayer=\count479
\c@tcolorbox@number=\count480
\tcb@temp=\box131
\tcb@temp=\box132
\tcb@temp=\box133
\tcb@temp=\box134
)
(C:\Users\Michal\AppData\Local\Programs\MiKTeX\tex/latex/todonotes\todonotes.st
y
Package: todonotes 2021/06/04 v1.1.5 Todonotes source and documentation.
Package: todonotes 2021/06/04

(C:\Users\Michal\AppData\Local\Programs\MiKTeX\tex/generic/pgf/frontendlayer/ti
kz/libraries\tikzlibrarypositioning.code.tex
File: tikzlibrarypositioning.code.tex 2021/05/15 v3.1.9a (3.1.9a)
)
\c@@todonotes@numberoftodonotes=\count481
)
(C:\Users\Michal\AppData\Local\Programs\MiKTeX\tex/latex/imakeidx\imakeidx.sty
Package: imakeidx 2016/10/15 v1.3e Package for typesetting indices in a synchro
nous mode

(C:\Users\Michal\AppData\Local\Programs\MiKTeX\tex/generic/iftex\ifxetex.sty
Package: ifxetex 2019/10/25 v0.7 ifxetex legacy package. Use iftex instead.
)
(C:\Users\Michal\AppData\Local\Programs\MiKTeX\tex/generic/iftex\ifluatex.sty
Package: ifluatex 2019/10/25 v1.5 ifluatex legacy package. Use iftex instead.
))
\zaklady_geomorfologie@idxfile=\write5
\openout5 = `zaklady_geomorfologie.idx'.

Writing index file zaklady_geomorfologie.idx
(C:\Users\Michal\AppData\Local\Programs\MiKTeX\tex/latex/hyperref\hyperref.sty
Package: hyperref 2022-06-20 v7.00s Hypertext links for LaTeX

(C:\Users\Michal\AppData\Local\Programs\MiKTeX\tex/generic/kvdefinekeys\kvdefin
ekeys.sty
Package: kvdefinekeys 2019-12-19 v1.6 Define keys (HO)
)
(C:\Users\Michal\AppData\Local\Programs\MiKTeX\tex/generic/pdfescape\pdfescape.
sty
Package: pdfescape 2019/12/09 v1.15 Implements pdfTeX's escape features (HO)
)
(C:\Users\Michal\AppData\Local\Programs\MiKTeX\tex/latex/hycolor\hycolor.sty
Package: hycolor 2020-01-27 v1.10 Color options for hyperref/bookmark (HO)
)
(C:\Users\Michal\AppData\Local\Programs\MiKTeX\tex/latex/letltxmacro\letltxmacr
o.sty
Package: letltxmacro 2019/12/03 v1.6 Let assignment for LaTeX macros (HO)
)
(C:\Users\Michal\AppData\Local\Programs\MiKTeX\tex/latex/auxhook\auxhook.sty
Package: auxhook 2019-12-17 v1.6 Hooks for auxiliary files (HO)
)
(C:\Users\Michal\AppData\Local\Programs\MiKTeX\tex/latex/hyperref\nameref.sty
Package: nameref 2022-05-17 v2.50 Cross-referencing by name of section

(C:\Users\Michal\AppData\Local\Programs\MiKTeX\tex/latex/refcount\refcount.sty
Package: refcount 2019/12/15 v3.6 Data extraction from label references (HO)
)
(C:\Users\Michal\AppData\Local\Programs\MiKTeX\tex/generic/gettitlestring\getti
tlestring.sty
Package: gettitlestring 2019/12/15 v1.6 Cleanup title references (HO)
)
\c@section@level=\count482
)
\@linkdim=\dimen313
\Hy@linkcounter=\count483
\Hy@pagecounter=\count484

(C:\Users\Michal\AppData\Local\Programs\MiKTeX\tex/latex/hyperref\pd1enc.def
File: pd1enc.def 2022-06-20 v7.00s Hyperref: PDFDocEncoding definition (HO)
)
(C:\Users\Michal\AppData\Local\Programs\MiKTeX\tex/generic/intcalc\intcalc.sty
Package: intcalc 2019/12/15 v1.3 Expandable calculations with integers (HO)
)
(C:\Users\Michal\AppData\Local\Programs\MiKTeX\tex/generic/etexcmds\etexcmds.st
y
Package: etexcmds 2019/12/15 v1.7 Avoid name clashes with e-TeX commands (HO)
)
\Hy@SavedSpaceFactor=\count485
 (C:\Users\Michal\AppData\Local\Programs\MiKTeX\tex/latex/hyperref\puenc.def
File: puenc.def 2022-06-20 v7.00s Hyperref: PDF Unicode definition (HO)
)
Package hyperref Info: Hyper figures OFF on input line 4162.
Package hyperref Info: Link nesting OFF on input line 4167.
Package hyperref Info: Hyper index ON on input line 4170.
Package hyperref Info: Plain pages OFF on input line 4177.
Package hyperref Info: Backreferencing OFF on input line 4182.
Package hyperref Info: Implicit mode ON; LaTeX internals redefined.
Package hyperref Info: Bookmarks ON on input line 4408.
\c@Hy@tempcnt=\count486
LaTeX Info: Redefining \url on input line 4746.
\XeTeXLinkMargin=\dimen314
(C:\Users\Michal\AppData\Local\Programs\MiKTeX\tex/generic/bitset\bitset.sty
Package: bitset 2019/12/09 v1.3 Handle bit-vector datatype (HO)

(C:\Users\Michal\AppData\Local\Programs\MiKTeX\tex/generic/bigintcalc\bigintcal
c.sty
Package: bigintcalc 2019/12/15 v1.5 Expandable calculations on big integers (HO
)
))
\Fld@menulength=\count487
\Field@Width=\dimen315
\Fld@charsize=\dimen316
Package hyperref Info: Hyper figures OFF on input line 6024.
Package hyperref Info: Link nesting OFF on input line 6029.
Package hyperref Info: Hyper index ON on input line 6032.
Package hyperref Info: backreferencing OFF on input line 6039.
Package hyperref Info: Link coloring OFF on input line 6044.
Package hyperref Info: Link coloring with OCG OFF on input line 6049.
Package hyperref Info: PDF/A mode OFF on input line 6054.
\Hy@abspage=\count488
\c@Item=\count489
\c@Hfootnote=\count490
)
Package hyperref Info: Driver (autodetected): hxetex.

(C:\Users\Michal\AppData\Local\Programs\MiKTeX\tex/latex/hyperref\hxetex.def
File: hxetex.def 2022-06-20 v7.00s Hyperref driver for XeTeX

(C:\Users\Michal\AppData\Local\Programs\MiKTeX\tex/generic/stringenc\stringenc.
sty
Package: stringenc 2019/11/29 v1.12 Convert strings between diff. encodings (HO
)
)
\pdfm@box=\box135
\c@Hy@AnnotLevel=\count491
\HyField@AnnotCount=\count492
\Fld@listcount=\count493
\c@bookmark@seq@number=\count494

(C:\Users\Michal\AppData\Local\Programs\MiKTeX\tex/latex/rerunfilecheck\rerunfi
lecheck.sty
Package: rerunfilecheck 2022-07-10 v1.10 Rerun checks for auxiliary files (HO)

(C:\Users\Michal\AppData\Local\Programs\MiKTeX\tex/latex/base\atveryend-ltx.sty
Package: atveryend-ltx 2020/08/19 v1.0a Emulation of the original atveryend pac
kage
with kernel methods
)
(C:\Users\Michal\AppData\Local\Programs\MiKTeX\tex/generic/uniquecounter\unique
counter.sty
Package: uniquecounter 2019/12/15 v1.4 Provide unlimited unique counter (HO)
)
Package uniquecounter Info: New unique counter `rerunfilecheck' on input line 2
85.
)
\Hy@SectionHShift=\skip120
)
(C:\Users\Michal\AppData\Local\Programs\MiKTeX\tex/latex/colortbl\colortbl.sty
Package: colortbl 2020/01/04 v1.0e Color table columns (DPC)
\everycr=\toks54
\minrowclearance=\skip121
)
(C:\Users\Michal\AppData\Local\Programs\MiKTeX\tex/latex/tcolorbox\tcbskins.cod
e.tex
Library (tcolorbox): 'tcbskins.code.tex' version '5.1.1'
\tcb@waterbox=\box136

(C:\Users\Michal\AppData\Local\Programs\MiKTeX\tex/latex/tcolorbox\tcbskinsjigs
aw.code.tex
Library (tcolorbox): 'tcbskinsjigsaw.code.tex' version '5.1.1'
))
Package csquotes Info: Checking for multilingual support...
Package csquotes Info: ... found 'babel' package.
Package csquotes Info: Adjusting default style.
Package csquotes Info: Redefining alias 'default' -> 'czech'.
 (zaklady_geomorfologie.aux

LaTeX Warning: Label `key' multiply defined.

)
\openout1 = `zaklady_geomorfologie.aux'.

LaTeX Font Info:    Checking defaults for OML/cmm/m/it on input line 180.
LaTeX Font Info:    ... okay on input line 180.
LaTeX Font Info:    Checking defaults for OMS/cmsy/m/n on input line 180.
LaTeX Font Info:    ... okay on input line 180.
LaTeX Font Info:    Checking defaults for OT1/cmr/m/n on input line 180.
LaTeX Font Info:    ... okay on input line 180.
LaTeX Font Info:    Checking defaults for T1/cmr/m/n on input line 180.
LaTeX Font Info:    ... okay on input line 180.
LaTeX Font Info:    Checking defaults for TS1/cmr/m/n on input line 180.
LaTeX Font Info:    Trying to load font information for TS1+cmr on input line 1
80.
 (C:\Users\Michal\AppData\Local\Programs\MiKTeX\tex/latex/base\ts1cmr.fd
File: ts1cmr.fd 2019/12/16 v2.5j Standard LaTeX font definitions
)
LaTeX Font Info:    ... okay on input line 180.
LaTeX Font Info:    Checking defaults for TU/lmr/m/n on input line 180.
LaTeX Font Info:    ... okay on input line 180.
LaTeX Font Info:    Checking defaults for OMX/cmex/m/n on input line 180.
LaTeX Font Info:    ... okay on input line 180.
LaTeX Font Info:    Checking defaults for U/cmr/m/n on input line 180.
LaTeX Font Info:    ... okay on input line 180.
LaTeX Font Info:    Checking defaults for PD1/pdf/m/n on input line 180.
LaTeX Font Info:    ... okay on input line 180.
LaTeX Font Info:    Checking defaults for PU/pdf/m/n on input line 180.
LaTeX Font Info:    ... okay on input line 180.

*geometry* driver: auto-detecting
*geometry* detected driver: xetex
*geometry* verbose mode - [ preamble ] result:
* driver: xetex
* paper: a4paper
* layout: <same size as paper>
* layoutoffset:(h,v)=(0.0pt,0.0pt)
* modes: twoside 
* h-part:(L,W,R)=(56.9055pt, 497.92325pt, 42.67912pt)
* v-part:(T,H,B)=(42.67912pt, 745.46222pt, 56.9055pt)
* \paperwidth=597.50787pt
* \paperheight=845.04684pt
* \textwidth=497.92325pt
* \textheight=745.46222pt
* \oddsidemargin=-15.36449pt
* \evensidemargin=-29.59087pt
* \topmargin=-53.59087pt
* \headheight=15.0pt
* \headsep=10.0pt
* \topskip=11.0pt
* \footskip=28.45274pt
* \marginparwidth=56.9055pt
* \marginparsep=10.0pt
* \columnsep=22.76228pt
* \skip\footins=10.0pt plus 4.0pt minus 2.0pt
* \hoffset=0.0pt
* \voffset=0.0pt
* \mag=1000
* \@twocolumntrue
* \@twosidetrue
* \@mparswitchtrue
* \@reversemarginfalse
* (1in=72.27pt=25.4mm, 1cm=28.453pt)

Package biblatex Info: Trying to load language 'czech'...
Package biblatex Info: ... file 'czech.lbx' found.

(C:\Users\Michal\AppData\Local\Programs\MiKTeX\tex/latex/biblatex/lbx\czech.lbx
File: czech.lbx 2022/07/12 v3.18b biblatex localization (PK/MW)
)
Package biblatex Info: XeTeX detected.
(biblatex)             Assuming input encoding 'utf8'.
Package biblatex Info: Automatic encoding selection.
(biblatex)             Assuming data encoding 'utf8'.
\openout4 = `zaklady_geomorfologie.bcf'.

Package biblatex Info: Trying to load bibliographic data...
Package biblatex Info: ... file 'zaklady_geomorfologie.bbl' found.
 (zaklady_geomorfologie.bbl)
Package biblatex Info: Reference section=0 on input line 180.
Package biblatex Info: Reference segment=0 on input line 180.
Package translations Info: no dictionary file `translations-basic-dictionary-cz
ech.trsl' found. on input line 180.

Package chemgreek Info: Activating mapping `default' on line 180.

Package hyperref Info: Link coloring OFF on input line 180.
 (zaklady_geomorfologie.out)
(zaklady_geomorfologie.out)
\@outlinefile=\write6
\openout6 = `zaklady_geomorfologie.out'.

 (text/title.tex
File: obrazky/logo/logo_cze.png Graphic file (type bmp)
<obrazky/logo/logo_cze.png>
) [1


] [2


] (text/preface.tex
LaTeX Font Info:    Trying to load font information for U+msa on input line 7.

(C:\Users\Michal\AppData\Local\Programs\MiKTeX\tex/latex/amsfonts\umsa.fd
File: umsa.fd 2013/01/14 v3.01 AMS symbols A
)
LaTeX Font Info:    Trying to load font information for U+msb on input line 7.

(C:\Users\Michal\AppData\Local\Programs\MiKTeX\tex/latex/amsfonts\umsb.fd
File: umsb.fd 2013/01/14 v3.01 AMS symbols B
)
[1

]
Underfull \hbox (badness 1609) in paragraph at lines 20--21
\TU/lmr/m/n/10.95 toho jak přidávám a upravuji obsah. Na mém GitHubu ([]$[][][]
[][] [] [] [] [][][][][][] [] [][][] [] [][][][][][][][][][][][] []
 []

) [2] (zaklady_geomorfologie.toc [3

] [4] [5])
\tf@toc=\write7
\openout7 = `zaklady_geomorfologie.toc'.

 [6] [1




] [2]
Kapitola 1.
(text/uvod.tex
File: obrazky/uvod/diagram_geomorf.pdf Graphic file (type pdf)
<use obrazky/uvod/diagram_geomorf.pdf>


LaTeX Warning: `h' float specifier changed to `ht'.


Underfull \hbox (badness 1014) in paragraph at lines 30--30
\TU/lmr/m/n/10.95 ností prostředí, které vytváří reliéf na
 []

[3


]
File: obrazky/uvod/davies.jpeg Graphic file (type bmp)
<obrazky/uvod/davies.jpeg>

Underfull \hbox (badness 10000) in paragraph at lines 63--63
[]\TU/lmr/m/n/10.95 Obrázek 1.2: []William Morris Davies
 []


Underfull \hbox (badness 10000) in paragraph at lines 63--63
\TU/lmr/m/n/10.95 (zdroj: Bibliothèque nationale de France
 []


Underfull \hbox (badness 10000) in paragraph at lines 63--63
\TU/lmr/m/n/10.95 https://gallica.bnf.fr/ark:/12148/btv1b8453640z,
 []


LaTeX Warning: `h' float specifier changed to `ht'.


Underfull \hbox (badness 10000) in paragraph at lines 83--84
[]\TU/lmr/bx/n/10.95 Antropogenní geomorfologie \TU/lmr/m/n/10.95 studuje
 []


Underfull \hbox (badness 1082) in paragraph at lines 83--84
\TU/lmr/m/n/10.95 tvary reliéfu, které člověk vytváří a pro-
 []

[4]
Underfull \hbox (badness 1708) in paragraph at lines 84--85
[]\TU/lmr/bx/n/10.95 Aplikovaná geomorfologie \TU/lmr/m/n/10.95 neboli užitá
 []

) [5

] [6

]
Kapitola 2.
(text/zakl_konc.tex
File: obrazky/uvod/zmeny_vysky.pdf Graphic file (type pdf)
<use obrazky/uvod/zmeny_vysky.pdf>
 [7]
Underfull \hbox (badness 1831) in paragraph at lines 117--117
|[]\TU/lmr/bx/n/14.4 Základní teoretická výcho-
 []

[8]
File: obrazky/uvod/frekvence.jpg Graphic file (type bmp)
<obrazky/uvod/frekvence.jpg>


LaTeX Warning: `h' float specifier changed to `ht'.

[9

] [10] [11


]) [12


] [13

] [14]
Kapitola 3.
(text/globalni.tex
File: ./obrazky//./tectonic/Earth_cutaway_schematic-en.pdf Graphic file (type p
df)
<use ./obrazky//./tectonic/Earth_cutaway_schematic-en.pdf>


LaTeX Warning: `h' float specifier changed to `ht'.

File: ./obrazky//./tectonic/Plates_tect_cs.svg.png Graphic file (type bmp)
<./obrazky//./tectonic/Plates_tect_cs.svg.png>

LaTeX Warning: `h' float specifier changed to `ht'.


Underfull \vbox (badness 5667) has occurred while \output is active []

File: obrazky/tectonic/Tectonic_plate_boundaries.png Graphic file (type bmp)
<obrazky/tectonic/Tectonic_plate_boundaries.png>


LaTeX Warning: `h' float specifier changed to `ht'.


LaTeX Warning: No positions in optional float specifier.
               Default added (so using `tbp') on input line 44.


Underfull \hbox (badness 10000) in paragraph at lines 61--61
[]|\TU/lmr/m/n/10.95 Oceánská–
 []


Underfull \hbox (badness 10000) in paragraph at lines 61--61
[]|\TU/lmr/m/n/10.95 Oceánská–
 []


Underfull \hbox (badness 10000) in paragraph at lines 61--61
\TU/lmr/m/n/10.95 kontinentální
 []


Underfull \hbox (badness 10000) in paragraph at lines 61--61
[]|\TU/lmr/m/n/10.95 Kontinentální–
 []


Underfull \hbox (badness 10000) in paragraph at lines 61--61
\TU/lmr/m/n/10.95 kontinentální
 []


Underfull \hbox (badness 10000) in paragraph at lines 61--61
[]|\TU/lmr/m/n/10.95 Středooceánský
 []


Underfull \hbox (badness 7796) in paragraph at lines 61--61
[]|\TU/lmr/m/n/10.95 Oceánský příkop
 []


Underfull \hbox (badness 10000) in paragraph at lines 61--61
[]|\TU/lmr/m/n/10.95 Oceánský pří-
 []


Underfull \hbox (badness 10000) in paragraph at lines 61--61
\TU/lmr/m/n/10.95 kop, pásemná
 []


Underfull \hbox (badness 4832) in paragraph at lines 61--61
\TU/lmr/m/n/10.95 pohoří na okra-
 []


Underfull \hbox (badness 2680) in paragraph at lines 61--61
\TU/lmr/m/n/10.95 jích kontinenů a
 []


Underfull \hbox (badness 10000) in paragraph at lines 61--61
\TU/lmr/m/n/10.95 zóna ostrovních
 []


Underfull \hbox (badness 1859) in paragraph at lines 61--61
[]|\TU/lmr/m/n/10.95 Modifikovaná pá-
 []


Underfull \hbox (badness 7344) in paragraph at lines 61--61
[]|\TU/lmr/m/n/10.95 Pásemná pohoří,
 []


Underfull \hbox (badness 10000) in paragraph at lines 61--61
\TU/lmr/m/n/10.95 omezená vulka-
 []

File: obrazky/tectonic/global_seismicity_h.jpg Graphic file (type bmp)
<obrazky/tectonic/global_seismicity_h.jpg>

LaTeX Warning: `h' float specifier changed to `ht'.


Underfull \hbox (badness 1043) in paragraph at lines 76--77
\TU/lmr/m/n/10.95 Příčiny pohybu litosférických desek jsou stále
 []


Underfull \vbox (badness 10000) has occurred while \output is active []

 [15


]
Underfull \vbox (badness 1939) has occurred while \output is active []

File: obrazky/tectonic/isostasy.jpg Graphic file (type bmp)
<obrazky/tectonic/isostasy.jpg>
 [16]

LaTeX Warning: `h' float specifier changed to `ht'.


Underfull \vbox (badness 10000) has occurred while \output is active []

File: obrazky/tectonic/Hawaii_hotspot.jpg Graphic file (type bmp)
<obrazky/tectonic/Hawaii_hotspot.jpg>

Overfull \hbox (10.91653pt too wide) in paragraph at lines 95--96
 [][] 
 []


Underfull \vbox (badness 10000) has occurred while \output is active []

 [17]
Underfull \vbox (badness 1127) has occurred while \output is active []

 [18]
File: obrazky/tectonic/World_geologic_provinces.jpg Graphic file (type bmp)
<obrazky/tectonic/World_geologic_provinces.jpg>

[19

] [20] [21] [22


])
Kapitola 4.
(text/tektonicka.tex
Underfull \hbox (badness 1755) in paragraph at lines 1--2
[]\TU/lmr/m/n/10.95 Tektonická geomorfologie studuje tektonické
 []


Underfull \hbox (badness 1533) in paragraph at lines 26--27
\TU/lmr/bx/n/10.95 leotektonické \TU/lmr/m/n/10.95 pohyby se projevují pouze ve

 []

File: obrazky/tectonic/zlomy.png Graphic file (type bmp)
<obrazky/tectonic/zlomy.png>

LaTeX Warning: `h' float specifier changed to `ht'.


Underfull \hbox (badness 1360) in paragraph at lines 49--50
\TU/lmr/bx/n/10.95 Horizontální (směrný) posun \TU/lmr/m/n/10.95 (Obr. []4.1[]A
)
 []

[23


]
File: obrazky/tectonic/san_andreas.jpg Graphic file (type bmp)
<obrazky/tectonic/san_andreas.jpg>
File: obrazky/tectonic/pokles.jpg Graphic file (type bmp)
<obrazky/tectonic/pokles.jpg>

Underfull \vbox (badness 10000) has occurred while \output is active []

 [24]
Underfull \hbox (badness 1874) in paragraph at lines 83--84
\TU/lmr/bx/n/10.95 Násun \TU/lmr/m/n/10.95 („  thrust“) je specifickým typem př
e-
 []

File: obrazky/tectonic/facety.png Graphic file (type bmp)
<obrazky/tectonic/facety.png>

LaTeX Warning: `h' float specifier changed to `ht'.

File: obrazky/tectonic/fault_scarp.png Graphic file (type bmp)
<obrazky/tectonic/fault_scarp.png>

LaTeX Warning: `h' float specifier changed to `ht'.


Underfull \hbox (badness 1596) in paragraph at lines 129--130
\TU/lmr/m/n/10.95 rých nedošlo k pohybu nebo byl neznatelný.
 []


Underfull \hbox (badness 1389) in paragraph at lines 129--130
\TU/lmr/m/n/10.95 Jejich klasifikace je založená na základě celé
 []


Underfull \hbox (badness 1303) in paragraph at lines 129--130
\TU/lmr/m/n/10.95 puklin) a nesystematické (nepravidelné, zakři-
 []

[25]
File: obrazky/tectonic/fold_parts.pdf Graphic file (type pdf)
<use obrazky/tectonic/fold_parts.pdf>


LaTeX Warning: `h' float specifier changed to `ht'.


Underfull \hbox (badness 1342) in paragraph at lines 166--167
\TU/lmr/m/n/10.95 Specifickou formou vrás jsou tzv. izometrické
 []

[26]
Underfull \hbox (badness 1132) in paragraph at lines 170--171
[]\TU/lmr/m/n/10.95 Vyklenutím hornin vzhůru vznikají \TU/lmr/bx/n/10.95 klenby
\TU/lmr/m/n/10.95 .
 []

File: obrazky/tectonic/zagros.jpg Graphic file (type bmp)
<obrazky/tectonic/zagros.jpg>

LaTeX Warning: `h' float specifier changed to `ht'.

File: obrazky/tectonic/apalachian.jpg Graphic file (type bmp)
<obrazky/tectonic/apalachian.jpg>

LaTeX Warning: `h' float specifier changed to `ht'.

[27]
File: obrazky/tectonic/strukturni_tvary.png Graphic file (type bmp)
<obrazky/tectonic/strukturni_tvary.png>


LaTeX Warning: `h' float specifier changed to `ht'.


Underfull \hbox (badness 2644) in paragraph at lines 205--207
\TU/lmr/m/n/10.95 Sedimentární horniny, které nebyly postižené
 []

[28] [29] [30

])
Kapitola 5.
(text/sopky.tex
File: obrazky/sopky/zila.jpg Graphic file (type bmp)
<obrazky/sopky/zila.jpg>

Underfull \hbox (badness 6268) in paragraph at lines 14--14
[]\TU/lmr/m/n/10.95 Obrázek 5.1: []Pravá žíla tvořená lamprofy-
 []


Underfull \hbox (badness 1087) in paragraph at lines 14--14
\TU/lmr/m/n/10.95 Field, New Mexico, USA). (Zdroj: James St.
 []


LaTeX Warning: `h' float specifier changed to `ht'.

File: obrazky/sopky/Intrusion_types.png Graphic file (type bmp)
<obrazky/sopky/Intrusion_types.png>

LaTeX Warning: `h' float specifier changed to `ht'.

[31


]

LaTeX Warning: No positions in optional float specifier.
               Default added (so using `tbp') on input line 39.


Underfull \hbox (badness 1502) in paragraph at lines 65--65
[]|\TU/lmr/m/n/9 Podoba výlevné akti-
 []


Underfull \hbox (badness 3826) in paragraph at lines 65--65
[]|\TU/lmr/m/n/9 Lávové proudy často
 []


Underfull \hbox (badness 3449) in paragraph at lines 65--65
[]|\TU/lmr/m/n/9 Sypaný kužel; explo-
 []


Underfull \hbox (badness 3826) in paragraph at lines 65--65
[]|\TU/lmr/m/n/9 Lávové proudy často
 []


Underfull \hbox (badness 3449) in paragraph at lines 65--65
[]|\TU/lmr/m/n/9 Sypaný kužel; explo-
 []


Underfull \hbox (badness 10000) in paragraph at lines 65--65
[]|\TU/lmr/m/n/9 Plinijská (extrémně
 []


Underfull \hbox (badness 2181) in paragraph at lines 65--65
[]|\TU/lmr/m/n/9 Proudy chybí; pokud
 []


Underfull \hbox (badness 1087) in paragraph at lines 65--65
[]|\TU/lmr/m/n/9 Dómy a/nebo krátké,
 []

File: obrazky/sopky/paho_aa.jpg Graphic file (type bmp)
<obrazky/sopky/paho_aa.jpg>
File: obrazky/sopky/puma.jpg Graphic file (type bmp)
<obrazky/sopky/puma.jpg>

Underfull \hbox (badness 2318) in paragraph at lines 94--95
[]\TU/lmr/m/n/10.95 Zvláštním typem sopečného materiálu jsou
 []

[32]
File: obrazky/sopky/pyroclastic.jpg Graphic file (type bmp)
<obrazky/sopky/pyroclastic.jpg>
File: obrazky/sopky/maar.jpg Graphic file (type bmp)
<obrazky/sopky/maar.jpg>

Underfull \hbox (badness 10000) in paragraph at lines 121--122
[]\TU/lmr/bx/n/10.95 Stratovulkány \TU/lmr/m/n/10.95 jsou nejběžnějším typem
 []

File: obrazky/sopky/Stratovolcano_cross-section.svg.png Graphic file (type bmp)

<obrazky/sopky/Stratovolcano_cross-section.svg.png>
[33]
File: obrazky/sopky/st_helen.jpg Graphic file (type bmp)
<obrazky/sopky/st_helen.jpg>


LaTeX Warning: `h' float specifier changed to `ht'.

File: obrazky/sopky/mauna_loa.jpg Graphic file (type bmp)
<obrazky/sopky/mauna_loa.jpg>

LaTeX Warning: `h' float specifier changed to `ht'.

File: obrazky/sopky/santorini.jpg Graphic file (type bmp)
<obrazky/sopky/santorini.jpg>

LaTeX Warning: `h' float specifier changed to `ht'.

File: obrazky/sopky/trapy.jpg Graphic file (type bmp)
<obrazky/sopky/trapy.jpg>

LaTeX Warning: `h' float specifier changed to `ht'.

[34] [35] [36] [37

]) [38


] [39

] [40]
Kapitola 6.
(text/zvetravani.tex
File: obrazky/zvetravani/mrazove.jpg Graphic file (type bmp)
<obrazky/zvetravani/mrazove.jpg>

Underfull \vbox (badness 3919) has occurred while \output is active []

 [41


]
File: obrazky/zvetravani/exfoliace.jpg Graphic file (type bmp)
<obrazky/zvetravani/exfoliace.jpg>

Underfull \hbox (badness 2486) in paragraph at lines 43--44
\TU/lmr/m/n/10.95 rychle se uvolní daný prvek z horniny, jak
 []


Underfull \hbox (badness 4647) in paragraph at lines 43--44
\TU/lmr/m/n/10.95 dlouho zůstává rozpuštěný ve vodě. Pořadí
 []


Underfull \hbox (badness 1558) in paragraph at lines 43--44
\TU/lmr/m/n/10.95 od nejmobilnějších k těm nejméně mobilním:
 []

[42]
File: obrazky/zvetravani/laterit.jpg Graphic file (type bmp)
<obrazky/zvetravani/laterit.jpg>

Underfull \vbox (badness 5924) has occurred while \output is active []

 [43]
[44

])
Kapitola 7.
(text/svahy.tex
File: obrazky/slope/segmenty_svahu.pdf Graphic file (type pdf)
<use obrazky/slope/segmenty_svahu.pdf>
File: obrazky/slope/svah_napeti.pdf Graphic file (type pdf)
<use obrazky/slope/svah_napeti.pdf>


LaTeX Warning: `h' float specifier changed to `ht'.

[45


]
Underfull \hbox (badness 1371) in paragraph at lines 78--79
[]\TU/lmr/bx/n/10.95 Normálové napětí \TU/lmr/m/n/10.95 zvyšuje úhel vnitřního
 []

File: obrazky/slope/stability_diagram.pdf Graphic file (type pdf)
<use obrazky/slope/stability_diagram.pdf>

Underfull \hbox (badness 1221) in paragraph at lines 94--94
\TU/lmr/m/n/10.95 podporující nestabilitu svahu (upraveno podle
 []

File: obrazky/slope/time_stability.pdf Graphic file (type pdf)
<use obrazky/slope/time_stability.pdf>

LaTeX Warning: `h' float specifier changed to `ht'.


Underfull \hbox (badness 10000) in paragraph at lines 148--148
[]|\TU/lmr/m/n/10 Odkrytí potenciálních
 []


Underfull \hbox (badness 10000) in paragraph at lines 148--148
[]|\TU/lmr/m/n/10 Dlouhodobé zvyšování
 []


Underfull \hbox (badness 3646) in paragraph at lines 148--148
[]|\TU/lmr/m/n/10 Rychlý nárůst pórových
 []


Underfull \hbox (badness 10000) in paragraph at lines 148--148
[]|\TU/lmr/m/n/10 Rychlý pokles hladiny
 []


Underfull \hbox (badness 10000) in paragraph at lines 157--159
\TU/lmr/m/n/10.95 Gravitační svahové pohyby jsou způsobeny
 []

[46] [47]
File: obrazky/slope/landslide_type.pdf Graphic file (type pdf)
<use obrazky/slope/landslide_type.pdf>
 [48] [49]
File: obrazky/slope/rotacni.jpg Graphic file (type bmp)
<obrazky/slope/rotacni.jpg>

Underfull \hbox (badness 1769) in paragraph at lines 243--243
\TU/lmr/m/n/10.95 roku 2018 (autor: Ministerio de Defensa del
 []


Underfull \hbox (badness 10000) in paragraph at lines 243--243
\TU/lmr/m/n/10.95 Perú - []$[][][][][] [] [] [] [][][] [] [][][][][][] [] [][][
] [] [][][][][][] []
 []


Underfull \hbox (badness 10000) in paragraph at lines 243--243
[][][][][][][][][][][][][][][][][][][][][][][] [] [][][][][][][][][][][] [] [][
] []
 []

File: obrazky/slope/melke.jpg Graphic file (type bmp)
<obrazky/slope/melke.jpg>

Underfull \hbox (badness 1303) in paragraph at lines 259--260
\TU/lmr/m/n/10.95 vírání trhlin pouze horizontálním pohybem v
 []


Underfull \hbox (badness 2005) in paragraph at lines 267--268
\TU/lmr/bx/n/10.95 henní proudy \TU/lmr/m/n/10.95 (\TU/lmr/m/it/10.95 debris fl
ow\TU/lmr/m/n/10.95 ), také nazývané
 []

File: obrazky/slope/debris_flow.jpg Graphic file (type bmp)
<obrazky/slope/debris_flow.jpg>
[50] [51]
Underfull \hbox (badness 4479) in paragraph at lines 293--294
[]\TU/lmr/bx/n/10.95 Soliflukce \TU/lmr/m/n/10.95 označuje pomalé stékání činné

 []

File: obrazky/slope/sackung.pdf Graphic file (type pdf)
<use obrazky/slope/sackung.pdf>
[52]
File: obrazky/slope/hakovani.jpg Graphic file (type bmp)
<obrazky/slope/hakovani.jpg>

Underfull \hbox (badness 10000) in paragraph at lines 317--324
\TU/lmr/m/n/10.95 Do ploužení spadají dlouhodobé pomalé
 []


Underfull \hbox (badness 1389) in paragraph at lines 317--324
\TU/lmr/m/n/10.95 ($[] [][]$ až $[] [][]$). Hranice mezi pohy-
 []


Underfull \hbox (badness 1442) in paragraph at lines 357--357
[]|\TU/lmr/m/n/10.95 Rozvolnění svahu, roztrhání horských masivů, zdvojené
 []


Underfull \hbox (badness 6252) in paragraph at lines 357--357
[]|\TU/lmr/m/n/10.95 Sesouvání podél rotační
 []


Underfull \hbox (badness 4168) in paragraph at lines 357--357
[]|\TU/lmr/m/n/10.95 Sesouvání podél rovinné
 []


Underfull \hbox (badness 6236) in paragraph at lines 357--357
[]|\TU/lmr/m/n/10.95 Sesouvání podél složené
 []


Underfull \hbox (badness 1377) in paragraph at lines 357--357
[]|\TU/lmr/m/n/10.95 Stékání svahových ulože-
 []


Underfull \hbox (badness 1331) in paragraph at lines 364--364
|[]\TU/lmr/bx/n/12 Další klasifikace svahových po-
 []


Underfull \hbox (badness 10000) in paragraph at lines 381--381
|[]\TU/lmr/bx/n/14.4 Geomorfologické důsledky
 []

[53]
File: obrazky/slope/korup_toky.pdf Graphic file (type pdf)
<use obrazky/slope/korup_toky.pdf>


LaTeX Warning: `h' float specifier changed to `ht'.


Underfull \vbox (badness 1259) has occurred while \output is active []

 [54]
[55

] [56

])
Kapitola 8.
(text/fluvial.tex
File: obrazky/fluvial/fluv_system.pdf Graphic file (type pdf)
<use obrazky/fluvial/fluv_system.pdf>
File: obrazky/fluvial/laminar_turbul.pdf Graphic file (type pdf)
<use obrazky/fluvial/laminar_turbul.pdf>


LaTeX Warning: `h' float specifier changed to `ht'.

[57


]
Underfull \hbox (badness 3568) in paragraph at lines 94--95
[][]\TU/lmr/m/n/10.95 Manningův koeficient drsnosti [bezroz-
 []


LaTeX Warning: No positions in optional float specifier.
               Default added (so using `tbp') on input line 99.

[58] [59]
Underfull \hbox (badness 2970) in paragraph at lines 188--189
\TU/lmr/m/n/10.95 Aluviální koryta jsou charakteristická hlavně
 []

File: obrazky/fluvial/bank_erosion.pdf Graphic file (type pdf)
<use obrazky/fluvial/bank_erosion.pdf>
[60]
File: obrazky/fluvial/sily_klast.pdf Graphic file (type pdf)
<use obrazky/fluvial/sily_klast.pdf>
File: obrazky/fluvial/hjulstr.pdf Graphic file (type pdf)
<use obrazky/fluvial/hjulstr.pdf>
File: obrazky/fluvial/lanes_balance.jpg Graphic file (type bmp)
<obrazky/fluvial/lanes_balance.jpg>

Underfull \hbox (badness 1112) in paragraph at lines 241--242
\TU/lmr/m/n/10.95 nazýváme \TU/lmr/bx/n/10.95 plaveniny \TU/lmr/m/n/10.95 (\TU/
lmr/m/it/10.95 suspended load\TU/lmr/m/n/10.95 ). V ce-
 []

[61]
File: obrazky/fluvial/fluv_sed_trans.pdf Graphic file (type pdf)
<use obrazky/fluvial/fluv_sed_trans.pdf>

Underfull \hbox (badness 2894) in paragraph at lines 252--253
[]\TU/lmr/bx/n/10.95 Rozpuštěný materiál \TU/lmr/m/n/10.95 (\TU/lmr/m/it/10.95 
dissolved load\TU/lmr/m/n/10.95 ) je
 []


Underfull \hbox (badness 1824) in paragraph at lines 252--253
\TU/lmr/m/n/10.95 transportovaný v roztoku (např. ionty $[][][]$,
 []


Underfull \vbox (badness 10000) has occurred while \output is active []

 [62]
Underfull \vbox (badness 4120) has occurred while \output is active []

 [63]
File: obrazky/fluvial/mendry_sinusoita.pdf Graphic file (type pdf)
<use obrazky/fluvial/mendry_sinusoita.pdf>
File: obrazky/fluvial/divocici.jpg Graphic file (type bmp)
<obrazky/fluvial/divocici.jpg>


LaTeX Warning: `h' float specifier changed to `ht'.

[64]
File: obrazky/fluvial/typy_udoli.pdf Graphic file (type pdf)
<use obrazky/fluvial/typy_udoli.pdf>

Underfull \hbox (badness 1147) in paragraph at lines 363--364
[]\TU/lmr/m/n/10.95 Typickým tvarem vodních toků s písečným
 []

File: obrazky/fluvial/klast_klastr.pdf Graphic file (type pdf)
<use obrazky/fluvial/klast_klastr.pdf>
[65]
File: obrazky/fluvial/lavice.pdf Graphic file (type pdf)
<use obrazky/fluvial/lavice.pdf>


LaTeX Warning: Float too large for page by 0.43546pt on input line 381.

[66]
File: obrazky/fluvial/meander.jpg Graphic file (type bmp)
<obrazky/fluvial/meander.jpg>
File: obrazky/fluvial/Alluvial_fan.jpg Graphic file (type bmp)
<obrazky/fluvial/Alluvial_fan.jpg>
File: obrazky/fluvial/bajada.jpg Graphic file (type bmp)
<obrazky/fluvial/bajada.jpg>


LaTeX Warning: `h' float specifier changed to `ht'.

[67] [68

] [69

]) [70


]
Kapitola 9.
(text/povodi.tex
File: obrazky/fluvial/watershed_tilt.jpg Graphic file (type bmp)
<obrazky/fluvial/watershed_tilt.jpg>


LaTeX Warning: No positions in optional float specifier.
               Default added (so using `tbp') on input line 22.

File: obrazky/fluvial/rad_toku.pdf Graphic file (type pdf)
<use obrazky/fluvial/rad_toku.pdf>
[71] [72] [73

]) [74


]
Kapitola 10.
(text/kras.tex
Underfull \hbox (badness 1609) in paragraph at lines 6--7
[]\TU/lmr/m/n/10.95 následné vylučování rozpuštěných látek a
 []


Underfull \hbox (badness 2197) in paragraph at lines 24--25
\TU/lmr/m/n/10.95 vzrůstu teploty, poklesu atmosférického tlaku
 []

[75]
File: obrazky/karst/KarstterrainUSGS.jpg Graphic file (type bmp)
<obrazky/karst/KarstterrainUSGS.jpg>


LaTeX Warning: `h' float specifier changed to `ht'.


Underfull \hbox (badness 10000) in paragraph at lines 65--66
\TU/lmr/m/n/10.95 Nejmenší povrchovým tvarem jsou \TU/lmr/bx/n/10.95 škrapy
 []


Underfull \hbox (badness 5388) in paragraph at lines 65--66
\TU/lmr/m/n/10.95 vyhloubeniny. Pokud škrapy pokrývají větší
 []

File: obrazky/karst/skrapy1.jpg Graphic file (type bmp)
<obrazky/karst/skrapy1.jpg>

LaTeX Warning: `h' float specifier changed to `ht'.

File: obrazky/karst/doline.jpg Graphic file (type bmp)
<obrazky/karst/doline.jpg>

LaTeX Warning: `h' float specifier changed to `ht'.

File: obrazky/karst/Mexico_Cenotes.jpg Graphic file (type bmp)
<obrazky/karst/Mexico_Cenotes.jpg>

LaTeX Warning: `h' float specifier changed to `ht'.

[76] [77] [78

] [79

]) [80


]
Kapitola 11.
(text/glac.tex
File: obrazky/glac/komponenty_kryosfery.jpg Graphic file (type bmp)
<obrazky/glac/komponenty_kryosfery.jpg>
File: obrazky/glac/ledovec_mass_balance.pdf Graphic file (type pdf)
<use obrazky/glac/ledovec_mass_balance.pdf>
 [81] [82]
File: obrazky/glac/iceshelf.pdf Graphic file (type pdf)
<use obrazky/glac/iceshelf.pdf>


LaTeX Warning: `h' float specifier changed to `ht'.

File: obrazky/glac/flow_velocity.pdf Graphic file (type pdf)
<use obrazky/glac/flow_velocity.pdf>
File: obrazky/glac/ledovec_svyc.jpg Graphic file (type bmp)
<obrazky/glac/ledovec_svyc.jpg>
File: obrazky/glac/striace.jpg Graphic file (type bmp)
<obrazky/glac/striace.jpg>
File: obrazky/glac/oblik.pdf Graphic file (type pdf)
<use obrazky/glac/oblik.pdf>
[83]
File: obrazky/glac/matterhorn.jpg Graphic file (type bmp)
<obrazky/glac/matterhorn.jpg>
File: obrazky/glac/studena.jpg Graphic file (type bmp)
<obrazky/glac/studena.jpg>

Underfull \vbox (badness 10000) has occurred while \output is active []


Underfull \vbox (badness 2717) has occurred while \output is active []

 [84]
[85]
File: obrazky/glac/esker.jpg Graphic file (type bmp)
<obrazky/glac/esker.jpg>
 [86

] [87

] [88


])
Kapitola 12.
(text/periglac.tex
File: obrazky/periglac/permafrost_distr.jpg Graphic file (type bmp)
<obrazky/periglac/permafrost_distr.jpg>


LaTeX Warning: `h' float specifier changed to `ht'.


Underfull \hbox (badness 1189) in paragraph at lines 28--29
\TU/lmr/m/n/10.95 Takovýto permafrost nazýváme \TU/lmr/bx/n/10.95 epigenetický\
TU/lmr/m/n/10.95 .
 []

File: obrazky/periglac/talik.pdf Graphic file (type pdf)
<use obrazky/periglac/talik.pdf>

LaTeX Warning: `h' float specifier changed to `ht'.

[89


]
File: obrazky/periglac/aktivni_vrstva.pdf Graphic file (type pdf)
<use obrazky/periglac/aktivni_vrstva.pdf>


LaTeX Warning: `h' float specifier changed to `ht'.


Underfull \vbox (badness 4429) has occurred while \output is active []


Underfull \vbox (badness 3000) has occurred while \output is active []

 [90]
File: obrazky/periglac/kamenne_more.jpg Graphic file (type bmp)
<obrazky/periglac/kamenne_more.jpg>


LaTeX Warning: `h' float specifier changed to `ht'.

File: obrazky/periglac/jehlickovy_led.jpg Graphic file (type bmp)
<obrazky/periglac/jehlickovy_led.jpg>

LaTeX Warning: `h' float specifier changed to `ht'.

File: obrazky/periglac/soliflukce.jpg Graphic file (type bmp)
<obrazky/periglac/soliflukce.jpg>

LaTeX Warning: `h' float specifier changed to `ht'.

File: obrazky/periglac/soliflukcni_laloky.jpg Graphic file (type bmp)
<obrazky/periglac/soliflukcni_laloky.jpg>

LaTeX Warning: `h' float specifier changed to `ht'.


Underfull \hbox (badness 1629) in paragraph at lines 99--100
\TU/lmr/m/n/10.95 chází k intenzivní erozi vlivem mechanického
 []


Underfull \hbox (badness 1776) in paragraph at lines 99--100
\TU/lmr/m/n/10.95 sobení vody. Výsledkem je rychlé ustupování
 []


Underfull \hbox (badness 2689) in paragraph at lines 106--107
\TU/lmr/bx/n/10.95 Strukturní \TU/lmr/m/n/10.95 (kryogenní) půdy jsou specifick
é
 []

File: obrazky/periglac/polygony.jpg Graphic file (type bmp)
<obrazky/periglac/polygony.jpg>
File: obrazky/periglac/polygon.jpg Graphic file (type bmp)
<obrazky/periglac/polygon.jpg>

Underfull \hbox (badness 3138) in paragraph at lines 118--118
[]\TU/lmr/m/n/10.95 Obrázek 12.9: []Kamenné polygony, Špicberky
 []

File: obrazky/periglac/pingo_mackenzie.jpg Graphic file (type bmp)
<obrazky/periglac/pingo_mackenzie.jpg>

Underfull \hbox (badness 2818) in paragraph at lines 133--134
[]\TU/lmr/m/n/10.95 Degradací permafrostu vznikají různé \TU/lmr/bx/n/10.95 ter
-
 []

[91]
Underfull \vbox (badness 6094) has occurred while \output is active []

File: obrazky/periglac/alas.jpg Graphic file (type bmp)
<obrazky/periglac/alas.jpg>

Underfull \hbox (badness 1552) in paragraph at lines 142--143
\TU/lmr/m/n/10.95 vrchový odtok. \TU/lmr/bx/n/10.95 Nesouměrná (asymetrická)
 []


Underfull \vbox (badness 5802) has occurred while \output is active []

 [92]
File: obrazky/periglac/rock_glac.jpg Graphic file (type bmp)
<obrazky/periglac/rock_glac.jpg>
File: obrazky/periglac/protalus_rampart.pdf Graphic file (type pdf)
<use obrazky/periglac/protalus_rampart.pdf>

[93] [94] [95

]) [96


]
Kapitola 13.
(text/eolicka.tex
Underfull \hbox (badness 3098) in paragraph at lines 1--1
|[]\TU/lmr/bx/n/14.4 Vítr jako morfogenetický
 []

File: obrazky/eolicka/eol_transport.pdf Graphic file (type pdf)
<use obrazky/eolicka/eol_transport.pdf>
File: obrazky/eolicka/zdroje_prachu.jpg Graphic file (type bmp)
<obrazky/eolicka/zdroje_prachu.jpg>

Underfull \hbox (badness 7522) in paragraph at lines 48--49
[]\TU/lmr/m/n/10.95 Poslední, čtvrtý typ označovaný anglicky
 []

File: obrazky/eolicka/saltace_foto.png Graphic file (type bmp)
<obrazky/eolicka/saltace_foto.png>
File: obrazky/eolicka/ventifact_mojave.jpg Graphic file (type bmp)
<obrazky/eolicka/ventifact_mojave.jpg>

Underfull \vbox (badness 4954) has occurred while \output is active []

 [97]
[98]
Underfull \hbox (badness 3792) in paragraph at lines 72--73
[]\TU/lmr/bx/n/10.95 Jardangy \TU/lmr/m/n/10.95 (\TU/lmr/m/it/10.95 yardangs\TU
/lmr/m/n/10.95 ) jsou nízké, protáhlé
 []


Underfull \hbox (badness 1205) in paragraph at lines 76--77
\TU/lmr/m/n/10.95 délku okolo $\OT1/cmr/m/n/10.95 300$$[]$\TU/lmr/m/n/10.95 , š
ířku $\OT1/cmr/m/n/10.95 145$$[]$ \TU/lmr/m/n/10.95 a dosahuje
 []

File: obrazky/eolicka/typy_dun.pdf Graphic file (type pdf)
<use obrazky/eolicka/typy_dun.pdf>
[99]
File: obrazky/eolicka/linearniduny.jpg Graphic file (type bmp)
<obrazky/eolicka/linearniduny.jpg>
File: obrazky/eolicka/volne_duny.pdf Graphic file (type pdf)
<use obrazky/eolicka/volne_duny.pdf>

Underfull \hbox (badness 4279) in paragraph at lines 132--133
[]\TU/lmr/m/n/10.95 Před velkou topografickou bariérou (např.
 []

[100] [101]
File: obrazky/eolicka/loes_distr.jpg Graphic file (type bmp)
<obrazky/eolicka/loes_distr.jpg>

Overfull \hbox (993.00119pt too wide) has occurred while \output is active
[] []|[] []
 []

[102


] [103


]) [104


]
Kapitola 14.
(text/marinni.tex
File: obrazky/marine/pobrezi.pdf Graphic file (type pdf)
<use obrazky/marine/pobrezi.pdf>


LaTeX Warning: `h' float specifier changed to `ht'.

File: obrazky/marine/vlny.pdf Graphic file (type pdf)
<use obrazky/marine/vlny.pdf>

LaTeX Warning: `h' float specifier changed to `ht'.

File: obrazky/marine/vlny_transformace.pdf Graphic file (type pdf)
<use obrazky/marine/vlny_transformace.pdf>

LaTeX Warning: `h' float specifier changed to `ht'.

[105] [106]
Underfull \hbox (badness 1675) in paragraph at lines 68--69
[]\TU/lmr/m/n/10.95 Pobřežní erozi nazýváme souhrnně \TU/lmr/bx/n/10.95 abraze\
TU/lmr/m/n/10.95 .
 []

[107]
File: obrazky/marine/abrazni.jpg Graphic file (type bmp)
<obrazky/marine/abrazni.jpg>
File: obrazky/marine/apostolove.jpg Graphic file (type bmp)
<obrazky/marine/apostolove.jpg>


LaTeX Warning: `h' float specifier changed to `ht'.

File: obrazky/marine/utesy_terasy.pdf Graphic file (type pdf)
<use obrazky/marine/utesy_terasy.pdf>

Underfull \hbox (badness 1242) in paragraph at lines 103--103
[]\TU/lmr/m/n/10.95 Obrázek 14.6: []Možné podoby abrazních teras
 []


LaTeX Warning: `h' float specifier changed to `ht'.

File: obrazky/marine/kosa.jpg Graphic file (type bmp)
<obrazky/marine/kosa.jpg>

Overfull \hbox (3.0441pt too wide) in paragraph at lines 121--122
 [][]\TU/lmr/m/n/10.95 ] 
 []


LaTeX Warning: `h' float specifier changed to `ht'.

[108]
File: obrazky/marine/watty.jpg Graphic file (type bmp)
<obrazky/marine/watty.jpg>

Underfull \hbox (badness 10000) in paragraph at lines 142--143
[]\TU/lmr/m/n/10.95 Sedimentace dnových splavenin nastává
 []


Underfull \hbox (badness 2799) in paragraph at lines 142--143
\TU/lmr/m/n/10.95 okamžitě. Sedimentace plavenin (materiálu v
 []


Underfull \hbox (badness 1521) in paragraph at lines 142--143
\TU/lmr/m/n/10.95 velké množství splavenin, tak vytváří snadno
 []

File: obrazky/fluvial/gilbert_delta.pdf Graphic file (type pdf)
<use obrazky/fluvial/gilbert_delta.pdf>

LaTeX Warning: `h' float specifier changed to `ht'.

[109]
File: obrazky/fluvial/delty.pdf Graphic file (type pdf)
<use obrazky/fluvial/delty.pdf>


LaTeX Warning: `h' float specifier changed to `ht'.

File: obrazky/marine/estuary.jpg Graphic file (type bmp)
<obrazky/marine/estuary.jpg>

LaTeX Warning: `h' float specifier changed to `ht'.

File: obrazky/marine/atol.jpg Graphic file (type bmp)
<obrazky/marine/atol.jpg>

LaTeX Warning: `h' float specifier changed to `ht'.

File: obrazky/marine/fjord.jpg Graphic file (type bmp)
<obrazky/marine/fjord.jpg>

Underfull \hbox (badness 1762) in paragraph at lines 197--197
[]\TU/lmr/m/n/10.95 Obrázek 14.13: []Norské fjordy (Zdroj: Google
 []


LaTeX Warning: `h' float specifier changed to `ht'.

File: obrazky/marine/Limans.jpeg Graphic file (type bmp)
<obrazky/marine/Limans.jpeg>

LaTeX Warning: `h' float specifier changed to `ht'.

[110]
Underfull \vbox (badness 10000) has occurred while \output is active []


Underfull \vbox (badness 10000) has occurred while \output is active []

 [111]
[112] [113

]) [114



] [115] [116

] [117] [118] (zaklady_geomorfologie.aux)

LaTeX Warning: There were multiply-defined labels.

Package rerunfilecheck Info: File `zaklady_geomorfologie.out' has not changed.
(rerunfilecheck)             Checksum: 058243723EB5529D428AAAB33444211A;27519.
Package logreq Info: Writing requests to 'zaklady_geomorfologie.run.xml'.
\openout1 = `zaklady_geomorfologie.run.xml'.

 ) 
Here is how much of TeX's memory you used:
 41893 strings out of 410654
 884414 string characters out of 2816096
 1629057 words of memory out of 3000000
 62216 multiletter control sequences out of 15000+600000
 477687 words of font info for 83 fonts, out of 8000000 for 9000
 1348 hyphenation exceptions out of 8191
 99i,16n,96p,3206b,5645s stack positions out of 10000i,1000n,20000p,200000b,80000s

Output written on zaklady_geomorfologie.pdf (126 pages).
